<?xml version="1.0" encoding="UTF-8"?>
<coverage generated="1769665993821" clover="3.2.0">
  <project timestamp="1769665993821" name="All files">
    <metrics statements="985" coveredstatements="0" conditionals="573" coveredconditionals="0" methods="168" coveredmethods="0" elements="1726" coveredelements="0" complexity="0" loc="985" ncloc="985" packages="2" files="2" classes="2"/>
    <package name="api">
      <metrics statements="890" coveredstatements="0" conditionals="527" coveredconditionals="0" methods="149" coveredmethods="0"/>
      <file name="webhook.js" path="/Users/bhupesh/Desktop/expense-tracker/expense-bot/api/webhook.js">
        <metrics statements="890" coveredstatements="0" conditionals="527" coveredconditionals="0" methods="149" coveredmethods="0"/>
        <line num="5" count="0" type="stmt"/>
        <line num="6" count="0" type="stmt"/>
        <line num="7" count="0" type="stmt"/>
        <line num="9" count="0" type="stmt"/>
        <line num="11" count="0" type="stmt"/>
        <line num="18" count="0" type="stmt"/>
        <line num="19" count="0" type="stmt"/>
        <line num="25" count="0" type="cond" truecount="0" falsecount="2"/>
        <line num="26" count="0" type="stmt"/>
        <line num="29" count="0" type="stmt"/>
        <line num="35" count="0" type="stmt"/>
        <line num="37" count="0" type="stmt"/>
        <line num="38" count="0" type="stmt"/>
        <line num="44" count="0" type="stmt"/>
        <line num="50" count="0" type="stmt"/>
        <line num="54" count="0" type="cond" truecount="0" falsecount="2"/>
        <line num="55" count="0" type="stmt"/>
        <line num="56" count="0" type="stmt"/>
        <line num="67" count="0" type="stmt"/>
        <line num="76" count="0" type="stmt"/>
        <line num="77" count="0" type="cond" truecount="0" falsecount="2"/>
        <line num="78" count="0" type="stmt"/>
        <line num="85" count="0" type="stmt"/>
        <line num="88" count="0" type="stmt"/>
        <line num="89" count="0" type="stmt"/>
        <line num="90" count="0" type="stmt"/>
        <line num="91" count="0" type="stmt"/>
        <line num="92" count="0" type="stmt"/>
        <line num="95" count="0" type="stmt"/>
        <line num="96" count="0" type="stmt"/>
        <line num="98" count="0" type="cond" truecount="0" falsecount="2"/>
        <line num="99" count="0" type="stmt"/>
        <line num="100" count="0" type="stmt"/>
        <line num="101" count="0" type="stmt"/>
        <line num="102" count="0" type="cond" truecount="0" falsecount="2"/>
        <line num="103" count="0" type="stmt"/>
        <line num="104" count="0" type="cond" truecount="0" falsecount="2"/>
        <line num="105" count="0" type="stmt"/>
        <line num="106" count="0" type="stmt"/>
        <line num="107" count="0" type="stmt"/>
        <line num="110" count="0" type="stmt"/>
        <line num="111" count="0" type="stmt"/>
        <line num="112" count="0" type="stmt"/>
        <line num="115" count="0" type="stmt"/>
        <line num="116" count="0" type="stmt"/>
        <line num="117" count="0" type="stmt"/>
        <line num="118" count="0" type="stmt"/>
        <line num="120" count="0" type="stmt"/>
        <line num="121" count="0" type="stmt"/>
        <line num="122" count="0" type="stmt"/>
        <line num="124" count="0" type="stmt"/>
        <line num="125" count="0" type="cond" truecount="0" falsecount="2"/>
        <line num="126" count="0" type="stmt"/>
        <line num="128" count="0" type="cond" truecount="0" falsecount="2"/>
        <line num="129" count="0" type="stmt"/>
        <line num="131" count="0" type="stmt"/>
        <line num="133" count="0" type="cond" truecount="0" falsecount="2"/>
        <line num="134" count="0" type="stmt"/>
        <line num="135" count="0" type="cond" truecount="0" falsecount="2"/>
        <line num="136" count="0" type="stmt"/>
        <line num="137" count="0" type="cond" truecount="0" falsecount="2"/>
        <line num="138" count="0" type="stmt"/>
        <line num="140" count="0" type="stmt"/>
        <line num="145" count="0" type="stmt"/>
        <line num="147" count="0" type="cond" truecount="0" falsecount="2"/>
        <line num="148" count="0" type="stmt"/>
        <line num="151" count="0" type="cond" truecount="0" falsecount="2"/>
        <line num="152" count="0" type="stmt"/>
        <line num="155" count="0" type="cond" truecount="0" falsecount="2"/>
        <line num="156" count="0" type="stmt"/>
        <line num="159" count="0" type="cond" truecount="0" falsecount="2"/>
        <line num="160" count="0" type="stmt"/>
        <line num="163" count="0" type="cond" truecount="0" falsecount="2"/>
        <line num="165" count="0" type="stmt"/>
        <line num="166" count="0" type="cond" truecount="0" falsecount="2"/>
        <line num="167" count="0" type="cond" truecount="0" falsecount="2"/>
        <line num="168" count="0" type="cond" truecount="0" falsecount="2"/>
        <line num="170" count="0" type="stmt"/>
        <line num="171" count="0" type="stmt"/>
        <line num="172" count="0" type="stmt"/>
        <line num="173" count="0" type="stmt"/>
        <line num="174" count="0" type="stmt"/>
        <line num="175" count="0" type="cond" truecount="0" falsecount="2"/>
        <line num="177" count="0" type="stmt"/>
        <line num="179" count="0" type="stmt"/>
        <line num="192" count="0" type="cond" truecount="0" falsecount="4"/>
        <line num="194" count="0" type="stmt"/>
        <line num="234" count="0" type="stmt"/>
        <line num="241" count="0" type="stmt"/>
        <line num="248" count="0" type="stmt"/>
        <line num="252" count="0" type="stmt"/>
        <line num="257" count="0" type="cond" truecount="0" falsecount="2"/>
        <line num="258" count="0" type="stmt"/>
        <line num="259" count="0" type="stmt"/>
        <line num="262" count="0" type="stmt"/>
        <line num="263" count="0" type="cond" truecount="0" falsecount="4"/>
        <line num="266" count="0" type="cond" truecount="0" falsecount="2"/>
        <line num="267" count="0" type="stmt"/>
        <line num="270" count="0" type="stmt"/>
        <line num="275" count="0" type="stmt"/>
        <line num="280" count="0" type="cond" truecount="0" falsecount="2"/>
        <line num="281" count="0" type="stmt"/>
        <line num="285" count="0" type="cond" truecount="0" falsecount="2"/>
        <line num="286" count="0" type="stmt"/>
        <line num="287" count="0" type="stmt"/>
        <line num="293" count="0" type="cond" truecount="0" falsecount="2"/>
        <line num="294" count="0" type="stmt"/>
        <line num="295" count="0" type="stmt"/>
        <line num="297" count="0" type="stmt"/>
        <line num="301" count="0" type="stmt"/>
        <line num="306" count="0" type="cond" truecount="0" falsecount="2"/>
        <line num="307" count="0" type="stmt"/>
        <line num="308" count="0" type="stmt"/>
        <line num="311" count="0" type="cond" truecount="0" falsecount="2"/>
        <line num="326" count="0" type="cond" truecount="0" falsecount="2"/>
        <line num="328" count="0" type="stmt"/>
        <line num="329" count="0" type="stmt"/>
        <line num="342" count="0" type="cond" truecount="0" falsecount="2"/>
        <line num="343" count="0" type="stmt"/>
        <line num="344" count="0" type="stmt"/>
        <line num="349" count="0" type="stmt"/>
        <line num="350" count="0" type="cond" truecount="0" falsecount="2"/>
        <line num="351" count="0" type="cond" truecount="0" falsecount="2"/>
        <line num="352" count="0" type="cond" truecount="0" falsecount="2"/>
        <line num="353" count="0" type="cond" truecount="0" falsecount="2"/>
        <line num="354" count="0" type="cond" truecount="0" falsecount="2"/>
        <line num="356" count="0" type="stmt"/>
        <line num="361" count="0" type="cond" truecount="0" falsecount="2"/>
        <line num="362" count="0" type="stmt"/>
        <line num="363" count="0" type="stmt"/>
        <line num="369" count="0" type="stmt"/>
        <line num="375" count="0" type="cond" truecount="0" falsecount="2"/>
        <line num="376" count="0" type="stmt"/>
        <line num="377" count="0" type="stmt"/>
        <line num="382" count="0" type="stmt"/>
        <line num="387" count="0" type="cond" truecount="0" falsecount="2"/>
        <line num="388" count="0" type="stmt"/>
        <line num="389" count="0" type="stmt"/>
        <line num="392" count="0" type="cond" truecount="0" falsecount="2"/>
        <line num="401" count="0" type="cond" truecount="0" falsecount="2"/>
        <line num="403" count="0" type="stmt"/>
        <line num="404" count="0" type="stmt"/>
        <line num="412" count="0" type="cond" truecount="0" falsecount="2"/>
        <line num="413" count="0" type="stmt"/>
        <line num="414" count="0" type="stmt"/>
        <line num="419" count="0" type="stmt"/>
        <line num="420" count="0" type="cond" truecount="0" falsecount="2"/>
        <line num="421" count="0" type="cond" truecount="0" falsecount="2"/>
        <line num="422" count="0" type="cond" truecount="0" falsecount="2"/>
        <line num="424" count="0" type="stmt"/>
        <line num="429" count="0" type="cond" truecount="0" falsecount="2"/>
        <line num="430" count="0" type="stmt"/>
        <line num="431" count="0" type="stmt"/>
        <line num="437" count="0" type="stmt"/>
        <line num="442" count="0" type="cond" truecount="0" falsecount="2"/>
        <line num="443" count="0" type="stmt"/>
        <line num="444" count="0" type="stmt"/>
        <line num="449" count="0" type="stmt"/>
        <line num="454" count="0" type="cond" truecount="0" falsecount="2"/>
        <line num="455" count="0" type="stmt"/>
        <line num="456" count="0" type="stmt"/>
        <line num="459" count="0" type="cond" truecount="0" falsecount="2"/>
        <line num="468" count="0" type="cond" truecount="0" falsecount="2"/>
        <line num="470" count="0" type="stmt"/>
        <line num="471" count="0" type="stmt"/>
        <line num="480" count="0" type="cond" truecount="0" falsecount="2"/>
        <line num="481" count="0" type="stmt"/>
        <line num="482" count="0" type="stmt"/>
        <line num="487" count="0" type="stmt"/>
        <line num="488" count="0" type="cond" truecount="0" falsecount="2"/>
        <line num="489" count="0" type="cond" truecount="0" falsecount="2"/>
        <line num="490" count="0" type="stmt"/>
        <line num="491" count="0" type="cond" truecount="0" falsecount="2"/>
        <line num="492" count="0" type="stmt"/>
        <line num="494" count="0" type="stmt"/>
        <line num="498" count="0" type="cond" truecount="0" falsecount="2"/>
        <line num="499" count="0" type="stmt"/>
        <line num="500" count="0" type="stmt"/>
        <line num="505" count="0" type="stmt"/>
        <line num="510" count="0" type="cond" truecount="0" falsecount="2"/>
        <line num="511" count="0" type="stmt"/>
        <line num="512" count="0" type="stmt"/>
        <line num="519" count="0" type="stmt"/>
        <line num="520" count="0" type="stmt"/>
        <line num="522" count="0" type="cond" truecount="0" falsecount="2"/>
        <line num="525" count="0" type="cond" truecount="0" falsecount="2"/>
        <line num="526" count="0" type="cond" truecount="0" falsecount="2"/>
        <line num="527" count="0" type="stmt"/>
        <line num="529" count="0" type="stmt"/>
        <line num="533" count="0" type="cond" truecount="0" falsecount="3"/>
        <line num="534" count="0" type="stmt"/>
        <line num="537" count="0" type="stmt"/>
        <line num="538" count="0" type="stmt"/>
        <line num="539" count="0" type="stmt"/>
        <line num="540" count="0" type="stmt"/>
        <line num="543" count="0" type="stmt"/>
        <line num="546" count="0" type="stmt"/>
        <line num="555" count="0" type="stmt"/>
        <line num="575" count="0" type="cond" truecount="0" falsecount="2"/>
        <line num="576" count="0" type="stmt"/>
        <line num="577" count="0" type="cond" truecount="0" falsecount="2"/>
        <line num="579" count="0" type="cond" truecount="0" falsecount="2"/>
        <line num="580" count="0" type="stmt"/>
        <line num="587" count="0" type="stmt"/>
        <line num="588" count="0" type="stmt"/>
        <line num="589" count="0" type="stmt"/>
        <line num="593" count="0" type="cond" truecount="0" falsecount="2"/>
        <line num="594" count="0" type="stmt"/>
        <line num="597" count="0" type="stmt"/>
        <line num="600" count="0" type="stmt"/>
        <line num="601" count="0" type="cond" truecount="0" falsecount="3"/>
        <line num="606" count="0" type="cond" truecount="0" falsecount="2"/>
        <line num="608" count="0" type="stmt"/>
        <line num="612" count="0" type="stmt"/>
        <line num="613" count="0" type="stmt"/>
        <line num="615" count="0" type="cond" truecount="0" falsecount="4"/>
        <line num="616" count="0" type="stmt"/>
        <line num="617" count="0" type="cond" truecount="0" falsecount="4"/>
        <line num="618" count="0" type="stmt"/>
        <line num="619" count="0" type="cond" truecount="0" falsecount="4"/>
        <line num="620" count="0" type="stmt"/>
        <line num="623" count="0" type="cond" truecount="0" falsecount="2"/>
        <line num="624" count="0" type="stmt"/>
        <line num="628" count="0" type="stmt"/>
        <line num="635" count="0" type="stmt"/>
        <line num="637" count="0" type="cond" truecount="0" falsecount="4"/>
        <line num="638" count="0" type="stmt"/>
        <line num="641" count="0" type="stmt"/>
        <line num="659" count="0" type="stmt"/>
        <line num="664" count="0" type="stmt"/>
        <line num="665" count="0" type="stmt"/>
        <line num="668" count="0" type="stmt"/>
        <line num="669" count="0" type="stmt"/>
        <line num="670" count="0" type="cond" truecount="0" falsecount="2"/>
        <line num="671" count="0" type="stmt"/>
        <line num="672" count="0" type="stmt"/>
        <line num="673" count="0" type="stmt"/>
        <line num="674" count="0" type="stmt"/>
        <line num="678" count="0" type="stmt"/>
        <line num="679" count="0" type="stmt"/>
        <line num="680" count="0" type="cond" truecount="0" falsecount="2"/>
        <line num="681" count="0" type="stmt"/>
        <line num="682" count="0" type="stmt"/>
        <line num="683" count="0" type="stmt"/>
        <line num="684" count="0" type="stmt"/>
        <line num="688" count="0" type="stmt"/>
        <line num="689" count="0" type="stmt"/>
        <line num="690" count="0" type="cond" truecount="0" falsecount="2"/>
        <line num="691" count="0" type="stmt"/>
        <line num="692" count="0" type="stmt"/>
        <line num="693" count="0" type="stmt"/>
        <line num="697" count="0" type="stmt"/>
        <line num="698" count="0" type="stmt"/>
        <line num="699" count="0" type="cond" truecount="0" falsecount="2"/>
        <line num="700" count="0" type="stmt"/>
        <line num="701" count="0" type="stmt"/>
        <line num="702" count="0" type="stmt"/>
        <line num="706" count="0" type="stmt"/>
        <line num="707" count="0" type="stmt"/>
        <line num="708" count="0" type="cond" truecount="0" falsecount="2"/>
        <line num="709" count="0" type="stmt"/>
        <line num="710" count="0" type="stmt"/>
        <line num="711" count="0" type="stmt"/>
        <line num="715" count="0" type="stmt"/>
        <line num="716" count="0" type="stmt"/>
        <line num="717" count="0" type="cond" truecount="0" falsecount="2"/>
        <line num="718" count="0" type="stmt"/>
        <line num="721" count="0" type="stmt"/>
        <line num="722" count="0" type="stmt"/>
        <line num="725" count="0" type="cond" truecount="0" falsecount="4"/>
        <line num="726" count="0" type="stmt"/>
        <line num="729" count="0" type="cond" truecount="0" falsecount="4"/>
        <line num="730" count="0" type="stmt"/>
        <line num="733" count="0" type="stmt"/>
        <line num="737" count="0" type="stmt"/>
        <line num="738" count="0" type="cond" truecount="0" falsecount="2"/>
        <line num="739" count="0" type="stmt"/>
        <line num="740" count="0" type="stmt"/>
        <line num="743" count="0" type="stmt"/>
        <line num="749" count="0" type="cond" truecount="0" falsecount="2"/>
        <line num="750" count="0" type="stmt"/>
        <line num="754" count="0" type="stmt"/>
        <line num="760" count="0" type="stmt"/>
        <line num="761" count="0" type="stmt"/>
        <line num="762" count="0" type="stmt"/>
        <line num="766" count="0" type="stmt"/>
        <line num="767" count="0" type="cond" truecount="0" falsecount="6"/>
        <line num="775" count="0" type="stmt"/>
        <line num="777" count="0" type="stmt"/>
        <line num="778" count="0" type="stmt"/>
        <line num="779" count="0" type="stmt"/>
        <line num="781" count="0" type="stmt"/>
        <line num="782" count="0" type="stmt"/>
        <line num="783" count="0" type="cond" truecount="0" falsecount="2"/>
        <line num="784" count="0" type="stmt"/>
        <line num="788" count="0" type="stmt"/>
        <line num="790" count="0" type="stmt"/>
        <line num="795" count="0" type="stmt"/>
        <line num="796" count="0" type="stmt"/>
        <line num="797" count="0" type="cond" truecount="0" falsecount="2"/>
        <line num="798" count="0" type="stmt"/>
        <line num="799" count="0" type="cond" truecount="0" falsecount="2"/>
        <line num="800" count="0" type="stmt"/>
        <line num="804" count="0" type="stmt"/>
        <line num="805" count="0" type="stmt"/>
        <line num="811" count="0" type="stmt"/>
        <line num="812" count="0" type="stmt"/>
        <line num="813" count="0" type="cond" truecount="0" falsecount="2"/>
        <line num="814" count="0" type="stmt"/>
        <line num="815" count="0" type="stmt"/>
        <line num="817" count="0" type="stmt"/>
        <line num="818" count="0" type="stmt"/>
        <line num="819" count="0" type="cond" truecount="0" falsecount="2"/>
        <line num="820" count="0" type="stmt"/>
        <line num="824" count="0" type="stmt"/>
        <line num="825" count="0" type="stmt"/>
        <line num="831" count="0" type="stmt"/>
        <line num="832" count="0" type="stmt"/>
        <line num="833" count="0" type="cond" truecount="0" falsecount="2"/>
        <line num="834" count="0" type="stmt"/>
        <line num="835" count="0" type="cond" truecount="0" falsecount="2"/>
        <line num="836" count="0" type="stmt"/>
        <line num="840" count="0" type="stmt"/>
        <line num="841" count="0" type="stmt"/>
        <line num="847" count="0" type="stmt"/>
        <line num="848" count="0" type="stmt"/>
        <line num="849" count="0" type="cond" truecount="0" falsecount="2"/>
        <line num="850" count="0" type="stmt"/>
        <line num="851" count="0" type="stmt"/>
        <line num="853" count="0" type="stmt"/>
        <line num="854" count="0" type="stmt"/>
        <line num="856" count="0" type="stmt"/>
        <line num="857" count="0" type="stmt"/>
        <line num="858" count="0" type="cond" truecount="0" falsecount="2"/>
        <line num="859" count="0" type="stmt"/>
        <line num="860" count="0" type="stmt"/>
        <line num="863" count="0" type="stmt"/>
        <line num="869" count="0" type="stmt"/>
        <line num="870" count="0" type="stmt"/>
        <line num="871" count="0" type="stmt"/>
        <line num="872" count="0" type="stmt"/>
        <line num="874" count="0" type="cond" truecount="0" falsecount="4"/>
        <line num="875" count="0" type="cond" truecount="0" falsecount="2"/>
        <line num="876" count="0" type="stmt"/>
        <line num="878" count="0" type="stmt"/>
        <line num="880" count="0" type="cond" truecount="0" falsecount="4"/>
        <line num="881" count="0" type="stmt"/>
        <line num="885" count="0" type="stmt"/>
        <line num="891" count="0" type="stmt"/>
        <line num="897" count="0" type="cond" truecount="0" falsecount="2"/>
        <line num="898" count="0" type="stmt"/>
        <line num="899" count="0" type="stmt"/>
        <line num="902" count="0" type="stmt"/>
        <line num="903" count="0" type="stmt"/>
        <line num="904" count="0" type="stmt"/>
        <line num="905" count="0" type="stmt"/>
        <line num="906" count="0" type="stmt"/>
        <line num="909" count="0" type="stmt"/>
        <line num="912" count="0" type="stmt"/>
        <line num="913" count="0" type="cond" truecount="0" falsecount="2"/>
        <line num="914" count="0" type="stmt"/>
        <line num="921" count="0" type="stmt"/>
        <line num="924" count="0" type="stmt"/>
        <line num="925" count="0" type="cond" truecount="0" falsecount="2"/>
        <line num="929" count="0" type="stmt"/>
        <line num="930" count="0" type="stmt"/>
        <line num="931" count="0" type="stmt"/>
        <line num="933" count="0" type="stmt"/>
        <line num="934" count="0" type="stmt"/>
        <line num="935" count="0" type="stmt"/>
        <line num="937" count="0" type="stmt"/>
        <line num="938" count="0" type="stmt"/>
        <line num="939" count="0" type="stmt"/>
        <line num="942" count="0" type="cond" truecount="0" falsecount="2"/>
        <line num="943" count="0" type="cond" truecount="0" falsecount="2"/>
        <line num="944" count="0" type="cond" truecount="0" falsecount="2"/>
        <line num="946" count="0" type="stmt"/>
        <line num="962" count="0" type="stmt"/>
        <line num="964" count="0" type="cond" truecount="0" falsecount="2"/>
        <line num="965" count="0" type="stmt"/>
        <line num="969" count="0" type="stmt"/>
        <line num="970" count="0" type="stmt"/>
        <line num="972" count="0" type="cond" truecount="0" falsecount="4"/>
        <line num="973" count="0" type="stmt"/>
        <line num="976" count="0" type="stmt"/>
        <line num="978" count="0" type="stmt"/>
        <line num="979" count="0" type="cond" truecount="0" falsecount="2"/>
        <line num="980" count="0" type="stmt"/>
        <line num="982" count="0" type="stmt"/>
        <line num="983" count="0" type="cond" truecount="0" falsecount="2"/>
        <line num="984" count="0" type="cond" truecount="0" falsecount="2"/>
        <line num="985" count="0" type="stmt"/>
        <line num="988" count="0" type="stmt"/>
        <line num="995" count="0" type="cond" truecount="0" falsecount="2"/>
        <line num="996" count="0" type="stmt"/>
        <line num="1000" count="0" type="stmt"/>
        <line num="1003" count="0" type="stmt"/>
        <line num="1007" count="0" type="cond" truecount="0" falsecount="2"/>
        <line num="1008" count="0" type="stmt"/>
        <line num="1009" count="0" type="cond" truecount="0" falsecount="2"/>
        <line num="1010" count="0" type="stmt"/>
        <line num="1017" count="0" type="stmt"/>
        <line num="1020" count="0" type="stmt"/>
        <line num="1021" count="0" type="stmt"/>
        <line num="1022" count="0" type="stmt"/>
        <line num="1024" count="0" type="stmt"/>
        <line num="1025" count="0" type="stmt"/>
        <line num="1029" count="0" type="stmt"/>
        <line num="1034" count="0" type="cond" truecount="0" falsecount="2"/>
        <line num="1035" count="0" type="stmt"/>
        <line num="1036" count="0" type="cond" truecount="0" falsecount="2"/>
        <line num="1037" count="0" type="stmt"/>
        <line num="1044" count="0" type="stmt"/>
        <line num="1047" count="0" type="stmt"/>
        <line num="1048" count="0" type="stmt"/>
        <line num="1050" count="0" type="cond" truecount="0" falsecount="4"/>
        <line num="1051" count="0" type="stmt"/>
        <line num="1057" count="0" type="stmt"/>
        <line num="1060" count="0" type="cond" truecount="0" falsecount="2"/>
        <line num="1061" count="0" type="stmt"/>
        <line num="1068" count="0" type="stmt"/>
        <line num="1071" count="0" type="stmt"/>
        <line num="1072" count="0" type="stmt"/>
        <line num="1074" count="0" type="stmt"/>
        <line num="1075" count="0" type="stmt"/>
        <line num="1080" count="0" type="cond" truecount="0" falsecount="2"/>
        <line num="1081" count="0" type="stmt"/>
        <line num="1082" count="0" type="cond" truecount="0" falsecount="2"/>
        <line num="1083" count="0" type="stmt"/>
        <line num="1090" count="0" type="stmt"/>
        <line num="1093" count="0" type="stmt"/>
        <line num="1094" count="0" type="stmt"/>
        <line num="1096" count="0" type="cond" truecount="0" falsecount="4"/>
        <line num="1097" count="0" type="stmt"/>
        <line num="1103" count="0" type="stmt"/>
        <line num="1106" count="0" type="cond" truecount="0" falsecount="2"/>
        <line num="1107" count="0" type="stmt"/>
        <line num="1114" count="0" type="stmt"/>
        <line num="1117" count="0" type="stmt"/>
        <line num="1118" count="0" type="stmt"/>
        <line num="1119" count="0" type="stmt"/>
        <line num="1121" count="0" type="stmt"/>
        <line num="1128" count="0" type="stmt"/>
        <line num="1133" count="0" type="cond" truecount="0" falsecount="2"/>
        <line num="1134" count="0" type="stmt"/>
        <line num="1135" count="0" type="cond" truecount="0" falsecount="2"/>
        <line num="1136" count="0" type="stmt"/>
        <line num="1143" count="0" type="stmt"/>
        <line num="1146" count="0" type="stmt"/>
        <line num="1149" count="0" type="cond" truecount="0" falsecount="2"/>
        <line num="1150" count="0" type="stmt"/>
        <line num="1156" count="0" type="stmt"/>
        <line num="1159" count="0" type="cond" truecount="0" falsecount="2"/>
        <line num="1160" count="0" type="stmt"/>
        <line num="1167" count="0" type="stmt"/>
        <line num="1171" count="0" type="stmt"/>
        <line num="1173" count="0" type="cond" truecount="0" falsecount="2"/>
        <line num="1174" count="0" type="stmt"/>
        <line num="1185" count="0" type="stmt"/>
        <line num="1189" count="0" type="stmt"/>
        <line num="1194" count="0" type="cond" truecount="0" falsecount="2"/>
        <line num="1195" count="0" type="stmt"/>
        <line num="1196" count="0" type="stmt"/>
        <line num="1202" count="0" type="stmt"/>
        <line num="1205" count="0" type="stmt"/>
        <line num="1206" count="0" type="stmt"/>
        <line num="1211" count="0" type="cond" truecount="0" falsecount="2"/>
        <line num="1212" count="0" type="cond" truecount="0" falsecount="2"/>
        <line num="1213" count="0" type="stmt"/>
        <line num="1219" count="0" type="stmt"/>
        <line num="1222" count="0" type="stmt"/>
        <line num="1223" count="0" type="cond" truecount="0" falsecount="3"/>
        <line num="1224" count="0" type="stmt"/>
        <line num="1226" count="0" type="stmt"/>
        <line num="1227" count="0" type="stmt"/>
        <line num="1229" count="0" type="stmt"/>
        <line num="1233" count="0" type="stmt"/>
        <line num="1238" count="0" type="cond" truecount="0" falsecount="2"/>
        <line num="1239" count="0" type="stmt"/>
        <line num="1240" count="0" type="cond" truecount="0" falsecount="2"/>
        <line num="1241" count="0" type="stmt"/>
        <line num="1248" count="0" type="stmt"/>
        <line num="1251" count="0" type="stmt"/>
        <line num="1252" count="0" type="stmt"/>
        <line num="1254" count="0" type="cond" truecount="0" falsecount="2"/>
        <line num="1255" count="0" type="stmt"/>
        <line num="1261" count="0" type="stmt"/>
        <line num="1265" count="0" type="stmt"/>
        <line num="1275" count="0" type="stmt"/>
        <line num="1284" count="0" type="stmt"/>
        <line num="1288" count="0" type="stmt"/>
        <line num="1293" count="0" type="cond" truecount="0" falsecount="2"/>
        <line num="1294" count="0" type="stmt"/>
        <line num="1295" count="0" type="cond" truecount="0" falsecount="2"/>
        <line num="1296" count="0" type="stmt"/>
        <line num="1303" count="0" type="stmt"/>
        <line num="1306" count="0" type="stmt"/>
        <line num="1307" count="0" type="stmt"/>
        <line num="1309" count="0" type="stmt"/>
        <line num="1310" count="0" type="cond" truecount="0" falsecount="2"/>
        <line num="1311" count="0" type="stmt"/>
        <line num="1318" count="0" type="stmt"/>
        <line num="1321" count="0" type="stmt"/>
        <line num="1323" count="0" type="stmt"/>
        <line num="1330" count="0" type="stmt"/>
        <line num="1335" count="0" type="cond" truecount="0" falsecount="2"/>
        <line num="1336" count="0" type="stmt"/>
        <line num="1337" count="0" type="cond" truecount="0" falsecount="2"/>
        <line num="1338" count="0" type="stmt"/>
        <line num="1344" count="0" type="stmt"/>
        <line num="1348" count="0" type="stmt"/>
        <line num="1349" count="0" type="stmt"/>
        <line num="1350" count="0" type="stmt"/>
        <line num="1351" count="0" type="stmt"/>
        <line num="1352" count="0" type="stmt"/>
        <line num="1354" count="0" type="stmt"/>
        <line num="1355" count="0" type="stmt"/>
        <line num="1356" count="0" type="stmt"/>
        <line num="1357" count="0" type="stmt"/>
        <line num="1358" count="0" type="stmt"/>
        <line num="1359" count="0" type="stmt"/>
        <line num="1360" count="0" type="cond" truecount="0" falsecount="2"/>
        <line num="1362" count="0" type="cond" truecount="0" falsecount="2"/>
        <line num="1363" count="0" type="stmt"/>
        <line num="1366" count="0" type="cond" truecount="0" falsecount="2"/>
        <line num="1367" count="0" type="stmt"/>
        <line num="1368" count="0" type="stmt"/>
        <line num="1369" count="0" type="stmt"/>
        <line num="1374" count="0" type="cond" truecount="0" falsecount="2"/>
        <line num="1375" count="0" type="cond" truecount="0" falsecount="2"/>
        <line num="1376" count="0" type="stmt"/>
        <line num="1382" count="0" type="stmt"/>
        <line num="1386" count="0" type="cond" truecount="0" falsecount="2"/>
        <line num="1388" count="0" type="cond" truecount="0" falsecount="2"/>
        <line num="1389" count="0" type="stmt"/>
        <line num="1395" count="0" type="stmt"/>
        <line num="1399" count="0" type="stmt"/>
        <line num="1400" count="0" type="stmt"/>
        <line num="1401" count="0" type="stmt"/>
        <line num="1404" count="0" type="stmt"/>
        <line num="1405" count="0" type="cond" truecount="0" falsecount="2"/>
        <line num="1406" count="0" type="stmt"/>
        <line num="1410" count="0" type="stmt"/>
        <line num="1411" count="0" type="stmt"/>
        <line num="1414" count="0" type="stmt"/>
        <line num="1417" count="0" type="stmt"/>
        <line num="1418" count="0" type="stmt"/>
        <line num="1419" count="0" type="stmt"/>
        <line num="1423" count="0" type="stmt"/>
        <line num="1424" count="0" type="stmt"/>
        <line num="1426" count="0" type="stmt"/>
        <line num="1427" count="0" type="cond" truecount="0" falsecount="2"/>
        <line num="1428" count="0" type="stmt"/>
        <line num="1429" count="0" type="cond" truecount="0" falsecount="2"/>
        <line num="1430" count="0" type="stmt"/>
        <line num="1434" count="0" type="cond" truecount="0" falsecount="4"/>
        <line num="1435" count="0" type="stmt"/>
        <line num="1442" count="0" type="stmt"/>
        <line num="1446" count="0" type="stmt"/>
        <line num="1447" count="0" type="stmt"/>
        <line num="1448" count="0" type="stmt"/>
        <line num="1450" count="0" type="stmt"/>
        <line num="1451" count="0" type="stmt"/>
        <line num="1452" count="0" type="cond" truecount="0" falsecount="2"/>
        <line num="1453" count="0" type="stmt"/>
        <line num="1454" count="0" type="stmt"/>
        <line num="1455" count="0" type="stmt"/>
        <line num="1458" count="0" type="cond" truecount="0" falsecount="2"/>
        <line num="1461" count="0" type="cond" truecount="0" falsecount="2"/>
        <line num="1464" count="0" type="stmt"/>
        <line num="1468" count="0" type="stmt"/>
        <line num="1469" count="0" type="stmt"/>
        <line num="1471" count="0" type="cond" truecount="0" falsecount="2"/>
        <line num="1472" count="0" type="cond" truecount="0" falsecount="2"/>
        <line num="1475" count="0" type="stmt"/>
        <line num="1482" count="0" type="stmt"/>
        <line num="1483" count="0" type="stmt"/>
        <line num="1488" count="0" type="cond" truecount="0" falsecount="2"/>
        <line num="1489" count="0" type="stmt"/>
        <line num="1490" count="0" type="stmt"/>
        <line num="1493" count="0" type="cond" truecount="0" falsecount="2"/>
        <line num="1494" count="0" type="stmt"/>
        <line num="1500" count="0" type="stmt"/>
        <line num="1503" count="0" type="cond" truecount="0" falsecount="2"/>
        <line num="1504" count="0" type="stmt"/>
        <line num="1511" count="0" type="stmt"/>
        <line num="1515" count="0" type="stmt"/>
        <line num="1522" count="0" type="stmt"/>
        <line num="1523" count="0" type="stmt"/>
        <line num="1525" count="0" type="cond" truecount="0" falsecount="2"/>
        <line num="1527" count="0" type="stmt"/>
        <line num="1530" count="0" type="stmt"/>
        <line num="1532" count="0" type="stmt"/>
        <line num="1542" count="0" type="stmt"/>
        <line num="1543" count="0" type="stmt"/>
        <line num="1545" count="0" type="stmt"/>
        <line num="1554" count="0" type="stmt"/>
        <line num="1559" count="0" type="cond" truecount="0" falsecount="2"/>
        <line num="1560" count="0" type="stmt"/>
        <line num="1561" count="0" type="cond" truecount="0" falsecount="4"/>
        <line num="1562" count="0" type="stmt"/>
        <line num="1568" count="0" type="stmt"/>
        <line num="1571" count="0" type="stmt"/>
        <line num="1572" count="0" type="stmt"/>
        <line num="1573" count="0" type="cond" truecount="0" falsecount="2"/>
        <line num="1576" count="0" type="cond" truecount="0" falsecount="2"/>
        <line num="1577" count="0" type="stmt"/>
        <line num="1583" count="0" type="stmt"/>
        <line num="1587" count="0" type="stmt"/>
        <line num="1589" count="0" type="stmt"/>
        <line num="1597" count="0" type="stmt"/>
        <line num="1601" count="0" type="cond" truecount="0" falsecount="2"/>
        <line num="1602" count="0" type="stmt"/>
        <line num="1604" count="0" type="cond" truecount="0" falsecount="2"/>
        <line num="1605" count="0" type="stmt"/>
        <line num="1609" count="0" type="stmt"/>
        <line num="1612" count="0" type="stmt"/>
        <line num="1613" count="0" type="cond" truecount="0" falsecount="2"/>
        <line num="1614" count="0" type="stmt"/>
        <line num="1622" count="0" type="cond" truecount="0" falsecount="2"/>
        <line num="1623" count="0" type="stmt"/>
        <line num="1624" count="0" type="stmt"/>
        <line num="1627" count="0" type="stmt"/>
        <line num="1628" count="0" type="stmt"/>
        <line num="1634" count="0" type="cond" truecount="0" falsecount="2"/>
        <line num="1636" count="0" type="cond" truecount="0" falsecount="2"/>
        <line num="1637" count="0" type="stmt"/>
        <line num="1639" count="0" type="stmt"/>
        <line num="1640" count="0" type="stmt"/>
        <line num="1643" count="0" type="cond" truecount="0" falsecount="2"/>
        <line num="1644" count="0" type="stmt"/>
        <line num="1648" count="0" type="stmt"/>
        <line num="1652" count="0" type="cond" truecount="0" falsecount="2"/>
        <line num="1653" count="0" type="stmt"/>
        <line num="1654" count="0" type="cond" truecount="0" falsecount="2"/>
        <line num="1657" count="0" type="stmt"/>
        <line num="1658" count="0" type="stmt"/>
        <line num="1659" count="0" type="stmt"/>
        <line num="1662" count="0" type="cond" truecount="0" falsecount="2"/>
        <line num="1663" count="0" type="stmt"/>
        <line num="1664" count="0" type="stmt"/>
        <line num="1667" count="0" type="stmt"/>
        <line num="1668" count="0" type="stmt"/>
        <line num="1676" count="0" type="cond" truecount="0" falsecount="2"/>
        <line num="1678" count="0" type="cond" truecount="0" falsecount="2"/>
        <line num="1679" count="0" type="stmt"/>
        <line num="1681" count="0" type="stmt"/>
        <line num="1682" count="0" type="stmt"/>
        <line num="1684" count="0" type="stmt"/>
        <line num="1688" count="0" type="stmt"/>
        <line num="1694" count="0" type="cond" truecount="0" falsecount="2"/>
        <line num="1696" count="0" type="stmt"/>
        <line num="1698" count="0" type="cond" truecount="0" falsecount="2"/>
        <line num="1700" count="0" type="stmt"/>
        <line num="1703" count="0" type="cond" truecount="0" falsecount="4"/>
        <line num="1704" count="0" type="stmt"/>
        <line num="1708" count="0" type="stmt"/>
        <line num="1712" count="0" type="stmt"/>
        <line num="1713" count="0" type="stmt"/>
        <line num="1715" count="0" type="cond" truecount="0" falsecount="2"/>
        <line num="1717" count="0" type="stmt"/>
        <line num="1718" count="0" type="stmt"/>
        <line num="1719" count="0" type="cond" truecount="0" falsecount="2"/>
        <line num="1721" count="0" type="stmt"/>
        <line num="1722" count="0" type="stmt"/>
        <line num="1723" count="0" type="cond" truecount="0" falsecount="2"/>
        <line num="1725" count="0" type="stmt"/>
        <line num="1726" count="0" type="stmt"/>
        <line num="1730" count="0" type="stmt"/>
        <line num="1744" count="0" type="stmt"/>
        <line num="1747" count="0" type="stmt"/>
        <line num="1750" count="0" type="stmt"/>
        <line num="1757" count="0" type="stmt"/>
        <line num="1758" count="0" type="cond" truecount="0" falsecount="2"/>
        <line num="1759" count="0" type="cond" truecount="0" falsecount="2"/>
        <line num="1760" count="0" type="stmt"/>
        <line num="1761" count="0" type="stmt"/>
        <line num="1762" count="0" type="cond" truecount="0" falsecount="2"/>
        <line num="1763" count="0" type="cond" truecount="0" falsecount="2"/>
        <line num="1764" count="0" type="stmt"/>
        <line num="1765" count="0" type="stmt"/>
        <line num="1766" count="0" type="cond" truecount="0" falsecount="2"/>
        <line num="1767" count="0" type="stmt"/>
        <line num="1768" count="0" type="cond" truecount="0" falsecount="2"/>
        <line num="1769" count="0" type="stmt"/>
        <line num="1770" count="0" type="stmt"/>
        <line num="1771" count="0" type="cond" truecount="0" falsecount="2"/>
        <line num="1772" count="0" type="stmt"/>
        <line num="1775" count="0" type="stmt"/>
        <line num="1776" count="0" type="stmt"/>
        <line num="1777" count="0" type="stmt"/>
        <line num="1779" count="0" type="stmt"/>
        <line num="1780" count="0" type="stmt"/>
        <line num="1784" count="0" type="stmt"/>
        <line num="1786" count="0" type="cond" truecount="0" falsecount="2"/>
        <line num="1787" count="0" type="stmt"/>
        <line num="1788" count="0" type="stmt"/>
        <line num="1790" count="0" type="stmt"/>
        <line num="1792" count="0" type="cond" truecount="0" falsecount="4"/>
        <line num="1793" count="0" type="stmt"/>
        <line num="1795" count="0" type="stmt"/>
        <line num="1801" count="0" type="cond" truecount="0" falsecount="2"/>
        <line num="1802" count="0" type="stmt"/>
        <line num="1803" count="0" type="stmt"/>
        <line num="1807" count="0" type="stmt"/>
        <line num="1819" count="0" type="stmt"/>
        <line num="1822" count="0" type="stmt"/>
        <line num="1823" count="0" type="stmt"/>
        <line num="1824" count="0" type="stmt"/>
        <line num="1828" count="0" type="stmt"/>
        <line num="1831" count="0" type="stmt"/>
        <line num="1832" count="0" type="stmt"/>
        <line num="1833" count="0" type="stmt"/>
        <line num="1835" count="0" type="stmt"/>
        <line num="1836" count="0" type="stmt"/>
        <line num="1837" count="0" type="stmt"/>
        <line num="1838" count="0" type="stmt"/>
        <line num="1839" count="0" type="stmt"/>
        <line num="1841" count="0" type="stmt"/>
        <line num="1842" count="0" type="cond" truecount="0" falsecount="2"/>
        <line num="1843" count="0" type="stmt"/>
        <line num="1845" count="0" type="stmt"/>
        <line num="1846" count="0" type="cond" truecount="0" falsecount="2"/>
        <line num="1847" count="0" type="stmt"/>
        <line num="1848" count="0" type="stmt"/>
        <line num="1849" count="0" type="cond" truecount="0" falsecount="2"/>
        <line num="1850" count="0" type="stmt"/>
        <line num="1851" count="0" type="stmt"/>
        <line num="1852" count="0" type="cond" truecount="0" falsecount="2"/>
        <line num="1853" count="0" type="stmt"/>
        <line num="1855" count="0" type="cond" truecount="0" falsecount="2"/>
        <line num="1856" count="0" type="cond" truecount="0" falsecount="2"/>
        <line num="1857" count="0" type="cond" truecount="0" falsecount="2"/>
        <line num="1859" count="0" type="stmt"/>
        <line num="1866" count="0" type="stmt"/>
        <line num="1867" count="0" type="stmt"/>
        <line num="1873" count="0" type="stmt"/>
        <line num="1883" count="0" type="stmt"/>
        <line num="1884" count="0" type="stmt"/>
        <line num="1887" count="0" type="stmt"/>
        <line num="1889" count="0" type="cond" truecount="0" falsecount="2"/>
        <line num="1890" count="0" type="stmt"/>
        <line num="1893" count="0" type="cond" truecount="0" falsecount="2"/>
        <line num="1894" count="0" type="stmt"/>
        <line num="1897" count="0" type="stmt"/>
        <line num="1898" count="0" type="stmt"/>
        <line num="1905" count="0" type="cond" truecount="0" falsecount="2"/>
        <line num="1907" count="0" type="stmt"/>
        <line num="1909" count="0" type="cond" truecount="0" falsecount="2"/>
        <line num="1910" count="0" type="stmt"/>
        <line num="1911" count="0" type="stmt"/>
        <line num="1914" count="0" type="stmt"/>
        <line num="1915" count="0" type="stmt"/>
        <line num="1918" count="0" type="stmt"/>
        <line num="1919" count="0" type="stmt"/>
        <line num="1920" count="0" type="cond" truecount="0" falsecount="2"/>
        <line num="1921" count="0" type="stmt"/>
        <line num="1925" count="0" type="stmt"/>
        <line num="1927" count="0" type="cond" truecount="0" falsecount="2"/>
        <line num="1931" count="0" type="stmt"/>
        <line num="1932" count="0" type="stmt"/>
        <line num="1933" count="0" type="cond" truecount="0" falsecount="2"/>
        <line num="1934" count="0" type="stmt"/>
        <line num="1937" count="0" type="stmt"/>
        <line num="1938" count="0" type="stmt"/>
        <line num="1941" count="0" type="stmt"/>
        <line num="1942" count="0" type="stmt"/>
        <line num="1943" count="0" type="cond" truecount="0" falsecount="2"/>
        <line num="1945" count="0" type="stmt"/>
        <line num="1949" count="0" type="stmt"/>
        <line num="1953" count="0" type="cond" truecount="0" falsecount="2"/>
        <line num="1955" count="0" type="stmt"/>
        <line num="1957" count="0" type="cond" truecount="0" falsecount="2"/>
        <line num="1958" count="0" type="stmt"/>
        <line num="1959" count="0" type="stmt"/>
        <line num="1962" count="0" type="stmt"/>
        <line num="1963" count="0" type="stmt"/>
        <line num="1964" count="0" type="cond" truecount="0" falsecount="2"/>
        <line num="1965" count="0" type="stmt"/>
        <line num="1968" count="0" type="stmt"/>
        <line num="1969" count="0" type="stmt"/>
        <line num="1972" count="0" type="stmt"/>
        <line num="1974" count="0" type="cond" truecount="0" falsecount="2"/>
        <line num="1977" count="0" type="cond" truecount="0" falsecount="6"/>
        <line num="1978" count="0" type="stmt"/>
        <line num="1981" count="0" type="stmt"/>
        <line num="1982" count="0" type="stmt"/>
        <line num="1986" count="0" type="cond" truecount="0" falsecount="2"/>
        <line num="1987" count="0" type="stmt"/>
        <line num="1988" count="0" type="stmt"/>
        <line num="1989" count="0" type="stmt"/>
        <line num="1990" count="0" type="stmt"/>
        <line num="1993" count="0" type="stmt"/>
        <line num="1994" count="0" type="cond" truecount="0" falsecount="2"/>
        <line num="1995" count="0" type="stmt"/>
        <line num="1996" count="0" type="stmt"/>
        <line num="2002" count="0" type="cond" truecount="0" falsecount="2"/>
        <line num="2003" count="0" type="stmt"/>
        <line num="2004" count="0" type="stmt"/>
        <line num="2007" count="0" type="stmt"/>
        <line num="2008" count="0" type="stmt"/>
        <line num="2010" count="0" type="stmt"/>
        <line num="2011" count="0" type="cond" truecount="0" falsecount="2"/>
        <line num="2012" count="0" type="stmt"/>
        <line num="2015" count="0" type="stmt"/>
        <line num="2016" count="0" type="stmt"/>
        <line num="2017" count="0" type="stmt"/>
        <line num="2018" count="0" type="stmt"/>
        <line num="2020" count="0" type="stmt"/>
        <line num="2024" count="0" type="stmt"/>
        <line num="2028" count="0" type="cond" truecount="0" falsecount="2"/>
        <line num="2029" count="0" type="stmt"/>
        <line num="2031" count="0" type="cond" truecount="0" falsecount="2"/>
        <line num="2032" count="0" type="stmt"/>
        <line num="2033" count="0" type="stmt"/>
        <line num="2037" count="0" type="stmt"/>
        <line num="2038" count="0" type="cond" truecount="0" falsecount="2"/>
        <line num="2039" count="0" type="stmt"/>
        <line num="2043" count="0" type="stmt"/>
        <line num="2047" count="0" type="stmt"/>
        <line num="2051" count="0" type="cond" truecount="0" falsecount="2"/>
        <line num="2052" count="0" type="stmt"/>
        <line num="2053" count="0" type="cond" truecount="0" falsecount="2"/>
        <line num="2054" count="0" type="stmt"/>
        <line num="2058" count="0" type="stmt"/>
        <line num="2061" count="0" type="stmt"/>
        <line num="2062" count="0" type="stmt"/>
        <line num="2063" count="0" type="stmt"/>
        <line num="2064" count="0" type="stmt"/>
        <line num="2065" count="0" type="stmt"/>
        <line num="2066" count="0" type="stmt"/>
        <line num="2069" count="0" type="stmt"/>
        <line num="2070" count="0" type="cond" truecount="0" falsecount="2"/>
        <line num="2071" count="0" type="stmt"/>
        <line num="2074" count="0" type="stmt"/>
        <line num="2075" count="0" type="stmt"/>
        <line num="2078" count="0" type="stmt"/>
        <line num="2079" count="0" type="stmt"/>
        <line num="2080" count="0" type="stmt"/>
        <line num="2083" count="0" type="stmt"/>
        <line num="2084" count="0" type="stmt"/>
        <line num="2085" count="0" type="stmt"/>
        <line num="2086" count="0" type="stmt"/>
        <line num="2087" count="0" type="stmt"/>
        <line num="2088" count="0" type="stmt"/>
        <line num="2089" count="0" type="stmt"/>
        <line num="2090" count="0" type="stmt"/>
        <line num="2091" count="0" type="stmt"/>
        <line num="2094" count="0" type="stmt"/>
        <line num="2096" count="0" type="stmt"/>
        <line num="2097" count="0" type="cond" truecount="0" falsecount="2"/>
        <line num="2099" count="0" type="stmt"/>
        <line num="2101" count="0" type="cond" truecount="0" falsecount="2"/>
        <line num="2102" count="0" type="cond" truecount="0" falsecount="2"/>
        <line num="2103" count="0" type="cond" truecount="0" falsecount="2"/>
        <line num="2104" count="0" type="cond" truecount="0" falsecount="2"/>
        <line num="2107" count="0" type="stmt"/>
        <line num="2123" count="0" type="stmt"/>
        <line num="2124" count="0" type="stmt"/>
        <line num="2125" count="0" type="stmt"/>
        <line num="2126" count="0" type="stmt"/>
        <line num="2127" count="0" type="stmt"/>
        <line num="2129" count="0" type="stmt"/>
        <line num="2130" count="0" type="cond" truecount="0" falsecount="2"/>
        <line num="2131" count="0" type="stmt"/>
        <line num="2132" count="0" type="stmt"/>
        <line num="2133" count="0" type="cond" truecount="0" falsecount="2"/>
        <line num="2134" count="0" type="stmt"/>
        <line num="2135" count="0" type="stmt"/>
        <line num="2136" count="0" type="cond" truecount="0" falsecount="2"/>
        <line num="2137" count="0" type="stmt"/>
        <line num="2138" count="0" type="stmt"/>
        <line num="2140" count="0" type="stmt"/>
        <line num="2141" count="0" type="cond" truecount="0" falsecount="3"/>
        <line num="2143" count="0" type="stmt"/>
        <line num="2145" count="0" type="cond" truecount="0" falsecount="2"/>
        <line num="2146" count="0" type="cond" truecount="0" falsecount="2"/>
        <line num="2147" count="0" type="cond" truecount="0" falsecount="2"/>
        <line num="2148" count="0" type="cond" truecount="0" falsecount="2"/>
        <line num="2150" count="0" type="stmt"/>
        <line num="2160" count="0" type="stmt"/>
        <line num="2161" count="0" type="stmt"/>
        <line num="2162" count="0" type="stmt"/>
        <line num="2166" count="0" type="cond" truecount="0" falsecount="2"/>
        <line num="2167" count="0" type="stmt"/>
        <line num="2168" count="0" type="stmt"/>
        <line num="2169" count="0" type="stmt"/>
        <line num="2173" count="0" type="stmt"/>
        <line num="2176" count="0" type="stmt"/>
        <line num="2179" count="0" type="stmt"/>
      </file>
    </package>
    <package name="api.cron">
      <metrics statements="95" coveredstatements="0" conditionals="46" coveredconditionals="0" methods="19" coveredmethods="0"/>
      <file name="daily-summary.js" path="/Users/bhupesh/Desktop/expense-tracker/expense-bot/api/cron/daily-summary.js">
        <metrics statements="95" coveredstatements="0" conditionals="46" coveredconditionals="0" methods="19" coveredmethods="0"/>
        <line num="5" count="0" type="stmt"/>
        <line num="6" count="0" type="stmt"/>
        <line num="7" count="0" type="stmt"/>
        <line num="8" count="0" type="stmt"/>
        <line num="10" count="0" type="stmt"/>
        <line num="12" count="0" type="stmt"/>
        <line num="19" count="0" type="stmt"/>
        <line num="20" count="0" type="stmt"/>
        <line num="30" count="0" type="stmt"/>
        <line num="35" count="0" type="stmt"/>
        <line num="40" count="0" type="cond" truecount="0" falsecount="2"/>
        <line num="41" count="0" type="stmt"/>
        <line num="42" count="0" type="stmt"/>
        <line num="45" count="0" type="stmt"/>
        <line num="46" count="0" type="cond" truecount="0" falsecount="4"/>
        <line num="47" count="0" type="stmt"/>
        <line num="51" count="0" type="stmt"/>
        <line num="56" count="0" type="cond" truecount="0" falsecount="2"/>
        <line num="57" count="0" type="stmt"/>
        <line num="58" count="0" type="stmt"/>
        <line num="61" count="0" type="cond" truecount="0" falsecount="2"/>
        <line num="72" count="0" type="cond" truecount="0" falsecount="2"/>
        <line num="73" count="0" type="cond" truecount="0" falsecount="2"/>
        <line num="74" count="0" type="stmt"/>
        <line num="78" count="0" type="cond" truecount="0" falsecount="2"/>
        <line num="79" count="0" type="cond" truecount="0" falsecount="2"/>
        <line num="80" count="0" type="stmt"/>
        <line num="86" count="0" type="stmt"/>
        <line num="87" count="0" type="stmt"/>
        <line num="90" count="0" type="stmt"/>
        <line num="93" count="0" type="stmt"/>
        <line num="94" count="0" type="stmt"/>
        <line num="95" count="0" type="stmt"/>
        <line num="98" count="0" type="stmt"/>
        <line num="99" count="0" type="stmt"/>
        <line num="100" count="0" type="stmt"/>
        <line num="101" count="0" type="stmt"/>
        <line num="102" count="0" type="stmt"/>
        <line num="105" count="0" type="stmt"/>
        <line num="106" count="0" type="stmt"/>
        <line num="109" count="0" type="stmt"/>
        <line num="110" count="0" type="stmt"/>
        <line num="113" count="0" type="stmt"/>
        <line num="114" count="0" type="cond" truecount="0" falsecount="2"/>
        <line num="115" count="0" type="stmt"/>
        <line num="118" count="0" type="stmt"/>
        <line num="121" count="0" type="stmt"/>
        <line num="123" count="0" type="stmt"/>
        <line num="124" count="0" type="cond" truecount="0" falsecount="2"/>
        <line num="126" count="0" type="stmt"/>
        <line num="128" count="0" type="stmt"/>
        <line num="130" count="0" type="stmt"/>
        <line num="131" count="0" type="cond" truecount="0" falsecount="2"/>
        <line num="133" count="0" type="stmt"/>
        <line num="135" count="0" type="stmt"/>
        <line num="136" count="0" type="cond" truecount="0" falsecount="2"/>
        <line num="137" count="0" type="stmt"/>
        <line num="139" count="0" type="stmt"/>
        <line num="140" count="0" type="cond" truecount="0" falsecount="2"/>
        <line num="141" count="0" type="stmt"/>
        <line num="144" count="0" type="stmt"/>
        <line num="145" count="0" type="cond" truecount="0" falsecount="2"/>
        <line num="148" count="0" type="cond" truecount="0" falsecount="2"/>
        <line num="149" count="0" type="cond" truecount="0" falsecount="2"/>
        <line num="150" count="0" type="cond" truecount="0" falsecount="2"/>
        <line num="151" count="0" type="cond" truecount="0" falsecount="2"/>
        <line num="152" count="0" type="cond" truecount="0" falsecount="2"/>
        <line num="155" count="0" type="stmt"/>
        <line num="156" count="0" type="stmt"/>
        <line num="158" count="0" type="stmt"/>
        <line num="159" count="0" type="stmt"/>
        <line num="161" count="0" type="stmt"/>
        <line num="162" count="0" type="stmt"/>
        <line num="164" count="0" type="stmt"/>
        <line num="165" count="0" type="stmt"/>
        <line num="167" count="0" type="stmt"/>
        <line num="168" count="0" type="stmt"/>
        <line num="171" count="0" type="stmt"/>
        <line num="210" count="0" type="stmt"/>
        <line num="216" count="0" type="stmt"/>
        <line num="217" count="0" type="stmt"/>
        <line num="218" count="0" type="stmt"/>
        <line num="221" count="0" type="cond" truecount="0" falsecount="2"/>
        <line num="222" count="0" type="stmt"/>
        <line num="223" count="0" type="stmt"/>
        <line num="226" count="0" type="cond" truecount="0" falsecount="2"/>
        <line num="227" count="0" type="stmt"/>
        <line num="228" count="0" type="stmt"/>
        <line num="231" count="0" type="stmt"/>
        <line num="234" count="0" type="stmt"/>
        <line num="235" count="0" type="stmt"/>
        <line num="237" count="0" type="stmt"/>
        <line num="239" count="0" type="stmt"/>
        <line num="246" count="0" type="stmt"/>
        <line num="247" count="0" type="stmt"/>
      </file>
    </package>
  </project>
</coverage>
