{"/Users/bhupesh/Desktop/expense-tracker/expense-bot/api/webhook.js": {"path":"/Users/bhupesh/Desktop/expense-tracker/expense-bot/api/webhook.js","statementMap":{"0":{"start":{"line":5,"column":18},"end":{"line":5,"column":48}},"1":{"start":{"line":6,"column":21},"end":{"line":6,"column":45}},"2":{"start":{"line":7,"column":21},"end":{"line":7,"column":58}},"3":{"start":{"line":9,"column":16},"end":{"line":9,"column":58}},"4":{"start":{"line":11,"column":17},"end":{"line":13,"column":2}},"5":{"start":{"line":18,"column":2},"end":{"line":46,"column":3}},"6":{"start":{"line":19,"column":20},"end":{"line":23,"column":5}},"7":{"start":{"line":25,"column":4},"end":{"line":27,"column":5}},"8":{"start":{"line":26,"column":6},"end":{"line":26,"column":44}},"9":{"start":{"line":29,"column":4},"end":{"line":33,"column":7}},"10":{"start":{"line":35,"column":4},"end":{"line":35,"column":52}},"11":{"start":{"line":37,"column":4},"end":{"line":45,"column":5}},"12":{"start":{"line":38,"column":6},"end":{"line":42,"column":9}},"13":{"start":{"line":44,"column":6},"end":{"line":44,"column":68}},"14":{"start":{"line":50,"column":2},"end":{"line":50,"column":34}},"15":{"start":{"line":54,"column":2},"end":{"line":54,"column":26}},"16":{"start":{"line":54,"column":11},"end":{"line":54,"column":26}},"17":{"start":{"line":55,"column":12},"end":{"line":55,"column":24}},"18":{"start":{"line":56,"column":2},"end":{"line":63,"column":5}},"19":{"start":{"line":67,"column":2},"end":{"line":70,"column":27}},"20":{"start":{"line":76,"column":21},"end":{"line":76,"column":41}},"21":{"start":{"line":77,"column":2},"end":{"line":82,"column":3}},"22":{"start":{"line":78,"column":4},"end":{"line":81,"column":6}},"23":{"start":{"line":85,"column":25},"end":{"line":85,"column":61}},"24":{"start":{"line":85,"column":48},"end":{"line":85,"column":60}},"25":{"start":{"line":88,"column":17},"end":{"line":88,"column":27}},"26":{"start":{"line":89,"column":17},"end":{"line":89,"column":87}},"27":{"start":{"line":90,"column":21},"end":{"line":90,"column":37}},"28":{"start":{"line":91,"column":23},"end":{"line":91,"column":40}},"29":{"start":{"line":92,"column":22},"end":{"line":92,"column":42}},"30":{"start":{"line":95,"column":25},"end":{"line":95,"column":26}},"31":{"start":{"line":96,"column":19},"end":{"line":96,"column":21}},"32":{"start":{"line":98,"column":2},"end":{"line":113,"column":3}},"33":{"start":{"line":99,"column":4},"end":{"line":99,"column":64}},"34":{"start":{"line":100,"column":4},"end":{"line":100,"column":30}},"35":{"start":{"line":101,"column":4},"end":{"line":101,"column":25}},"36":{"start":{"line":102,"column":9},"end":{"line":113,"column":3}},"37":{"start":{"line":103,"column":22},"end":{"line":103,"column":37}},"38":{"start":{"line":104,"column":25},"end":{"line":104,"column":60}},"39":{"start":{"line":105,"column":4},"end":{"line":105,"column":79}},"40":{"start":{"line":106,"column":4},"end":{"line":106,"column":30}},"41":{"start":{"line":107,"column":4},"end":{"line":107,"column":29}},"42":{"start":{"line":110,"column":4},"end":{"line":110,"column":55}},"43":{"start":{"line":111,"column":4},"end":{"line":111,"column":25}},"44":{"start":{"line":112,"column":4},"end":{"line":112,"column":30}},"45":{"start":{"line":115,"column":19},"end":{"line":115,"column":21}},"46":{"start":{"line":116,"column":18},"end":{"line":116,"column":20}},"47":{"start":{"line":117,"column":16},"end":{"line":117,"column":18}},"48":{"start":{"line":118,"column":18},"end":{"line":118,"column":20}},"49":{"start":{"line":120,"column":2},"end":{"line":142,"column":3}},"50":{"start":{"line":121,"column":26},"end":{"line":121,"column":38}},"51":{"start":{"line":122,"column":25},"end":{"line":122,"column":57}},"52":{"start":{"line":124,"column":18},"end":{"line":126,"column":44}},"53":{"start":{"line":125,"column":21},"end":{"line":125,"column":70}},"54":{"start":{"line":126,"column":26},"end":{"line":126,"column":40}},"55":{"start":{"line":128,"column":20},"end":{"line":128,"column":71}},"56":{"start":{"line":129,"column":22},"end":{"line":129,"column":42}},"57":{"start":{"line":131,"column":17},"end":{"line":131,"column":145}},"58":{"start":{"line":133,"column":4},"end":{"line":141,"column":5}},"59":{"start":{"line":134,"column":6},"end":{"line":134,"column":34}},"60":{"start":{"line":135,"column":11},"end":{"line":141,"column":5}},"61":{"start":{"line":136,"column":6},"end":{"line":136,"column":33}},"62":{"start":{"line":137,"column":11},"end":{"line":141,"column":5}},"63":{"start":{"line":138,"column":6},"end":{"line":138,"column":31}},"64":{"start":{"line":140,"column":6},"end":{"line":140,"column":32}},"65":{"start":{"line":145,"column":19},"end":{"line":145,"column":21}},"66":{"start":{"line":147,"column":2},"end":{"line":149,"column":3}},"67":{"start":{"line":148,"column":4},"end":{"line":148,"column":73}},"68":{"start":{"line":151,"column":2},"end":{"line":153,"column":3}},"69":{"start":{"line":152,"column":4},"end":{"line":152,"column":71}},"70":{"start":{"line":155,"column":2},"end":{"line":157,"column":3}},"71":{"start":{"line":156,"column":4},"end":{"line":156,"column":67}},"72":{"start":{"line":159,"column":2},"end":{"line":161,"column":3}},"73":{"start":{"line":160,"column":4},"end":{"line":160,"column":73}},"74":{"start":{"line":163,"column":20},"end":{"line":163,"column":61}},"75":{"start":{"line":165,"column":14},"end":{"line":165,"column":17}},"76":{"start":{"line":166,"column":2},"end":{"line":168,"column":42}},"77":{"start":{"line":166,"column":27},"end":{"line":166,"column":40}},"78":{"start":{"line":167,"column":7},"end":{"line":168,"column":42}},"79":{"start":{"line":167,"column":31},"end":{"line":167,"column":44}},"80":{"start":{"line":168,"column":7},"end":{"line":168,"column":42}},"81":{"start":{"line":168,"column":29},"end":{"line":168,"column":42}},"82":{"start":{"line":170,"column":22},"end":{"line":170,"column":75}},"83":{"start":{"line":170,"column":64},"end":{"line":170,"column":71}},"84":{"start":{"line":171,"column":21},"end":{"line":173,"column":42}},"85":{"start":{"line":172,"column":19},"end":{"line":172,"column":46}},"86":{"start":{"line":173,"column":24},"end":{"line":173,"column":38}},"87":{"start":{"line":174,"column":25},"end":{"line":174,"column":49}},"88":{"start":{"line":175,"column":23},"end":{"line":175,"column":90}},"89":{"start":{"line":177,"column":18},"end":{"line":177,"column":234}},"90":{"start":{"line":179,"column":2},"end":{"line":186,"column":4}},"91":{"start":{"line":192,"column":2},"end":{"line":192,"column":58}},"92":{"start":{"line":192,"column":45},"end":{"line":192,"column":58}},"93":{"start":{"line":194,"column":2},"end":{"line":227,"column":4}},"94":{"start":{"line":229,"column":2},"end":{"line":229,"column":14}},"95":{"start":{"line":236,"column":52},"end":{"line":241,"column":4}},"96":{"start":{"line":243,"column":2},"end":{"line":243,"column":53}},"97":{"start":{"line":247,"column":26},"end":{"line":250,"column":22}},"98":{"start":{"line":252,"column":2},"end":{"line":255,"column":3}},"99":{"start":{"line":253,"column":4},"end":{"line":253,"column":51}},"100":{"start":{"line":254,"column":4},"end":{"line":254,"column":14}},"101":{"start":{"line":257,"column":18},"end":{"line":257,"column":20}},"102":{"start":{"line":258,"column":2},"end":{"line":258,"column":77}},"103":{"start":{"line":258,"column":31},"end":{"line":258,"column":74}},"104":{"start":{"line":261,"column":2},"end":{"line":263,"column":3}},"105":{"start":{"line":262,"column":4},"end":{"line":262,"column":33}},"106":{"start":{"line":265,"column":2},"end":{"line":265,"column":17}},"107":{"start":{"line":270,"column":15},"end":{"line":273,"column":5}},"108":{"start":{"line":270,"column":68},"end":{"line":273,"column":3}},"109":{"start":{"line":275,"column":2},"end":{"line":284,"column":3}},"110":{"start":{"line":276,"column":22},"end":{"line":278,"column":47}},"111":{"start":{"line":280,"column":4},"end":{"line":283,"column":5}},"112":{"start":{"line":281,"column":6},"end":{"line":281,"column":55}},"113":{"start":{"line":282,"column":6},"end":{"line":282,"column":18}},"114":{"start":{"line":288,"column":2},"end":{"line":291,"column":3}},"115":{"start":{"line":289,"column":4},"end":{"line":289,"column":33}},"116":{"start":{"line":290,"column":4},"end":{"line":290,"column":44}},"117":{"start":{"line":292,"column":2},"end":{"line":292,"column":17}},"118":{"start":{"line":296,"column":26},"end":{"line":299,"column":38}},"119":{"start":{"line":301,"column":2},"end":{"line":304,"column":3}},"120":{"start":{"line":302,"column":4},"end":{"line":302,"column":52}},"121":{"start":{"line":303,"column":4},"end":{"line":303,"column":14}},"122":{"start":{"line":306,"column":2},"end":{"line":317,"column":6}},"123":{"start":{"line":306,"column":34},"end":{"line":317,"column":3}},"124":{"start":{"line":321,"column":2},"end":{"line":321,"column":31}},"125":{"start":{"line":321,"column":24},"end":{"line":321,"column":31}},"126":{"start":{"line":323,"column":20},"end":{"line":335,"column":3}},"127":{"start":{"line":324,"column":25},"end":{"line":334,"column":5}},"128":{"start":{"line":337,"column":2},"end":{"line":340,"column":3}},"129":{"start":{"line":338,"column":4},"end":{"line":338,"column":51}},"130":{"start":{"line":339,"column":4},"end":{"line":339,"column":16}},"131":{"start":{"line":344,"column":20},"end":{"line":344,"column":22}},"132":{"start":{"line":345,"column":2},"end":{"line":345,"column":70}},"133":{"start":{"line":345,"column":30},"end":{"line":345,"column":70}},"134":{"start":{"line":346,"column":2},"end":{"line":346,"column":64}},"135":{"start":{"line":346,"column":28},"end":{"line":346,"column":64}},"136":{"start":{"line":347,"column":2},"end":{"line":347,"column":61}},"137":{"start":{"line":347,"column":27},"end":{"line":347,"column":61}},"138":{"start":{"line":348,"column":2},"end":{"line":348,"column":67}},"139":{"start":{"line":348,"column":29},"end":{"line":348,"column":67}},"140":{"start":{"line":349,"column":2},"end":{"line":349,"column":64}},"141":{"start":{"line":349,"column":28},"end":{"line":349,"column":64}},"142":{"start":{"line":351,"column":20},"end":{"line":354,"column":17}},"143":{"start":{"line":356,"column":2},"end":{"line":359,"column":3}},"144":{"start":{"line":357,"column":4},"end":{"line":357,"column":52}},"145":{"start":{"line":358,"column":4},"end":{"line":358,"column":16}},"146":{"start":{"line":364,"column":20},"end":{"line":368,"column":27}},"147":{"start":{"line":370,"column":2},"end":{"line":373,"column":3}},"148":{"start":{"line":371,"column":4},"end":{"line":371,"column":53}},"149":{"start":{"line":372,"column":4},"end":{"line":372,"column":16}},"150":{"start":{"line":377,"column":26},"end":{"line":380,"column":23}},"151":{"start":{"line":382,"column":2},"end":{"line":385,"column":3}},"152":{"start":{"line":383,"column":4},"end":{"line":383,"column":51}},"153":{"start":{"line":384,"column":4},"end":{"line":384,"column":14}},"154":{"start":{"line":387,"column":2},"end":{"line":392,"column":6}},"155":{"start":{"line":387,"column":34},"end":{"line":392,"column":3}},"156":{"start":{"line":396,"column":2},"end":{"line":396,"column":30}},"157":{"start":{"line":396,"column":23},"end":{"line":396,"column":30}},"158":{"start":{"line":398,"column":20},"end":{"line":405,"column":3}},"159":{"start":{"line":399,"column":24},"end":{"line":404,"column":5}},"160":{"start":{"line":407,"column":2},"end":{"line":410,"column":3}},"161":{"start":{"line":408,"column":4},"end":{"line":408,"column":50}},"162":{"start":{"line":409,"column":4},"end":{"line":409,"column":16}},"163":{"start":{"line":414,"column":20},"end":{"line":414,"column":22}},"164":{"start":{"line":415,"column":2},"end":{"line":415,"column":77}},"165":{"start":{"line":415,"column":32},"end":{"line":415,"column":77}},"166":{"start":{"line":416,"column":2},"end":{"line":416,"column":67}},"167":{"start":{"line":416,"column":29},"end":{"line":416,"column":67}},"168":{"start":{"line":417,"column":2},"end":{"line":417,"column":68}},"169":{"start":{"line":417,"column":29},"end":{"line":417,"column":68}},"170":{"start":{"line":419,"column":20},"end":{"line":422,"column":43}},"171":{"start":{"line":424,"column":2},"end":{"line":427,"column":3}},"172":{"start":{"line":425,"column":4},"end":{"line":425,"column":51}},"173":{"start":{"line":426,"column":4},"end":{"line":426,"column":16}},"174":{"start":{"line":432,"column":20},"end":{"line":435,"column":30}},"175":{"start":{"line":437,"column":2},"end":{"line":440,"column":3}},"176":{"start":{"line":438,"column":4},"end":{"line":438,"column":51}},"177":{"start":{"line":439,"column":4},"end":{"line":439,"column":16}},"178":{"start":{"line":444,"column":26},"end":{"line":447,"column":23}},"179":{"start":{"line":449,"column":2},"end":{"line":452,"column":3}},"180":{"start":{"line":450,"column":4},"end":{"line":450,"column":55}},"181":{"start":{"line":451,"column":4},"end":{"line":451,"column":14}},"182":{"start":{"line":454,"column":2},"end":{"line":459,"column":6}},"183":{"start":{"line":454,"column":34},"end":{"line":459,"column":3}},"184":{"start":{"line":463,"column":2},"end":{"line":463,"column":34}},"185":{"start":{"line":463,"column":27},"end":{"line":463,"column":34}},"186":{"start":{"line":465,"column":20},"end":{"line":473,"column":3}},"187":{"start":{"line":466,"column":28},"end":{"line":471,"column":5}},"188":{"start":{"line":475,"column":2},"end":{"line":478,"column":3}},"189":{"start":{"line":476,"column":4},"end":{"line":476,"column":54}},"190":{"start":{"line":477,"column":4},"end":{"line":477,"column":16}},"191":{"start":{"line":482,"column":20},"end":{"line":482,"column":22}},"192":{"start":{"line":483,"column":2},"end":{"line":483,"column":64}},"193":{"start":{"line":483,"column":28},"end":{"line":483,"column":64}},"194":{"start":{"line":484,"column":2},"end":{"line":485,"column":58}},"195":{"start":{"line":485,"column":4},"end":{"line":485,"column":58}},"196":{"start":{"line":486,"column":2},"end":{"line":487,"column":56}},"197":{"start":{"line":487,"column":4},"end":{"line":487,"column":56}},"198":{"start":{"line":489,"column":20},"end":{"line":491,"column":79}},"199":{"start":{"line":493,"column":2},"end":{"line":496,"column":3}},"200":{"start":{"line":494,"column":4},"end":{"line":494,"column":55}},"201":{"start":{"line":495,"column":4},"end":{"line":495,"column":16}},"202":{"start":{"line":500,"column":20},"end":{"line":503,"column":25}},"203":{"start":{"line":505,"column":2},"end":{"line":508,"column":3}},"204":{"start":{"line":506,"column":4},"end":{"line":506,"column":57}},"205":{"start":{"line":507,"column":4},"end":{"line":507,"column":16}},"206":{"start":{"line":514,"column":18},"end":{"line":514,"column":37}},"207":{"start":{"line":515,"column":19},"end":{"line":515,"column":75}},"208":{"start":{"line":515,"column":39},"end":{"line":515,"column":74}},"209":{"start":{"line":517,"column":2},"end":{"line":525,"column":3}},"210":{"start":{"line":520,"column":6},"end":{"line":520,"column":76}},"211":{"start":{"line":521,"column":4},"end":{"line":523,"column":5}},"212":{"start":{"line":522,"column":6},"end":{"line":522,"column":68}},"213":{"start":{"line":524,"column":4},"end":{"line":524,"column":29}},"214":{"start":{"line":528,"column":23},"end":{"line":528,"column":73}},"215":{"start":{"line":529,"column":17},"end":{"line":529,"column":64}},"216":{"start":{"line":532,"column":16},"end":{"line":532,"column":17}},"217":{"start":{"line":533,"column":2},"end":{"line":536,"column":3}},"218":{"start":{"line":533,"column":29},"end":{"line":533,"column":52}},"219":{"start":{"line":534,"column":4},"end":{"line":534,"column":79}},"220":{"start":{"line":535,"column":4},"end":{"line":535,"column":14}},"221":{"start":{"line":538,"column":2},"end":{"line":538,"column":75}},"222":{"start":{"line":541,"column":2},"end":{"line":548,"column":5}},"223":{"start":{"line":550,"column":2},"end":{"line":550,"column":18}},"224":{"start":{"line":557,"column":2},"end":{"line":559,"column":3}},"225":{"start":{"line":558,"column":4},"end":{"line":558,"column":14}},"226":{"start":{"line":562,"column":18},"end":{"line":565,"column":11}},"227":{"start":{"line":568,"column":18},"end":{"line":568,"column":20}},"228":{"start":{"line":569,"column":15},"end":{"line":569,"column":24}},"229":{"start":{"line":570,"column":21},"end":{"line":570,"column":23}},"230":{"start":{"line":574,"column":4},"end":{"line":578,"column":6}},"231":{"start":{"line":575,"column":6},"end":{"line":577,"column":48}},"232":{"start":{"line":583,"column":4},"end":{"line":583,"column":64}},"233":{"start":{"line":585,"column":2},"end":{"line":600,"column":3}},"234":{"start":{"line":586,"column":22},"end":{"line":586,"column":50}},"235":{"start":{"line":587,"column":19},"end":{"line":589,"column":53}},"236":{"start":{"line":589,"column":28},"end":{"line":589,"column":49}},"237":{"start":{"line":590,"column":16},"end":{"line":590,"column":39}},"238":{"start":{"line":591,"column":4},"end":{"line":599,"column":5}},"239":{"start":{"line":592,"column":6},"end":{"line":595,"column":9}},"240":{"start":{"line":596,"column":6},"end":{"line":596,"column":20}},"241":{"start":{"line":598,"column":6},"end":{"line":598,"column":82}},"242":{"start":{"line":603,"column":19},"end":{"line":603,"column":52}},"243":{"start":{"line":604,"column":2},"end":{"line":616,"column":3}},"244":{"start":{"line":605,"column":4},"end":{"line":615,"column":5}},"245":{"start":{"line":606,"column":18},"end":{"line":606,"column":43}},"246":{"start":{"line":607,"column":6},"end":{"line":614,"column":7}},"247":{"start":{"line":608,"column":8},"end":{"line":611,"column":11}},"248":{"start":{"line":612,"column":8},"end":{"line":612,"column":22}},"249":{"start":{"line":613,"column":8},"end":{"line":613,"column":84}},"250":{"start":{"line":619,"column":19},"end":{"line":619,"column":75}},"251":{"start":{"line":620,"column":2},"end":{"line":636,"column":3}},"252":{"start":{"line":621,"column":4},"end":{"line":635,"column":5}},"253":{"start":{"line":622,"column":24},"end":{"line":622,"column":52}},"254":{"start":{"line":623,"column":21},"end":{"line":625,"column":55}},"255":{"start":{"line":625,"column":30},"end":{"line":625,"column":51}},"256":{"start":{"line":626,"column":18},"end":{"line":626,"column":41}},"257":{"start":{"line":627,"column":6},"end":{"line":634,"column":7}},"258":{"start":{"line":628,"column":8},"end":{"line":631,"column":11}},"259":{"start":{"line":632,"column":8},"end":{"line":632,"column":22}},"260":{"start":{"line":633,"column":8},"end":{"line":633,"column":84}},"261":{"start":{"line":639,"column":19},"end":{"line":639,"column":48}},"262":{"start":{"line":640,"column":2},"end":{"line":652,"column":3}},"263":{"start":{"line":641,"column":4},"end":{"line":651,"column":5}},"264":{"start":{"line":642,"column":18},"end":{"line":642,"column":43}},"265":{"start":{"line":643,"column":6},"end":{"line":650,"column":7}},"266":{"start":{"line":644,"column":8},"end":{"line":647,"column":11}},"267":{"start":{"line":648,"column":8},"end":{"line":648,"column":22}},"268":{"start":{"line":649,"column":8},"end":{"line":649,"column":84}},"269":{"start":{"line":655,"column":19},"end":{"line":655,"column":55}},"270":{"start":{"line":656,"column":2},"end":{"line":673,"column":3}},"271":{"start":{"line":657,"column":4},"end":{"line":672,"column":5}},"272":{"start":{"line":658,"column":21},"end":{"line":658,"column":41}},"273":{"start":{"line":659,"column":25},"end":{"line":662,"column":25}},"274":{"start":{"line":661,"column":20},"end":{"line":661,"column":28}},"275":{"start":{"line":662,"column":23},"end":{"line":662,"column":24}},"276":{"start":{"line":664,"column":6},"end":{"line":670,"column":9}},"277":{"start":{"line":665,"column":20},"end":{"line":665,"column":43}},"278":{"start":{"line":666,"column":8},"end":{"line":669,"column":9}},"279":{"start":{"line":667,"column":10},"end":{"line":667,"column":45}},"280":{"start":{"line":668,"column":10},"end":{"line":668,"column":24}},"281":{"start":{"line":671,"column":6},"end":{"line":671,"column":82}},"282":{"start":{"line":677,"column":19},"end":{"line":677,"column":41}},"283":{"start":{"line":678,"column":23},"end":{"line":678,"column":41}},"284":{"start":{"line":679,"column":2},"end":{"line":697,"column":3}},"285":{"start":{"line":680,"column":19},"end":{"line":680,"column":39}},"286":{"start":{"line":682,"column":4},"end":{"line":696,"column":5}},"287":{"start":{"line":683,"column":6},"end":{"line":695,"column":7}},"288":{"start":{"line":684,"column":20},"end":{"line":684,"column":45}},"289":{"start":{"line":686,"column":35},"end":{"line":686,"column":73}},"290":{"start":{"line":686,"column":53},"end":{"line":686,"column":72}},"291":{"start":{"line":688,"column":8},"end":{"line":694,"column":9}},"292":{"start":{"line":689,"column":10},"end":{"line":692,"column":13}},"293":{"start":{"line":693,"column":10},"end":{"line":693,"column":24}},"294":{"start":{"line":699,"column":2},"end":{"line":699,"column":17}},"295":{"start":{"line":705,"column":24},"end":{"line":705,"column":46}},"296":{"start":{"line":706,"column":22},"end":{"line":706,"column":40}},"297":{"start":{"line":707,"column":23},"end":{"line":707,"column":47}},"298":{"start":{"line":710,"column":17},"end":{"line":710,"column":27}},"299":{"start":{"line":711,"column":17},"end":{"line":711,"column":87}},"300":{"start":{"line":712,"column":21},"end":{"line":712,"column":37}},"301":{"start":{"line":713,"column":23},"end":{"line":713,"column":40}},"302":{"start":{"line":714,"column":22},"end":{"line":714,"column":42}},"303":{"start":{"line":717,"column":23},"end":{"line":717,"column":70}},"304":{"start":{"line":720,"column":20},"end":{"line":720,"column":35}},"305":{"start":{"line":721,"column":23},"end":{"line":721,"column":58}},"306":{"start":{"line":722,"column":22},"end":{"line":726,"column":3}},"307":{"start":{"line":729,"column":23},"end":{"line":729,"column":61}},"308":{"start":{"line":732,"column":27},"end":{"line":734,"column":3}},"309":{"start":{"line":733,"column":11},"end":{"line":733,"column":50}},"310":{"start":{"line":737,"column":21},"end":{"line":739,"column":42}},"311":{"start":{"line":738,"column":19},"end":{"line":738,"column":49}},"312":{"start":{"line":739,"column":24},"end":{"line":739,"column":38}},"313":{"start":{"line":741,"column":24},"end":{"line":743,"column":42}},"314":{"start":{"line":742,"column":19},"end":{"line":742,"column":48}},"315":{"start":{"line":743,"column":24},"end":{"line":743,"column":38}},"316":{"start":{"line":745,"column":25},"end":{"line":747,"column":42}},"317":{"start":{"line":746,"column":19},"end":{"line":746,"column":49}},"318":{"start":{"line":747,"column":24},"end":{"line":747,"column":38}},"319":{"start":{"line":750,"column":23},"end":{"line":750,"column":90}},"320":{"start":{"line":751,"column":24},"end":{"line":751,"column":96}},"321":{"start":{"line":752,"column":25},"end":{"line":752,"column":100}},"322":{"start":{"line":754,"column":2},"end":{"line":764,"column":4}},"323":{"start":{"line":770,"column":2},"end":{"line":1896,"column":3}},"324":{"start":{"line":772,"column":4},"end":{"line":774,"column":5}},"325":{"start":{"line":773,"column":6},"end":{"line":773,"column":56}},"326":{"start":{"line":777,"column":19},"end":{"line":777,"column":27}},"327":{"start":{"line":778,"column":20},"end":{"line":778,"column":35}},"328":{"start":{"line":780,"column":4},"end":{"line":782,"column":5}},"329":{"start":{"line":781,"column":6},"end":{"line":781,"column":40}},"330":{"start":{"line":784,"column":19},"end":{"line":784,"column":34}},"331":{"start":{"line":785,"column":17},"end":{"line":785,"column":36}},"332":{"start":{"line":786,"column":27},"end":{"line":786,"column":42}},"333":{"start":{"line":787,"column":24},"end":{"line":787,"column":53}},"334":{"start":{"line":788,"column":21},"end":{"line":788,"column":48}},"335":{"start":{"line":789,"column":22},"end":{"line":789,"column":40}},"336":{"start":{"line":792,"column":21},"end":{"line":796,"column":5}},"337":{"start":{"line":799,"column":4},"end":{"line":801,"column":5}},"338":{"start":{"line":800,"column":6},"end":{"line":800,"column":40}},"339":{"start":{"line":804,"column":17},"end":{"line":804,"column":36}},"340":{"start":{"line":807,"column":4},"end":{"line":807,"column":65}},"341":{"start":{"line":811,"column":4},"end":{"line":834,"column":5}},"342":{"start":{"line":812,"column":25},"end":{"line":812,"column":53}},"343":{"start":{"line":813,"column":6},"end":{"line":822,"column":7}},"344":{"start":{"line":814,"column":8},"end":{"line":820,"column":10}},"345":{"start":{"line":821,"column":8},"end":{"line":821,"column":42}},"346":{"start":{"line":824,"column":26},"end":{"line":824,"column":82}},"347":{"start":{"line":824,"column":66},"end":{"line":824,"column":78}},"348":{"start":{"line":825,"column":20},"end":{"line":827,"column":7}},"349":{"start":{"line":826,"column":27},"end":{"line":826,"column":68}},"350":{"start":{"line":828,"column":21},"end":{"line":828,"column":88}},"351":{"start":{"line":829,"column":6},"end":{"line":832,"column":8}},"352":{"start":{"line":833,"column":6},"end":{"line":833,"column":40}},"353":{"start":{"line":838,"column":4},"end":{"line":880,"column":5}},"354":{"start":{"line":839,"column":20},"end":{"line":839,"column":52}},"355":{"start":{"line":839,"column":50},"end":{"line":839,"column":51}},"356":{"start":{"line":840,"column":6},"end":{"line":849,"column":7}},"357":{"start":{"line":841,"column":8},"end":{"line":847,"column":10}},"358":{"start":{"line":848,"column":8},"end":{"line":848,"column":42}},"359":{"start":{"line":851,"column":30},"end":{"line":851,"column":35}},"360":{"start":{"line":852,"column":24},"end":{"line":852,"column":38}},"361":{"start":{"line":854,"column":6},"end":{"line":862,"column":7}},"362":{"start":{"line":855,"column":8},"end":{"line":860,"column":10}},"363":{"start":{"line":861,"column":8},"end":{"line":861,"column":42}},"364":{"start":{"line":864,"column":6},"end":{"line":873,"column":7}},"365":{"start":{"line":865,"column":8},"end":{"line":871,"column":10}},"366":{"start":{"line":872,"column":8},"end":{"line":872,"column":42}},"367":{"start":{"line":875,"column":6},"end":{"line":875,"column":36}},"368":{"start":{"line":876,"column":6},"end":{"line":876,"column":38}},"369":{"start":{"line":878,"column":6},"end":{"line":878,"column":75}},"370":{"start":{"line":879,"column":6},"end":{"line":879,"column":40}},"371":{"start":{"line":884,"column":4},"end":{"line":933,"column":5}},"372":{"start":{"line":885,"column":20},"end":{"line":885,"column":52}},"373":{"start":{"line":885,"column":50},"end":{"line":885,"column":51}},"374":{"start":{"line":886,"column":6},"end":{"line":895,"column":7}},"375":{"start":{"line":887,"column":8},"end":{"line":893,"column":10}},"376":{"start":{"line":894,"column":8},"end":{"line":894,"column":42}},"377":{"start":{"line":897,"column":30},"end":{"line":897,"column":35}},"378":{"start":{"line":898,"column":24},"end":{"line":898,"column":38}},"379":{"start":{"line":900,"column":6},"end":{"line":908,"column":7}},"380":{"start":{"line":901,"column":8},"end":{"line":906,"column":10}},"381":{"start":{"line":907,"column":8},"end":{"line":907,"column":42}},"382":{"start":{"line":910,"column":6},"end":{"line":919,"column":7}},"383":{"start":{"line":911,"column":8},"end":{"line":917,"column":10}},"384":{"start":{"line":918,"column":8},"end":{"line":918,"column":42}},"385":{"start":{"line":921,"column":24},"end":{"line":921,"column":41}},"386":{"start":{"line":922,"column":6},"end":{"line":922,"column":36}},"387":{"start":{"line":923,"column":6},"end":{"line":923,"column":38}},"388":{"start":{"line":925,"column":6},"end":{"line":931,"column":8}},"389":{"start":{"line":932,"column":6},"end":{"line":932,"column":40}},"390":{"start":{"line":937,"column":4},"end":{"line":1011,"column":5}},"391":{"start":{"line":938,"column":20},"end":{"line":938,"column":52}},"392":{"start":{"line":938,"column":50},"end":{"line":938,"column":51}},"393":{"start":{"line":939,"column":6},"end":{"line":948,"column":7}},"394":{"start":{"line":940,"column":8},"end":{"line":946,"column":10}},"395":{"start":{"line":947,"column":8},"end":{"line":947,"column":42}},"396":{"start":{"line":950,"column":18},"end":{"line":950,"column":26}},"397":{"start":{"line":953,"column":6},"end":{"line":961,"column":7}},"398":{"start":{"line":954,"column":8},"end":{"line":959,"column":10}},"399":{"start":{"line":960,"column":8},"end":{"line":960,"column":42}},"400":{"start":{"line":963,"column":6},"end":{"line":972,"column":7}},"401":{"start":{"line":964,"column":8},"end":{"line":970,"column":10}},"402":{"start":{"line":971,"column":8},"end":{"line":971,"column":42}},"403":{"start":{"line":975,"column":26},"end":{"line":975,"column":71}},"404":{"start":{"line":975,"column":52},"end":{"line":975,"column":70}},"405":{"start":{"line":977,"column":6},"end":{"line":990,"column":7}},"406":{"start":{"line":978,"column":8},"end":{"line":988,"column":10}},"407":{"start":{"line":989,"column":8},"end":{"line":989,"column":42}},"408":{"start":{"line":993,"column":24},"end":{"line":996,"column":28}},"409":{"start":{"line":998,"column":6},"end":{"line":1007,"column":7}},"410":{"start":{"line":999,"column":8},"end":{"line":999,"column":57}},"411":{"start":{"line":1000,"column":8},"end":{"line":1005,"column":10}},"412":{"start":{"line":1006,"column":8},"end":{"line":1006,"column":42}},"413":{"start":{"line":1009,"column":6},"end":{"line":1009,"column":82}},"414":{"start":{"line":1010,"column":6},"end":{"line":1010,"column":40}},"415":{"start":{"line":1015,"column":4},"end":{"line":1038,"column":5}},"416":{"start":{"line":1016,"column":6},"end":{"line":1024,"column":7}},"417":{"start":{"line":1017,"column":8},"end":{"line":1022,"column":10}},"418":{"start":{"line":1023,"column":8},"end":{"line":1023,"column":42}},"419":{"start":{"line":1026,"column":20},"end":{"line":1029,"column":8}},"420":{"start":{"line":1027,"column":21},"end":{"line":1027,"column":62}},"421":{"start":{"line":1028,"column":8},"end":{"line":1028,"column":49}},"422":{"start":{"line":1030,"column":21},"end":{"line":1030,"column":60}},"423":{"start":{"line":1031,"column":22},"end":{"line":1031,"column":41}},"424":{"start":{"line":1033,"column":6},"end":{"line":1036,"column":8}},"425":{"start":{"line":1037,"column":6},"end":{"line":1037,"column":40}},"426":{"start":{"line":1042,"column":4},"end":{"line":1093,"column":5}},"427":{"start":{"line":1043,"column":20},"end":{"line":1043,"column":52}},"428":{"start":{"line":1043,"column":50},"end":{"line":1043,"column":51}},"429":{"start":{"line":1044,"column":6},"end":{"line":1053,"column":7}},"430":{"start":{"line":1045,"column":8},"end":{"line":1051,"column":10}},"431":{"start":{"line":1052,"column":8},"end":{"line":1052,"column":42}},"432":{"start":{"line":1055,"column":19},"end":{"line":1055,"column":43}},"433":{"start":{"line":1056,"column":26},"end":{"line":1056,"column":65}},"434":{"start":{"line":1058,"column":6},"end":{"line":1066,"column":7}},"435":{"start":{"line":1058,"column":35},"end":{"line":1058,"column":61}},"436":{"start":{"line":1059,"column":8},"end":{"line":1064,"column":10}},"437":{"start":{"line":1065,"column":8},"end":{"line":1065,"column":42}},"438":{"start":{"line":1069,"column":6},"end":{"line":1076,"column":9}},"439":{"start":{"line":1079,"column":6},"end":{"line":1086,"column":9}},"440":{"start":{"line":1088,"column":6},"end":{"line":1091,"column":8}},"441":{"start":{"line":1092,"column":6},"end":{"line":1092,"column":40}},"442":{"start":{"line":1097,"column":4},"end":{"line":1135,"column":5}},"443":{"start":{"line":1098,"column":20},"end":{"line":1098,"column":52}},"444":{"start":{"line":1098,"column":50},"end":{"line":1098,"column":51}},"445":{"start":{"line":1099,"column":6},"end":{"line":1108,"column":7}},"446":{"start":{"line":1100,"column":8},"end":{"line":1106,"column":10}},"447":{"start":{"line":1107,"column":8},"end":{"line":1107,"column":42}},"448":{"start":{"line":1110,"column":19},"end":{"line":1110,"column":43}},"449":{"start":{"line":1111,"column":29},"end":{"line":1111,"column":68}},"450":{"start":{"line":1113,"column":21},"end":{"line":1113,"column":76}},"451":{"start":{"line":1113,"column":46},"end":{"line":1113,"column":75}},"452":{"start":{"line":1114,"column":6},"end":{"line":1123,"column":7}},"453":{"start":{"line":1115,"column":8},"end":{"line":1121,"column":10}},"454":{"start":{"line":1122,"column":8},"end":{"line":1122,"column":42}},"455":{"start":{"line":1125,"column":6},"end":{"line":1125,"column":41}},"456":{"start":{"line":1127,"column":6},"end":{"line":1133,"column":8}},"457":{"start":{"line":1134,"column":6},"end":{"line":1134,"column":40}},"458":{"start":{"line":1139,"column":4},"end":{"line":1174,"column":5}},"459":{"start":{"line":1140,"column":25},"end":{"line":1140,"column":50}},"460":{"start":{"line":1141,"column":6},"end":{"line":1149,"column":7}},"461":{"start":{"line":1142,"column":8},"end":{"line":1147,"column":10}},"462":{"start":{"line":1148,"column":8},"end":{"line":1148,"column":42}},"463":{"start":{"line":1152,"column":29},"end":{"line":1152,"column":70}},"464":{"start":{"line":1152,"column":57},"end":{"line":1152,"column":69}},"465":{"start":{"line":1153,"column":20},"end":{"line":1153,"column":22}},"466":{"start":{"line":1154,"column":26},"end":{"line":1154,"column":84}},"467":{"start":{"line":1154,"column":73},"end":{"line":1154,"column":80}},"468":{"start":{"line":1155,"column":25},"end":{"line":1155,"column":77}},"469":{"start":{"line":1155,"column":59},"end":{"line":1155,"column":73}},"470":{"start":{"line":1156,"column":29},"end":{"line":1156,"column":53}},"471":{"start":{"line":1158,"column":6},"end":{"line":1168,"column":7}},"472":{"start":{"line":1159,"column":22},"end":{"line":1161,"column":48}},"473":{"start":{"line":1160,"column":25},"end":{"line":1160,"column":43}},"474":{"start":{"line":1161,"column":30},"end":{"line":1161,"column":44}},"475":{"start":{"line":1162,"column":23},"end":{"line":1162,"column":40}},"476":{"start":{"line":1163,"column":26},"end":{"line":1163,"column":40}},"477":{"start":{"line":1164,"column":24},"end":{"line":1164,"column":76}},"478":{"start":{"line":1166,"column":23},"end":{"line":1166,"column":50}},"479":{"start":{"line":1167,"column":8},"end":{"line":1167,"column":140}},"480":{"start":{"line":1170,"column":28},"end":{"line":1170,"column":60}},"481":{"start":{"line":1171,"column":21},"end":{"line":1171,"column":177}},"482":{"start":{"line":1172,"column":6},"end":{"line":1172,"column":70}},"483":{"start":{"line":1173,"column":6},"end":{"line":1173,"column":40}},"484":{"start":{"line":1178,"column":4},"end":{"line":1288,"column":5}},"485":{"start":{"line":1179,"column":6},"end":{"line":1187,"column":7}},"486":{"start":{"line":1180,"column":8},"end":{"line":1185,"column":10}},"487":{"start":{"line":1186,"column":8},"end":{"line":1186,"column":42}},"488":{"start":{"line":1190,"column":32},"end":{"line":1190,"column":87}},"489":{"start":{"line":1190,"column":60},"end":{"line":1190,"column":86}},"490":{"start":{"line":1192,"column":6},"end":{"line":1200,"column":7}},"491":{"start":{"line":1193,"column":8},"end":{"line":1198,"column":10}},"492":{"start":{"line":1199,"column":8},"end":{"line":1199,"column":42}},"493":{"start":{"line":1203,"column":25},"end":{"line":1203,"column":27}},"494":{"start":{"line":1204,"column":6},"end":{"line":1206,"column":9}},"495":{"start":{"line":1205,"column":8},"end":{"line":1205,"column":35}},"496":{"start":{"line":1208,"column":6},"end":{"line":1212,"column":9}},"497":{"start":{"line":1209,"column":8},"end":{"line":1211,"column":9}},"498":{"start":{"line":1210,"column":10},"end":{"line":1210,"column":45}},"499":{"start":{"line":1214,"column":25},"end":{"line":1217,"column":7}},"500":{"start":{"line":1215,"column":22},"end":{"line":1215,"column":31}},"501":{"start":{"line":1218,"column":24},"end":{"line":1218,"column":56}},"502":{"start":{"line":1221,"column":23},"end":{"line":1221,"column":25}},"503":{"start":{"line":1222,"column":6},"end":{"line":1224,"column":9}},"504":{"start":{"line":1223,"column":8},"end":{"line":1223,"column":66}},"505":{"start":{"line":1227,"column":24},"end":{"line":1227,"column":26}},"506":{"start":{"line":1228,"column":22},"end":{"line":1228,"column":24}},"507":{"start":{"line":1230,"column":6},"end":{"line":1236,"column":9}},"508":{"start":{"line":1231,"column":8},"end":{"line":1235,"column":9}},"509":{"start":{"line":1232,"column":10},"end":{"line":1232,"column":56}},"510":{"start":{"line":1233,"column":15},"end":{"line":1235,"column":9}},"511":{"start":{"line":1234,"column":10},"end":{"line":1234,"column":55}},"512":{"start":{"line":1238,"column":6},"end":{"line":1247,"column":7}},"513":{"start":{"line":1239,"column":8},"end":{"line":1245,"column":10}},"514":{"start":{"line":1246,"column":8},"end":{"line":1246,"column":42}},"515":{"start":{"line":1250,"column":26},"end":{"line":1250,"column":28}},"516":{"start":{"line":1251,"column":6},"end":{"line":1251,"column":52}},"517":{"start":{"line":1251,"column":31},"end":{"line":1251,"column":50}},"518":{"start":{"line":1252,"column":6},"end":{"line":1252,"column":50}},"519":{"start":{"line":1252,"column":29},"end":{"line":1252,"column":48}},"520":{"start":{"line":1254,"column":14},"end":{"line":1254,"column":15}},"521":{"start":{"line":1255,"column":14},"end":{"line":1255,"column":15}},"522":{"start":{"line":1256,"column":6},"end":{"line":1277,"column":7}},"523":{"start":{"line":1257,"column":25},"end":{"line":1257,"column":37}},"524":{"start":{"line":1258,"column":23},"end":{"line":1258,"column":33}},"525":{"start":{"line":1259,"column":23},"end":{"line":1259,"column":63}},"526":{"start":{"line":1262,"column":10},"end":{"line":1263,"column":46}},"527":{"start":{"line":1262,"column":35},"end":{"line":1262,"column":67}},"528":{"start":{"line":1265,"column":10},"end":{"line":1266,"column":44}},"529":{"start":{"line":1265,"column":35},"end":{"line":1265,"column":65}},"530":{"start":{"line":1268,"column":8},"end":{"line":1270,"column":10}},"531":{"start":{"line":1272,"column":8},"end":{"line":1272,"column":34}},"532":{"start":{"line":1273,"column":8},"end":{"line":1273,"column":32}},"533":{"start":{"line":1275,"column":8},"end":{"line":1275,"column":40}},"534":{"start":{"line":1275,"column":36},"end":{"line":1275,"column":40}},"535":{"start":{"line":1276,"column":8},"end":{"line":1276,"column":38}},"536":{"start":{"line":1276,"column":34},"end":{"line":1276,"column":38}},"537":{"start":{"line":1279,"column":20},"end":{"line":1284,"column":7}},"538":{"start":{"line":1286,"column":6},"end":{"line":1286,"column":80}},"539":{"start":{"line":1287,"column":6},"end":{"line":1287,"column":40}},"540":{"start":{"line":1292,"column":4},"end":{"line":1359,"column":5}},"541":{"start":{"line":1293,"column":29},"end":{"line":1295,"column":7}},"542":{"start":{"line":1294,"column":15},"end":{"line":1294,"column":38}},"543":{"start":{"line":1297,"column":6},"end":{"line":1305,"column":7}},"544":{"start":{"line":1298,"column":8},"end":{"line":1303,"column":10}},"545":{"start":{"line":1304,"column":8},"end":{"line":1304,"column":42}},"546":{"start":{"line":1307,"column":6},"end":{"line":1316,"column":7}},"547":{"start":{"line":1308,"column":8},"end":{"line":1314,"column":10}},"548":{"start":{"line":1315,"column":8},"end":{"line":1315,"column":42}},"549":{"start":{"line":1319,"column":6},"end":{"line":1323,"column":9}},"550":{"start":{"line":1326,"column":33},"end":{"line":1326,"column":56}},"551":{"start":{"line":1327,"column":25},"end":{"line":1327,"column":67}},"552":{"start":{"line":1327,"column":57},"end":{"line":1327,"column":66}},"553":{"start":{"line":1329,"column":6},"end":{"line":1356,"column":7}},"554":{"start":{"line":1331,"column":8},"end":{"line":1331,"column":34}},"555":{"start":{"line":1334,"column":8},"end":{"line":1334,"column":33}},"556":{"start":{"line":1336,"column":8},"end":{"line":1344,"column":10}},"557":{"start":{"line":1346,"column":29},"end":{"line":1346,"column":79}},"558":{"start":{"line":1346,"column":62},"end":{"line":1346,"column":71}},"559":{"start":{"line":1347,"column":27},"end":{"line":1347,"column":52}},"560":{"start":{"line":1349,"column":8},"end":{"line":1355,"column":10}},"561":{"start":{"line":1358,"column":6},"end":{"line":1358,"column":40}},"562":{"start":{"line":1363,"column":4},"end":{"line":1402,"column":5}},"563":{"start":{"line":1364,"column":22},"end":{"line":1364,"column":46}},"564":{"start":{"line":1365,"column":6},"end":{"line":1373,"column":7}},"565":{"start":{"line":1366,"column":8},"end":{"line":1371,"column":10}},"566":{"start":{"line":1372,"column":8},"end":{"line":1372,"column":42}},"567":{"start":{"line":1375,"column":30},"end":{"line":1375,"column":48}},"568":{"start":{"line":1376,"column":22},"end":{"line":1378,"column":7}},"569":{"start":{"line":1377,"column":15},"end":{"line":1377,"column":70}},"570":{"start":{"line":1380,"column":6},"end":{"line":1388,"column":7}},"571":{"start":{"line":1381,"column":8},"end":{"line":1386,"column":10}},"572":{"start":{"line":1387,"column":8},"end":{"line":1387,"column":42}},"573":{"start":{"line":1391,"column":6},"end":{"line":1391,"column":59}},"574":{"start":{"line":1393,"column":6},"end":{"line":1400,"column":8}},"575":{"start":{"line":1401,"column":6},"end":{"line":1401,"column":40}},"576":{"start":{"line":1405,"column":4},"end":{"line":1453,"column":5}},"577":{"start":{"line":1406,"column":20},"end":{"line":1406,"column":58}},"578":{"start":{"line":1408,"column":6},"end":{"line":1414,"column":7}},"579":{"start":{"line":1409,"column":8},"end":{"line":1412,"column":10}},"580":{"start":{"line":1413,"column":8},"end":{"line":1413,"column":42}},"581":{"start":{"line":1416,"column":22},"end":{"line":1424,"column":8}},"582":{"start":{"line":1417,"column":8},"end":{"line":1417,"column":38}},"583":{"start":{"line":1417,"column":25},"end":{"line":1417,"column":38}},"584":{"start":{"line":1418,"column":8},"end":{"line":1423,"column":10}},"585":{"start":{"line":1426,"column":6},"end":{"line":1429,"column":7}},"586":{"start":{"line":1427,"column":8},"end":{"line":1427,"column":85}},"587":{"start":{"line":1428,"column":8},"end":{"line":1428,"column":42}},"588":{"start":{"line":1431,"column":20},"end":{"line":1442,"column":8}},"589":{"start":{"line":1432,"column":21},"end":{"line":1436,"column":10}},"590":{"start":{"line":1438,"column":10},"end":{"line":1439,"column":20}},"591":{"start":{"line":1438,"column":35},"end":{"line":1438,"column":60}},"592":{"start":{"line":1440,"column":24},"end":{"line":1440,"column":44}},"593":{"start":{"line":1441,"column":8},"end":{"line":1441,"column":91}},"594":{"start":{"line":1443,"column":21},"end":{"line":1443,"column":70}},"595":{"start":{"line":1444,"column":22},"end":{"line":1444,"column":41}},"596":{"start":{"line":1447,"column":8},"end":{"line":1447,"column":76}},"597":{"start":{"line":1448,"column":6},"end":{"line":1451,"column":8}},"598":{"start":{"line":1452,"column":6},"end":{"line":1452,"column":40}},"599":{"start":{"line":1456,"column":4},"end":{"line":1493,"column":5}},"600":{"start":{"line":1457,"column":20},"end":{"line":1457,"column":35}},"601":{"start":{"line":1458,"column":20},"end":{"line":1458,"column":44}},"602":{"start":{"line":1461,"column":21},"end":{"line":1464,"column":38}},"603":{"start":{"line":1462,"column":23},"end":{"line":1462,"column":35}},"604":{"start":{"line":1463,"column":24},"end":{"line":1463,"column":55}},"605":{"start":{"line":1466,"column":6},"end":{"line":1469,"column":7}},"606":{"start":{"line":1467,"column":8},"end":{"line":1467,"column":63}},"607":{"start":{"line":1468,"column":8},"end":{"line":1468,"column":42}},"608":{"start":{"line":1471,"column":20},"end":{"line":1484,"column":8}},"609":{"start":{"line":1472,"column":21},"end":{"line":1478,"column":10}},"610":{"start":{"line":1480,"column":10},"end":{"line":1481,"column":20}},"611":{"start":{"line":1480,"column":35},"end":{"line":1480,"column":60}},"612":{"start":{"line":1482,"column":24},"end":{"line":1482,"column":44}},"613":{"start":{"line":1483,"column":8},"end":{"line":1483,"column":91}},"614":{"start":{"line":1485,"column":21},"end":{"line":1485,"column":77}},"615":{"start":{"line":1486,"column":22},"end":{"line":1486,"column":41}},"616":{"start":{"line":1488,"column":6},"end":{"line":1491,"column":8}},"617":{"start":{"line":1492,"column":6},"end":{"line":1492,"column":40}},"618":{"start":{"line":1498,"column":4},"end":{"line":1616,"column":5}},"619":{"start":{"line":1500,"column":29},"end":{"line":1500,"column":47}},"620":{"start":{"line":1502,"column":4},"end":{"line":1615,"column":5}},"621":{"start":{"line":1503,"column":28},"end":{"line":1503,"column":30}},"622":{"start":{"line":1504,"column":21},"end":{"line":1504,"column":23}},"623":{"start":{"line":1506,"column":6},"end":{"line":1515,"column":7}},"624":{"start":{"line":1508,"column":8},"end":{"line":1514,"column":9}},"625":{"start":{"line":1509,"column":10},"end":{"line":1509,"column":34}},"626":{"start":{"line":1511,"column":10},"end":{"line":1513,"column":12}},"627":{"start":{"line":1517,"column":6},"end":{"line":1520,"column":7}},"628":{"start":{"line":1518,"column":8},"end":{"line":1518,"column":55}},"629":{"start":{"line":1519,"column":8},"end":{"line":1519,"column":42}},"630":{"start":{"line":1523,"column":26},"end":{"line":1533,"column":9}},"631":{"start":{"line":1523,"column":54},"end":{"line":1533,"column":7}},"632":{"start":{"line":1535,"column":6},"end":{"line":1535,"column":38}},"633":{"start":{"line":1538,"column":26},"end":{"line":1538,"column":28}},"634":{"start":{"line":1539,"column":31},"end":{"line":1541,"column":7}},"635":{"start":{"line":1540,"column":44},"end":{"line":1540,"column":54}},"636":{"start":{"line":1544,"column":30},"end":{"line":1544,"column":50}},"637":{"start":{"line":1547,"column":33},"end":{"line":1547,"column":91}},"638":{"start":{"line":1547,"column":80},"end":{"line":1547,"column":87}},"639":{"start":{"line":1548,"column":31},"end":{"line":1548,"column":54}},"640":{"start":{"line":1549,"column":32},"end":{"line":1549,"column":61}},"641":{"start":{"line":1551,"column":25},"end":{"line":1551,"column":35}},"642":{"start":{"line":1552,"column":25},"end":{"line":1552,"column":99}},"643":{"start":{"line":1553,"column":25},"end":{"line":1553,"column":45}},"644":{"start":{"line":1554,"column":27},"end":{"line":1554,"column":48}},"645":{"start":{"line":1555,"column":26},"end":{"line":1555,"column":50}},"646":{"start":{"line":1557,"column":25},"end":{"line":1557,"column":72}},"647":{"start":{"line":1558,"column":24},"end":{"line":1558,"column":131}},"648":{"start":{"line":1559,"column":25},"end":{"line":1559,"column":63}},"649":{"start":{"line":1561,"column":25},"end":{"line":1563,"column":46}},"650":{"start":{"line":1562,"column":23},"end":{"line":1562,"column":67}},"651":{"start":{"line":1563,"column":28},"end":{"line":1563,"column":42}},"652":{"start":{"line":1564,"column":24},"end":{"line":1566,"column":46}},"653":{"start":{"line":1565,"column":23},"end":{"line":1565,"column":66}},"654":{"start":{"line":1566,"column":28},"end":{"line":1566,"column":42}},"655":{"start":{"line":1567,"column":25},"end":{"line":1569,"column":46}},"656":{"start":{"line":1568,"column":23},"end":{"line":1568,"column":67}},"657":{"start":{"line":1569,"column":28},"end":{"line":1569,"column":42}},"658":{"start":{"line":1571,"column":27},"end":{"line":1571,"column":104}},"659":{"start":{"line":1572,"column":26},"end":{"line":1572,"column":104}},"660":{"start":{"line":1573,"column":27},"end":{"line":1573,"column":108}},"661":{"start":{"line":1575,"column":6},"end":{"line":1580,"column":8}},"662":{"start":{"line":1582,"column":6},"end":{"line":1596,"column":7}},"663":{"start":{"line":1583,"column":25},"end":{"line":1587,"column":9}},"664":{"start":{"line":1589,"column":8},"end":{"line":1595,"column":10}},"665":{"start":{"line":1599,"column":20},"end":{"line":1601,"column":7}},"666":{"start":{"line":1600,"column":17},"end":{"line":1600,"column":51}},"667":{"start":{"line":1603,"column":21},"end":{"line":1603,"column":51}},"668":{"start":{"line":1605,"column":6},"end":{"line":1607,"column":7}},"669":{"start":{"line":1606,"column":8},"end":{"line":1606,"column":52}},"670":{"start":{"line":1609,"column":6},"end":{"line":1611,"column":7}},"671":{"start":{"line":1610,"column":8},"end":{"line":1610,"column":49}},"672":{"start":{"line":1613,"column":6},"end":{"line":1613,"column":53}},"673":{"start":{"line":1614,"column":6},"end":{"line":1614,"column":40}},"674":{"start":{"line":1621,"column":4},"end":{"line":1666,"column":5}},"675":{"start":{"line":1623,"column":29},"end":{"line":1623,"column":70}},"676":{"start":{"line":1623,"column":57},"end":{"line":1623,"column":69}},"677":{"start":{"line":1625,"column":6},"end":{"line":1628,"column":7}},"678":{"start":{"line":1626,"column":8},"end":{"line":1626,"column":63}},"679":{"start":{"line":1627,"column":8},"end":{"line":1627,"column":42}},"680":{"start":{"line":1630,"column":20},"end":{"line":1630,"column":72}},"681":{"start":{"line":1630,"column":54},"end":{"line":1630,"column":68}},"682":{"start":{"line":1631,"column":28},"end":{"line":1631,"column":57}},"683":{"start":{"line":1634,"column":21},"end":{"line":1634,"column":23}},"684":{"start":{"line":1635,"column":6},"end":{"line":1638,"column":9}},"685":{"start":{"line":1636,"column":8},"end":{"line":1636,"column":56}},"686":{"start":{"line":1636,"column":33},"end":{"line":1636,"column":56}},"687":{"start":{"line":1637,"column":8},"end":{"line":1637,"column":39}},"688":{"start":{"line":1641,"column":25},"end":{"line":1641,"column":78}},"689":{"start":{"line":1641,"column":63},"end":{"line":1641,"column":74}},"690":{"start":{"line":1643,"column":8},"end":{"line":1644,"column":21}},"691":{"start":{"line":1643,"column":33},"end":{"line":1643,"column":61}},"692":{"start":{"line":1647,"column":25},"end":{"line":1647,"column":27}},"693":{"start":{"line":1648,"column":6},"end":{"line":1651,"column":9}},"694":{"start":{"line":1649,"column":8},"end":{"line":1649,"column":64}},"695":{"start":{"line":1649,"column":37},"end":{"line":1649,"column":64}},"696":{"start":{"line":1650,"column":8},"end":{"line":1650,"column":43}},"697":{"start":{"line":1653,"column":26},"end":{"line":1655,"column":10}},"698":{"start":{"line":1654,"column":18},"end":{"line":1654,"column":29}},"699":{"start":{"line":1657,"column":26},"end":{"line":1657,"column":84}},"700":{"start":{"line":1657,"column":73},"end":{"line":1657,"column":80}},"701":{"start":{"line":1658,"column":24},"end":{"line":1658,"column":43}},"702":{"start":{"line":1659,"column":29},"end":{"line":1659,"column":91}},"703":{"start":{"line":1661,"column":6},"end":{"line":1664,"column":8}},"704":{"start":{"line":1665,"column":6},"end":{"line":1665,"column":40}},"705":{"start":{"line":1669,"column":4},"end":{"line":1699,"column":5}},"706":{"start":{"line":1671,"column":29},"end":{"line":1671,"column":70}},"707":{"start":{"line":1671,"column":57},"end":{"line":1671,"column":69}},"708":{"start":{"line":1673,"column":6},"end":{"line":1676,"column":7}},"709":{"start":{"line":1674,"column":8},"end":{"line":1674,"column":63}},"710":{"start":{"line":1675,"column":8},"end":{"line":1675,"column":42}},"711":{"start":{"line":1678,"column":21},"end":{"line":1678,"column":23}},"712":{"start":{"line":1679,"column":6},"end":{"line":1682,"column":9}},"713":{"start":{"line":1680,"column":8},"end":{"line":1680,"column":56}},"714":{"start":{"line":1680,"column":33},"end":{"line":1680,"column":56}},"715":{"start":{"line":1681,"column":8},"end":{"line":1681,"column":39}},"716":{"start":{"line":1684,"column":21},"end":{"line":1686,"column":20}},"717":{"start":{"line":1685,"column":24},"end":{"line":1685,"column":35}},"718":{"start":{"line":1688,"column":20},"end":{"line":1695,"column":8}},"719":{"start":{"line":1690,"column":10},"end":{"line":1691,"column":18}},"720":{"start":{"line":1690,"column":35},"end":{"line":1690,"column":58}},"721":{"start":{"line":1693,"column":10},"end":{"line":1693,"column":80}},"722":{"start":{"line":1694,"column":8},"end":{"line":1694,"column":72}},"723":{"start":{"line":1697,"column":6},"end":{"line":1697,"column":83}},"724":{"start":{"line":1698,"column":6},"end":{"line":1698,"column":40}},"725":{"start":{"line":1702,"column":4},"end":{"line":1741,"column":5}},"726":{"start":{"line":1703,"column":21},"end":{"line":1703,"column":31}},"727":{"start":{"line":1704,"column":21},"end":{"line":1704,"column":91}},"728":{"start":{"line":1705,"column":27},"end":{"line":1705,"column":44}},"729":{"start":{"line":1706,"column":26},"end":{"line":1706,"column":46}},"730":{"start":{"line":1709,"column":30},"end":{"line":1716,"column":8}},"731":{"start":{"line":1710,"column":8},"end":{"line":1710,"column":38}},"732":{"start":{"line":1710,"column":25},"end":{"line":1710,"column":38}},"733":{"start":{"line":1711,"column":28},"end":{"line":1711,"column":42}},"734":{"start":{"line":1712,"column":8},"end":{"line":1715,"column":10}},"735":{"start":{"line":1718,"column":6},"end":{"line":1721,"column":7}},"736":{"start":{"line":1719,"column":8},"end":{"line":1719,"column":70}},"737":{"start":{"line":1720,"column":8},"end":{"line":1720,"column":42}},"738":{"start":{"line":1723,"column":20},"end":{"line":1723,"column":73}},"739":{"start":{"line":1723,"column":55},"end":{"line":1723,"column":69}},"740":{"start":{"line":1724,"column":25},"end":{"line":1724,"column":27}},"741":{"start":{"line":1726,"column":6},"end":{"line":1729,"column":9}},"742":{"start":{"line":1727,"column":8},"end":{"line":1727,"column":64}},"743":{"start":{"line":1727,"column":37},"end":{"line":1727,"column":64}},"744":{"start":{"line":1728,"column":8},"end":{"line":1728,"column":43}},"745":{"start":{"line":1731,"column":24},"end":{"line":1731,"column":75}},"746":{"start":{"line":1732,"column":20},"end":{"line":1734,"column":76}},"747":{"start":{"line":1733,"column":24},"end":{"line":1733,"column":35}},"748":{"start":{"line":1734,"column":32},"end":{"line":1734,"column":75}},"749":{"start":{"line":1736,"column":6},"end":{"line":1739,"column":8}},"750":{"start":{"line":1740,"column":6},"end":{"line":1740,"column":40}},"751":{"start":{"line":1744,"column":4},"end":{"line":1764,"column":5}},"752":{"start":{"line":1745,"column":26},"end":{"line":1745,"column":74}},"753":{"start":{"line":1745,"column":54},"end":{"line":1745,"column":66}},"754":{"start":{"line":1747,"column":6},"end":{"line":1750,"column":7}},"755":{"start":{"line":1748,"column":8},"end":{"line":1748,"column":67}},"756":{"start":{"line":1749,"column":8},"end":{"line":1749,"column":42}},"757":{"start":{"line":1753,"column":6},"end":{"line":1757,"column":7}},"758":{"start":{"line":1754,"column":8},"end":{"line":1756,"column":9}},"759":{"start":{"line":1755,"column":10},"end":{"line":1755,"column":63}},"760":{"start":{"line":1759,"column":6},"end":{"line":1762,"column":8}},"761":{"start":{"line":1763,"column":6},"end":{"line":1763,"column":40}},"762":{"start":{"line":1767,"column":4},"end":{"line":1879,"column":5}},"763":{"start":{"line":1768,"column":25},"end":{"line":1768,"column":50}},"764":{"start":{"line":1769,"column":6},"end":{"line":1775,"column":7}},"765":{"start":{"line":1770,"column":8},"end":{"line":1773,"column":10}},"766":{"start":{"line":1774,"column":8},"end":{"line":1774,"column":42}},"767":{"start":{"line":1777,"column":29},"end":{"line":1777,"column":70}},"768":{"start":{"line":1777,"column":57},"end":{"line":1777,"column":69}},"769":{"start":{"line":1778,"column":25},"end":{"line":1778,"column":35}},"770":{"start":{"line":1779,"column":25},"end":{"line":1779,"column":99}},"771":{"start":{"line":1780,"column":25},"end":{"line":1780,"column":45}},"772":{"start":{"line":1781,"column":27},"end":{"line":1781,"column":48}},"773":{"start":{"line":1782,"column":26},"end":{"line":1782,"column":50}},"774":{"start":{"line":1785,"column":25},"end":{"line":1785,"column":72}},"775":{"start":{"line":1786,"column":24},"end":{"line":1786,"column":131}},"776":{"start":{"line":1787,"column":25},"end":{"line":1787,"column":63}},"777":{"start":{"line":1790,"column":29},"end":{"line":1790,"column":71}},"778":{"start":{"line":1791,"column":27},"end":{"line":1791,"column":77}},"779":{"start":{"line":1794,"column":33},"end":{"line":1794,"column":91}},"780":{"start":{"line":1794,"column":80},"end":{"line":1794,"column":87}},"781":{"start":{"line":1795,"column":31},"end":{"line":1795,"column":54}},"782":{"start":{"line":1796,"column":32},"end":{"line":1796,"column":61}},"783":{"start":{"line":1799,"column":25},"end":{"line":1801,"column":46}},"784":{"start":{"line":1800,"column":23},"end":{"line":1800,"column":51}},"785":{"start":{"line":1801,"column":28},"end":{"line":1801,"column":42}},"786":{"start":{"line":1802,"column":24},"end":{"line":1804,"column":46}},"787":{"start":{"line":1803,"column":23},"end":{"line":1803,"column":50}},"788":{"start":{"line":1804,"column":28},"end":{"line":1804,"column":42}},"789":{"start":{"line":1805,"column":25},"end":{"line":1807,"column":46}},"790":{"start":{"line":1806,"column":23},"end":{"line":1806,"column":51}},"791":{"start":{"line":1807,"column":28},"end":{"line":1807,"column":42}},"792":{"start":{"line":1810,"column":29},"end":{"line":1815,"column":46}},"793":{"start":{"line":1812,"column":26},"end":{"line":1812,"column":40}},"794":{"start":{"line":1813,"column":10},"end":{"line":1813,"column":70}},"795":{"start":{"line":1815,"column":28},"end":{"line":1815,"column":42}},"796":{"start":{"line":1817,"column":27},"end":{"line":1817,"column":104}},"797":{"start":{"line":1818,"column":26},"end":{"line":1818,"column":104}},"798":{"start":{"line":1819,"column":27},"end":{"line":1819,"column":108}},"799":{"start":{"line":1820,"column":31},"end":{"line":1820,"column":116}},"800":{"start":{"line":1823,"column":27},"end":{"line":1837,"column":7}},"801":{"start":{"line":1839,"column":28},"end":{"line":1839,"column":30}},"802":{"start":{"line":1840,"column":6},"end":{"line":1874,"column":7}},"803":{"start":{"line":1841,"column":23},"end":{"line":1841,"column":40}},"804":{"start":{"line":1842,"column":28},"end":{"line":1842,"column":39}},"805":{"start":{"line":1843,"column":29},"end":{"line":1843,"column":46}},"806":{"start":{"line":1845,"column":30},"end":{"line":1847,"column":48}},"807":{"start":{"line":1846,"column":25},"end":{"line":1846,"column":75}},"808":{"start":{"line":1847,"column":30},"end":{"line":1847,"column":44}},"809":{"start":{"line":1848,"column":29},"end":{"line":1850,"column":48}},"810":{"start":{"line":1849,"column":25},"end":{"line":1849,"column":74}},"811":{"start":{"line":1850,"column":30},"end":{"line":1850,"column":44}},"812":{"start":{"line":1851,"column":30},"end":{"line":1853,"column":48}},"813":{"start":{"line":1852,"column":25},"end":{"line":1852,"column":75}},"814":{"start":{"line":1853,"column":30},"end":{"line":1853,"column":44}},"815":{"start":{"line":1854,"column":34},"end":{"line":1859,"column":48}},"816":{"start":{"line":1856,"column":28},"end":{"line":1856,"column":42}},"817":{"start":{"line":1857,"column":12},"end":{"line":1857,"column":94}},"818":{"start":{"line":1859,"column":30},"end":{"line":1859,"column":44}},"819":{"start":{"line":1861,"column":32},"end":{"line":1861,"column":102}},"820":{"start":{"line":1862,"column":31},"end":{"line":1862,"column":102}},"821":{"start":{"line":1863,"column":32},"end":{"line":1863,"column":92}},"822":{"start":{"line":1864,"column":36},"end":{"line":1864,"column":100}},"823":{"start":{"line":1866,"column":8},"end":{"line":1873,"column":10}},"824":{"start":{"line":1876,"column":22},"end":{"line":1876,"column":130}},"825":{"start":{"line":1877,"column":6},"end":{"line":1877,"column":41}},"826":{"start":{"line":1878,"column":6},"end":{"line":1878,"column":40}},"827":{"start":{"line":1882,"column":4},"end":{"line":1886,"column":5}},"828":{"start":{"line":1883,"column":24},"end":{"line":1883,"column":84}},"829":{"start":{"line":1884,"column":6},"end":{"line":1884,"column":51}},"830":{"start":{"line":1885,"column":6},"end":{"line":1885,"column":40}},"831":{"start":{"line":1889,"column":4},"end":{"line":1889,"column":38}},"832":{"start":{"line":1892,"column":4},"end":{"line":1892,"column":41}},"833":{"start":{"line":1895,"column":4},"end":{"line":1895,"column":38}}},"fnMap":{"0":{"name":"sendMessage","decl":{"start":{"line":17,"column":15},"end":{"line":17,"column":26}},"loc":{"start":{"line":17,"column":57},"end":{"line":47,"column":1}},"line":17},"1":{"name":"now","decl":{"start":{"line":49,"column":9},"end":{"line":49,"column":12}},"loc":{"start":{"line":49,"column":15},"end":{"line":51,"column":1}},"line":49},"2":{"name":"formatDate","decl":{"start":{"line":53,"column":9},"end":{"line":53,"column":19}},"loc":{"start":{"line":53,"column":24},"end":{"line":64,"column":1}},"line":53},"3":{"name":"escapeHtml","decl":{"start":{"line":66,"column":9},"end":{"line":66,"column":19}},"loc":{"start":{"line":66,"column":26},"end":{"line":71,"column":1}},"line":66},"4":{"name":"generateAlerts","decl":{"start":{"line":75,"column":15},"end":{"line":75,"column":29}},"loc":{"start":{"line":75,"column":72},"end":{"line":187,"column":1}},"line":75},"5":{"name":"(anonymous_5)","decl":{"start":{"line":85,"column":41},"end":{"line":85,"column":42}},"loc":{"start":{"line":85,"column":48},"end":{"line":85,"column":60}},"line":85},"6":{"name":"(anonymous_6)","decl":{"start":{"line":125,"column":14},"end":{"line":125,"column":15}},"loc":{"start":{"line":125,"column":21},"end":{"line":125,"column":70}},"line":125},"7":{"name":"(anonymous_7)","decl":{"start":{"line":126,"column":14},"end":{"line":126,"column":15}},"loc":{"start":{"line":126,"column":26},"end":{"line":126,"column":40}},"line":126},"8":{"name":"(anonymous_8)","decl":{"start":{"line":170,"column":52},"end":{"line":170,"column":53}},"loc":{"start":{"line":170,"column":64},"end":{"line":170,"column":71}},"line":170},"9":{"name":"(anonymous_9)","decl":{"start":{"line":172,"column":12},"end":{"line":172,"column":13}},"loc":{"start":{"line":172,"column":19},"end":{"line":172,"column":46}},"line":172},"10":{"name":"(anonymous_10)","decl":{"start":{"line":173,"column":12},"end":{"line":173,"column":13}},"loc":{"start":{"line":173,"column":24},"end":{"line":173,"column":38}},"line":173},"11":{"name":"handleFastCommands","decl":{"start":{"line":191,"column":15},"end":{"line":191,"column":33}},"loc":{"start":{"line":191,"column":48},"end":{"line":230,"column":1}},"line":191},"12":{"name":"loadAllData","decl":{"start":{"line":235,"column":15},"end":{"line":235,"column":26}},"loc":{"start":{"line":235,"column":29},"end":{"line":244,"column":1}},"line":235},"13":{"name":"loadBudgets","decl":{"start":{"line":246,"column":15},"end":{"line":246,"column":26}},"loc":{"start":{"line":246,"column":29},"end":{"line":266,"column":1}},"line":246},"14":{"name":"(anonymous_14)","decl":{"start":{"line":258,"column":23},"end":{"line":258,"column":24}},"loc":{"start":{"line":258,"column":31},"end":{"line":258,"column":74}},"line":258},"15":{"name":"saveBudgets","decl":{"start":{"line":268,"column":15},"end":{"line":268,"column":26}},"loc":{"start":{"line":268,"column":36},"end":{"line":285,"column":1}},"line":268},"16":{"name":"(anonymous_16)","decl":{"start":{"line":270,"column":43},"end":{"line":270,"column":44}},"loc":{"start":{"line":270,"column":68},"end":{"line":273,"column":3}},"line":270},"17":{"name":"ensureUncategorizedExists","decl":{"start":{"line":287,"column":15},"end":{"line":287,"column":40}},"loc":{"start":{"line":287,"column":50},"end":{"line":293,"column":1}},"line":287},"18":{"name":"loadExpenses","decl":{"start":{"line":295,"column":15},"end":{"line":295,"column":27}},"loc":{"start":{"line":295,"column":30},"end":{"line":318,"column":1}},"line":295},"19":{"name":"(anonymous_19)","decl":{"start":{"line":306,"column":26},"end":{"line":306,"column":27}},"loc":{"start":{"line":306,"column":34},"end":{"line":317,"column":3}},"line":306},"20":{"name":"saveExpenses","decl":{"start":{"line":320,"column":15},"end":{"line":320,"column":27}},"loc":{"start":{"line":320,"column":38},"end":{"line":341,"column":1}},"line":320},"21":{"name":"(anonymous_21)","decl":{"start":{"line":324,"column":17},"end":{"line":324,"column":18}},"loc":{"start":{"line":324,"column":25},"end":{"line":334,"column":5}},"line":324},"22":{"name":"updateExpense","decl":{"start":{"line":343,"column":15},"end":{"line":343,"column":28}},"loc":{"start":{"line":343,"column":42},"end":{"line":360,"column":1}},"line":343},"23":{"name":"settleAllExpenses","decl":{"start":{"line":363,"column":15},"end":{"line":363,"column":32}},"loc":{"start":{"line":363,"column":35},"end":{"line":374,"column":1}},"line":363},"24":{"name":"loadMembers","decl":{"start":{"line":376,"column":15},"end":{"line":376,"column":26}},"loc":{"start":{"line":376,"column":29},"end":{"line":393,"column":1}},"line":376},"25":{"name":"(anonymous_25)","decl":{"start":{"line":387,"column":26},"end":{"line":387,"column":27}},"loc":{"start":{"line":387,"column":34},"end":{"line":392,"column":3}},"line":387},"26":{"name":"saveMembers","decl":{"start":{"line":395,"column":15},"end":{"line":395,"column":26}},"loc":{"start":{"line":395,"column":36},"end":{"line":411,"column":1}},"line":395},"27":{"name":"(anonymous_27)","decl":{"start":{"line":399,"column":16},"end":{"line":399,"column":17}},"loc":{"start":{"line":399,"column":24},"end":{"line":404,"column":5}},"line":399},"28":{"name":"updateMember","decl":{"start":{"line":413,"column":15},"end":{"line":413,"column":27}},"loc":{"start":{"line":413,"column":53},"end":{"line":428,"column":1}},"line":413},"29":{"name":"deleteMember","decl":{"start":{"line":430,"column":15},"end":{"line":430,"column":27}},"loc":{"start":{"line":430,"column":38},"end":{"line":441,"column":1}},"line":430},"30":{"name":"loadSettlements","decl":{"start":{"line":443,"column":15},"end":{"line":443,"column":30}},"loc":{"start":{"line":443,"column":33},"end":{"line":460,"column":1}},"line":443},"31":{"name":"(anonymous_31)","decl":{"start":{"line":454,"column":26},"end":{"line":454,"column":27}},"loc":{"start":{"line":454,"column":34},"end":{"line":459,"column":3}},"line":454},"32":{"name":"saveSettlements","decl":{"start":{"line":462,"column":15},"end":{"line":462,"column":30}},"loc":{"start":{"line":462,"column":44},"end":{"line":479,"column":1}},"line":462},"33":{"name":"(anonymous_33)","decl":{"start":{"line":466,"column":20},"end":{"line":466,"column":21}},"loc":{"start":{"line":466,"column":28},"end":{"line":471,"column":5}},"line":466},"34":{"name":"updateSettlement","decl":{"start":{"line":481,"column":15},"end":{"line":481,"column":31}},"loc":{"start":{"line":481,"column":51},"end":{"line":497,"column":1}},"line":481},"35":{"name":"resetSettlements","decl":{"start":{"line":499,"column":15},"end":{"line":499,"column":31}},"loc":{"start":{"line":499,"column":34},"end":{"line":509,"column":1}},"line":499},"36":{"name":"ensureUserExists","decl":{"start":{"line":513,"column":15},"end":{"line":513,"column":31}},"loc":{"start":{"line":513,"column":71},"end":{"line":551,"column":1}},"line":513},"37":{"name":"(anonymous_37)","decl":{"start":{"line":515,"column":32},"end":{"line":515,"column":33}},"loc":{"start":{"line":515,"column":39},"end":{"line":515,"column":74}},"line":515},"38":{"name":"(anonymous_38)","decl":{"start":{"line":533,"column":22},"end":{"line":533,"column":23}},"loc":{"start":{"line":533,"column":29},"end":{"line":533,"column":52}},"line":533},"39":{"name":"parseExpense","decl":{"start":{"line":555,"column":9},"end":{"line":555,"column":21}},"loc":{"start":{"line":555,"column":28},"end":{"line":700,"column":1}},"line":555},"40":{"name":"isRangeUsed","decl":{"start":{"line":573,"column":11},"end":{"line":573,"column":22}},"loc":{"start":{"line":573,"column":35},"end":{"line":579,"column":3}},"line":573},"41":{"name":"(anonymous_41)","decl":{"start":{"line":574,"column":27},"end":{"line":574,"column":28}},"loc":{"start":{"line":575,"column":6},"end":{"line":577,"column":48}},"line":575},"42":{"name":"(anonymous_42)","decl":{"start":{"line":589,"column":14},"end":{"line":589,"column":15}},"loc":{"start":{"line":589,"column":28},"end":{"line":589,"column":49}},"line":589},"43":{"name":"(anonymous_43)","decl":{"start":{"line":625,"column":16},"end":{"line":625,"column":17}},"loc":{"start":{"line":625,"column":30},"end":{"line":625,"column":51}},"line":625},"44":{"name":"(anonymous_44)","decl":{"start":{"line":661,"column":13},"end":{"line":661,"column":14}},"loc":{"start":{"line":661,"column":20},"end":{"line":661,"column":28}},"line":661},"45":{"name":"(anonymous_45)","decl":{"start":{"line":662,"column":16},"end":{"line":662,"column":17}},"loc":{"start":{"line":662,"column":23},"end":{"line":662,"column":24}},"line":662},"46":{"name":"(anonymous_46)","decl":{"start":{"line":664,"column":25},"end":{"line":664,"column":26}},"loc":{"start":{"line":664,"column":39},"end":{"line":670,"column":7}},"line":664},"47":{"name":"(anonymous_47)","decl":{"start":{"line":686,"column":48},"end":{"line":686,"column":49}},"loc":{"start":{"line":686,"column":53},"end":{"line":686,"column":72}},"line":686},"48":{"name":"calculateBudgetProgress","decl":{"start":{"line":704,"column":9},"end":{"line":704,"column":32}},"loc":{"start":{"line":704,"column":62},"end":{"line":765,"column":1}},"line":704},"49":{"name":"(anonymous_49)","decl":{"start":{"line":733,"column":4},"end":{"line":733,"column":5}},"loc":{"start":{"line":733,"column":11},"end":{"line":733,"column":50}},"line":733},"50":{"name":"(anonymous_50)","decl":{"start":{"line":738,"column":12},"end":{"line":738,"column":13}},"loc":{"start":{"line":738,"column":19},"end":{"line":738,"column":49}},"line":738},"51":{"name":"(anonymous_51)","decl":{"start":{"line":739,"column":12},"end":{"line":739,"column":13}},"loc":{"start":{"line":739,"column":24},"end":{"line":739,"column":38}},"line":739},"52":{"name":"(anonymous_52)","decl":{"start":{"line":742,"column":12},"end":{"line":742,"column":13}},"loc":{"start":{"line":742,"column":19},"end":{"line":742,"column":48}},"line":742},"53":{"name":"(anonymous_53)","decl":{"start":{"line":743,"column":12},"end":{"line":743,"column":13}},"loc":{"start":{"line":743,"column":24},"end":{"line":743,"column":38}},"line":743},"54":{"name":"(anonymous_54)","decl":{"start":{"line":746,"column":12},"end":{"line":746,"column":13}},"loc":{"start":{"line":746,"column":19},"end":{"line":746,"column":49}},"line":746},"55":{"name":"(anonymous_55)","decl":{"start":{"line":747,"column":12},"end":{"line":747,"column":13}},"loc":{"start":{"line":747,"column":24},"end":{"line":747,"column":38}},"line":747},"56":{"name":"handler","decl":{"start":{"line":769,"column":30},"end":{"line":769,"column":37}},"loc":{"start":{"line":769,"column":48},"end":{"line":1897,"column":1}},"line":769},"57":{"name":"(anonymous_57)","decl":{"start":{"line":824,"column":44},"end":{"line":824,"column":45}},"loc":{"start":{"line":824,"column":66},"end":{"line":824,"column":78}},"line":824},"58":{"name":"(anonymous_58)","decl":{"start":{"line":826,"column":8},"end":{"line":826,"column":9}},"loc":{"start":{"line":826,"column":27},"end":{"line":826,"column":68}},"line":826},"59":{"name":"(anonymous_59)","decl":{"start":{"line":839,"column":43},"end":{"line":839,"column":44}},"loc":{"start":{"line":839,"column":50},"end":{"line":839,"column":51}},"line":839},"60":{"name":"(anonymous_60)","decl":{"start":{"line":885,"column":43},"end":{"line":885,"column":44}},"loc":{"start":{"line":885,"column":50},"end":{"line":885,"column":51}},"line":885},"61":{"name":"(anonymous_61)","decl":{"start":{"line":938,"column":43},"end":{"line":938,"column":44}},"loc":{"start":{"line":938,"column":50},"end":{"line":938,"column":51}},"line":938},"62":{"name":"(anonymous_62)","decl":{"start":{"line":975,"column":45},"end":{"line":975,"column":46}},"loc":{"start":{"line":975,"column":52},"end":{"line":975,"column":70}},"line":975},"63":{"name":"(anonymous_63)","decl":{"start":{"line":1026,"column":37},"end":{"line":1026,"column":38}},"loc":{"start":{"line":1026,"column":49},"end":{"line":1029,"column":7}},"line":1026},"64":{"name":"(anonymous_64)","decl":{"start":{"line":1043,"column":43},"end":{"line":1043,"column":44}},"loc":{"start":{"line":1043,"column":50},"end":{"line":1043,"column":51}},"line":1043},"65":{"name":"(anonymous_65)","decl":{"start":{"line":1058,"column":28},"end":{"line":1058,"column":29}},"loc":{"start":{"line":1058,"column":35},"end":{"line":1058,"column":61}},"line":1058},"66":{"name":"(anonymous_66)","decl":{"start":{"line":1098,"column":43},"end":{"line":1098,"column":44}},"loc":{"start":{"line":1098,"column":50},"end":{"line":1098,"column":51}},"line":1098},"67":{"name":"(anonymous_67)","decl":{"start":{"line":1113,"column":39},"end":{"line":1113,"column":40}},"loc":{"start":{"line":1113,"column":46},"end":{"line":1113,"column":75}},"line":1113},"68":{"name":"(anonymous_68)","decl":{"start":{"line":1152,"column":50},"end":{"line":1152,"column":51}},"loc":{"start":{"line":1152,"column":57},"end":{"line":1152,"column":69}},"line":1152},"69":{"name":"(anonymous_69)","decl":{"start":{"line":1154,"column":61},"end":{"line":1154,"column":62}},"loc":{"start":{"line":1154,"column":73},"end":{"line":1154,"column":80}},"line":1154},"70":{"name":"(anonymous_70)","decl":{"start":{"line":1155,"column":47},"end":{"line":1155,"column":48}},"loc":{"start":{"line":1155,"column":59},"end":{"line":1155,"column":73}},"line":1155},"71":{"name":"(anonymous_71)","decl":{"start":{"line":1160,"column":18},"end":{"line":1160,"column":19}},"loc":{"start":{"line":1160,"column":25},"end":{"line":1160,"column":43}},"line":1160},"72":{"name":"(anonymous_72)","decl":{"start":{"line":1161,"column":18},"end":{"line":1161,"column":19}},"loc":{"start":{"line":1161,"column":30},"end":{"line":1161,"column":44}},"line":1161},"73":{"name":"(anonymous_73)","decl":{"start":{"line":1190,"column":53},"end":{"line":1190,"column":54}},"loc":{"start":{"line":1190,"column":60},"end":{"line":1190,"column":86}},"line":1190},"74":{"name":"(anonymous_74)","decl":{"start":{"line":1204,"column":27},"end":{"line":1204,"column":28}},"loc":{"start":{"line":1204,"column":34},"end":{"line":1206,"column":7}},"line":1204},"75":{"name":"(anonymous_75)","decl":{"start":{"line":1208,"column":32},"end":{"line":1208,"column":33}},"loc":{"start":{"line":1208,"column":39},"end":{"line":1212,"column":7}},"line":1208},"76":{"name":"(anonymous_76)","decl":{"start":{"line":1215,"column":8},"end":{"line":1215,"column":9}},"loc":{"start":{"line":1215,"column":22},"end":{"line":1215,"column":31}},"line":1215},"77":{"name":"(anonymous_77)","decl":{"start":{"line":1222,"column":27},"end":{"line":1222,"column":28}},"loc":{"start":{"line":1222,"column":34},"end":{"line":1224,"column":7}},"line":1222},"78":{"name":"(anonymous_78)","decl":{"start":{"line":1230,"column":39},"end":{"line":1230,"column":40}},"loc":{"start":{"line":1230,"column":64},"end":{"line":1236,"column":7}},"line":1230},"79":{"name":"(anonymous_79)","decl":{"start":{"line":1251,"column":21},"end":{"line":1251,"column":22}},"loc":{"start":{"line":1251,"column":31},"end":{"line":1251,"column":50}},"line":1251},"80":{"name":"(anonymous_80)","decl":{"start":{"line":1252,"column":19},"end":{"line":1252,"column":20}},"loc":{"start":{"line":1252,"column":29},"end":{"line":1252,"column":48}},"line":1252},"81":{"name":"(anonymous_81)","decl":{"start":{"line":1262,"column":28},"end":{"line":1262,"column":29}},"loc":{"start":{"line":1262,"column":35},"end":{"line":1262,"column":67}},"line":1262},"82":{"name":"(anonymous_82)","decl":{"start":{"line":1265,"column":28},"end":{"line":1265,"column":29}},"loc":{"start":{"line":1265,"column":35},"end":{"line":1265,"column":65}},"line":1265},"83":{"name":"(anonymous_83)","decl":{"start":{"line":1294,"column":8},"end":{"line":1294,"column":9}},"loc":{"start":{"line":1294,"column":15},"end":{"line":1294,"column":38}},"line":1294},"84":{"name":"(anonymous_84)","decl":{"start":{"line":1327,"column":50},"end":{"line":1327,"column":51}},"loc":{"start":{"line":1327,"column":57},"end":{"line":1327,"column":66}},"line":1327},"85":{"name":"(anonymous_85)","decl":{"start":{"line":1346,"column":55},"end":{"line":1346,"column":56}},"loc":{"start":{"line":1346,"column":62},"end":{"line":1346,"column":71}},"line":1346},"86":{"name":"(anonymous_86)","decl":{"start":{"line":1377,"column":8},"end":{"line":1377,"column":9}},"loc":{"start":{"line":1377,"column":15},"end":{"line":1377,"column":70}},"line":1377},"87":{"name":"(anonymous_87)","decl":{"start":{"line":1416,"column":43},"end":{"line":1416,"column":44}},"loc":{"start":{"line":1416,"column":50},"end":{"line":1424,"column":7}},"line":1416},"88":{"name":"(anonymous_88)","decl":{"start":{"line":1431,"column":45},"end":{"line":1431,"column":46}},"loc":{"start":{"line":1431,"column":52},"end":{"line":1442,"column":7}},"line":1431},"89":{"name":"(anonymous_89)","decl":{"start":{"line":1438,"column":28},"end":{"line":1438,"column":29}},"loc":{"start":{"line":1438,"column":35},"end":{"line":1438,"column":60}},"line":1438},"90":{"name":"(anonymous_90)","decl":{"start":{"line":1462,"column":16},"end":{"line":1462,"column":17}},"loc":{"start":{"line":1462,"column":23},"end":{"line":1462,"column":35}},"line":1462},"91":{"name":"(anonymous_91)","decl":{"start":{"line":1463,"column":14},"end":{"line":1463,"column":15}},"loc":{"start":{"line":1463,"column":24},"end":{"line":1463,"column":55}},"line":1463},"92":{"name":"(anonymous_92)","decl":{"start":{"line":1471,"column":31},"end":{"line":1471,"column":32}},"loc":{"start":{"line":1471,"column":38},"end":{"line":1484,"column":7}},"line":1471},"93":{"name":"(anonymous_93)","decl":{"start":{"line":1480,"column":28},"end":{"line":1480,"column":29}},"loc":{"start":{"line":1480,"column":35},"end":{"line":1480,"column":60}},"line":1480},"94":{"name":"(anonymous_94)","decl":{"start":{"line":1523,"column":44},"end":{"line":1523,"column":45}},"loc":{"start":{"line":1523,"column":54},"end":{"line":1533,"column":7}},"line":1523},"95":{"name":"(anonymous_95)","decl":{"start":{"line":1540,"column":37},"end":{"line":1540,"column":38}},"loc":{"start":{"line":1540,"column":44},"end":{"line":1540,"column":54}},"line":1540},"96":{"name":"(anonymous_96)","decl":{"start":{"line":1547,"column":68},"end":{"line":1547,"column":69}},"loc":{"start":{"line":1547,"column":80},"end":{"line":1547,"column":87}},"line":1547},"97":{"name":"(anonymous_97)","decl":{"start":{"line":1562,"column":16},"end":{"line":1562,"column":17}},"loc":{"start":{"line":1562,"column":23},"end":{"line":1562,"column":67}},"line":1562},"98":{"name":"(anonymous_98)","decl":{"start":{"line":1563,"column":16},"end":{"line":1563,"column":17}},"loc":{"start":{"line":1563,"column":28},"end":{"line":1563,"column":42}},"line":1563},"99":{"name":"(anonymous_99)","decl":{"start":{"line":1565,"column":16},"end":{"line":1565,"column":17}},"loc":{"start":{"line":1565,"column":23},"end":{"line":1565,"column":66}},"line":1565},"100":{"name":"(anonymous_100)","decl":{"start":{"line":1566,"column":16},"end":{"line":1566,"column":17}},"loc":{"start":{"line":1566,"column":28},"end":{"line":1566,"column":42}},"line":1566},"101":{"name":"(anonymous_101)","decl":{"start":{"line":1568,"column":16},"end":{"line":1568,"column":17}},"loc":{"start":{"line":1568,"column":23},"end":{"line":1568,"column":67}},"line":1568},"102":{"name":"(anonymous_102)","decl":{"start":{"line":1569,"column":16},"end":{"line":1569,"column":17}},"loc":{"start":{"line":1569,"column":28},"end":{"line":1569,"column":42}},"line":1569},"103":{"name":"(anonymous_103)","decl":{"start":{"line":1600,"column":8},"end":{"line":1600,"column":9}},"loc":{"start":{"line":1600,"column":17},"end":{"line":1600,"column":51}},"line":1600},"104":{"name":"(anonymous_104)","decl":{"start":{"line":1623,"column":50},"end":{"line":1623,"column":51}},"loc":{"start":{"line":1623,"column":57},"end":{"line":1623,"col
[...]
3":0,"124":0,"125":0,"126":0,"127":0,"128":0,"129":0,"130":0,"131":0,"132":0,"133":0,"134":0,"135":0,"136":0,"137":0,"138":0,"139":0,"140":0},"b":{"0":[0],"1":[0,0],"2":[0,0],"3":[0],"4":[0,0],"5":[0,0],"6":[0,0],"7":[0,0],"8":[0,0],"9":[0,0],"10":[0,0],"11":[0,0],"12":[0,0],"13":[0,0],"14":[0,0],"15":[0,0],"16":[0,0],"17":[0,0],"18":[0,0],"19":[0,0],"20":[0,0],"21":[0,0],"22":[0,0],"23":[0,0],"24":[0,0],"25":[0,0],"26":[0,0],"27":[0,0],"28":[0,0],"29":[0,0],"30":[0,0],"31":[0,0],"32":[0,0],"33":[0,0],"34":[0,0],"35":[0,0],"36":[0,0],"37":[0,0],"38":[0,0],"39":[0,0],"40":[0,0],"41":[0,0],"42":[0,0],"43":[0,0],"44":[0,0],"45":[0,0],"46":[0,0],"47":[0,0],"48":[0,0],"49":[0,0],"50":[0,0],"51":[0,0],"52":[0,0],"53":[0,0],"54":[0,0],"55":[0,0],"56":[0,0],"57":[0,0],"58":[0,0],"59":[0,0],"60":[0,0],"61":[0,0],"62":[0,0],"63":[0,0],"64":[0,0],"65":[0,0],"66":[0,0,0],"67":[0,0],"68":[0,0,0,0,0,0],"69":[0,0],"70":[0,0],"71":[0,0],"72":[0,0],"73":[0,0],"74":[0,0],"75":[0,0],"76":[0,0],"77":[0,0],"78":[0,0],"79":[0,0],"80":[0,0],"81":[0,0],"82":[0,0],"83":[0,0],"84":[0,0],"85":[0,0],"86":[0,0],"87":[0,0],"88":[0,0],"89":[0,0],"90":[0,0],"91":[0,0],"92":[0,0],"93":[0,0],"94":[0,0],"95":[0,0],"96":[0,0],"97":[0,0],"98":[0,0],"99":[0,0],"100":[0,0],"101":[0,0],"102":[0,0],"103":[0,0],"104":[0,0],"105":[0,0],"106":[0,0],"107":[0,0],"108":[0,0],"109":[0,0],"110":[0,0],"111":[0,0],"112":[0,0],"113":[0,0],"114":[0,0],"115":[0,0,0],"116":[0,0],"117":[0,0],"118":[0,0],"119":[0,0],"120":[0,0],"121":[0,0],"122":[0,0],"123":[0,0],"124":[0,0],"125":[0,0],"126":[0,0],"127":[0,0],"128":[0,0],"129":[0,0],"130":[0,0],"131":[0,0],"132":[0,0],"133":[0,0],"134":[0,0],"135":[0,0],"136":[0,0],"137":[0,0],"138":[0,0],"139":[0,0],"140":[0,0],"141":[0,0],"142":[0,0],"143":[0,0],"144":[0,0],"145":[0,0],"146":[0,0],"147":[0,0],"148":[0,0],"149":[0,0],"150":[0,0],"151":[0,0],"152":[0,0],"153":[0,0,0,0,0],"154":[0,0],"155":[0,0],"156":[0,0],"157":[0,0],"158":[0,0],"159":[0,0],"160":[0,0],"161":[0,0],"162":[0,0],"163":[0,0],"164":[0,0],"165":[0,0],"166":[0,0],"167":[0,0],"168":[0,0],"169":[0,0],"170":[0,0],"171":[0,0],"172":[0,0],"173":[0,0],"174":[0,0],"175":[0,0],"176":[0,0],"177":[0,0],"178":[0,0],"179":[0,0],"180":[0,0],"181":[0,0],"182":[0,0],"183":[0,0],"184":[0,0],"185":[0,0],"186":[0,0],"187":[0,0],"188":[0,0],"189":[0,0],"190":[0,0],"191":[0,0],"192":[0,0],"193":[0,0],"194":[0,0],"195":[0,0],"196":[0,0],"197":[0,0],"198":[0,0],"199":[0,0],"200":[0,0],"201":[0,0],"202":[0,0],"203":[0,0],"204":[0,0],"205":[0,0],"206":[0,0],"207":[0,0],"208":[0,0],"209":[0,0,0],"210":[0,0],"211":[0,0],"212":[0,0],"213":[0,0],"214":[0,0]},"inputSourceMap":null}
,"/Users/bhupesh/Desktop/expense-tracker/expense-bot/api/cron/daily-summary.js": {"path":"/Users/bhupesh/Desktop/expense-tracker/expense-bot/api/cron/daily-summary.js","statementMap":{"0":{"start":{"line":5,"column":18},"end":{"line":5,"column":48}},"1":{"start":{"line":6,"column":21},"end":{"line":6,"column":45}},"2":{"start":{"line":7,"column":21},"end":{"line":7,"column":58}},"3":{"start":{"line":8,"column":16},"end":{"line":8,"column":44}},"4":{"start":{"line":10,"column":16},"end":{"line":10,"column":58}},"5":{"start":{"line":12,"column":17},"end":{"line":14,"column":2}},"6":{"start":{"line":19,"column":2},"end":{"line":31,"column":3}},"7":{"start":{"line":20,"column":4},"end":{"line":28,"column":7}},"8":{"start":{"line":30,"column":4},"end":{"line":30,"column":52}},"9":{"start":{"line":35,"column":26},"end":{"line":38,"column":22}},"10":{"start":{"line":40,"column":2},"end":{"line":43,"column":3}},"11":{"start":{"line":41,"column":4},"end":{"line":41,"column":51}},"12":{"start":{"line":42,"column":4},"end":{"line":42,"column":14}},"13":{"start":{"line":45,"column":18},"end":{"line":45,"column":20}},"14":{"start":{"line":46,"column":2},"end":{"line":46,"column":77}},"15":{"start":{"line":46,"column":31},"end":{"line":46,"column":74}},"16":{"start":{"line":47,"column":2},"end":{"line":47,"column":17}},"17":{"start":{"line":51,"column":26},"end":{"line":54,"column":38}},"18":{"start":{"line":56,"column":2},"end":{"line":59,"column":3}},"19":{"start":{"line":57,"column":4},"end":{"line":57,"column":52}},"20":{"start":{"line":58,"column":4},"end":{"line":58,"column":14}},"21":{"start":{"line":61,"column":2},"end":{"line":68,"column":6}},"22":{"start":{"line":61,"column":34},"end":{"line":68,"column":3}},"23":{"start":{"line":72,"column":2},"end":{"line":72,"column":32}},"24":{"start":{"line":72,"column":21},"end":{"line":72,"column":32}},"25":{"start":{"line":73,"column":2},"end":{"line":73,"column":34}},"26":{"start":{"line":73,"column":22},"end":{"line":73,"column":34}},"27":{"start":{"line":74,"column":2},"end":{"line":74,"column":14}},"28":{"start":{"line":78,"column":2},"end":{"line":78,"column":39}},"29":{"start":{"line":78,"column":21},"end":{"line":78,"column":39}},"30":{"start":{"line":79,"column":2},"end":{"line":79,"column":46}},"31":{"start":{"line":79,"column":22},"end":{"line":79,"column":46}},"32":{"start":{"line":80,"column":2},"end":{"line":80,"column":21}},"33":{"start":{"line":86,"column":18},"end":{"line":86,"column":37}},"34":{"start":{"line":87,"column":19},"end":{"line":87,"column":39}},"35":{"start":{"line":90,"column":25},"end":{"line":90,"column":61}},"36":{"start":{"line":90,"column":48},"end":{"line":90,"column":60}},"37":{"start":{"line":93,"column":29},"end":{"line":93,"column":82}},"38":{"start":{"line":93,"column":71},"end":{"line":93,"column":78}},"39":{"start":{"line":94,"column":27},"end":{"line":94,"column":50}},"40":{"start":{"line":95,"column":28},"end":{"line":95,"column":57}},"41":{"start":{"line":98,"column":17},"end":{"line":98,"column":27}},"42":{"start":{"line":99,"column":17},"end":{"line":99,"column":87}},"43":{"start":{"line":100,"column":21},"end":{"line":100,"column":37}},"44":{"start":{"line":101,"column":23},"end":{"line":101,"column":40}},"45":{"start":{"line":102,"column":22},"end":{"line":102,"column":42}},"46":{"start":{"line":105,"column":21},"end":{"line":105,"column":68}},"47":{"start":{"line":106,"column":19},"end":{"line":106,"column":78}},"48":{"start":{"line":109,"column":25},"end":{"line":109,"column":76}},"49":{"start":{"line":110,"column":23},"end":{"line":110,"column":86}},"50":{"start":{"line":113,"column":20},"end":{"line":113,"column":35}},"51":{"start":{"line":114,"column":23},"end":{"line":114,"column":58}},"52":{"start":{"line":115,"column":20},"end":{"line":115,"column":82}},"53":{"start":{"line":118,"column":21},"end":{"line":118,"column":59}},"54":{"start":{"line":121,"column":21},"end":{"line":126,"column":42}},"55":{"start":{"line":123,"column":22},"end":{"line":123,"column":36}},"56":{"start":{"line":124,"column":6},"end":{"line":124,"column":58}},"57":{"start":{"line":126,"column":24},"end":{"line":126,"column":38}},"58":{"start":{"line":128,"column":25},"end":{"line":133,"column":42}},"59":{"start":{"line":130,"column":22},"end":{"line":130,"column":36}},"60":{"start":{"line":131,"column":6},"end":{"line":131,"column":66}},"61":{"start":{"line":133,"column":24},"end":{"line":133,"column":38}},"62":{"start":{"line":135,"column":20},"end":{"line":137,"column":42}},"63":{"start":{"line":136,"column":19},"end":{"line":136,"column":76}},"64":{"start":{"line":137,"column":24},"end":{"line":137,"column":38}},"65":{"start":{"line":139,"column":21},"end":{"line":141,"column":42}},"66":{"start":{"line":140,"column":19},"end":{"line":140,"column":77}},"67":{"start":{"line":141,"column":24},"end":{"line":141,"column":38}},"68":{"start":{"line":144,"column":30},"end":{"line":144,"column":40}},"69":{"start":{"line":145,"column":23},"end":{"line":145,"column":85}},"70":{"start":{"line":148,"column":23},"end":{"line":148,"column":87}},"71":{"start":{"line":149,"column":27},"end":{"line":149,"column":95}},"72":{"start":{"line":150,"column":26},"end":{"line":150,"column":92}},"73":{"start":{"line":151,"column":22},"end":{"line":151,"column":87}},"74":{"start":{"line":152,"column":23},"end":{"line":152,"column":91}},"75":{"start":{"line":155,"column":22},"end":{"line":155,"column":50}},"76":{"start":{"line":156,"column":26},"end":{"line":156,"column":53}},"77":{"start":{"line":158,"column":26},"end":{"line":158,"column":58}},"78":{"start":{"line":159,"column":30},"end":{"line":159,"column":61}},"79":{"start":{"line":161,"column":25},"end":{"line":161,"column":56}},"80":{"start":{"line":162,"column":29},"end":{"line":162,"column":59}},"81":{"start":{"line":164,"column":21},"end":{"line":164,"column":48}},"82":{"start":{"line":165,"column":25},"end":{"line":165,"column":51}},"83":{"start":{"line":167,"column":22},"end":{"line":167,"column":50}},"84":{"start":{"line":168,"column":26},"end":{"line":168,"column":53}},"85":{"start":{"line":171,"column":18},"end":{"line":208,"column":39}},"86":{"start":{"line":210,"column":2},"end":{"line":210,"column":17}},"87":{"start":{"line":216,"column":2},"end":{"line":251,"column":3}},"88":{"start":{"line":217,"column":26},"end":{"line":217,"column":90}},"89":{"start":{"line":218,"column":4},"end":{"line":218,"column":65}},"90":{"start":{"line":221,"column":4},"end":{"line":224,"column":5}},"91":{"start":{"line":222,"column":6},"end":{"line":222,"column":56}},"92":{"start":{"line":223,"column":6},"end":{"line":223,"column":61}},"93":{"start":{"line":226,"column":4},"end":{"line":229,"column":5}},"94":{"start":{"line":227,"column":6},"end":{"line":227,"column":62}},"95":{"start":{"line":228,"column":6},"end":{"line":228,"column":71}},"96":{"start":{"line":231,"column":4},"end":{"line":231,"column":66}},"97":{"start":{"line":234,"column":20},"end":{"line":234,"column":48}},"98":{"start":{"line":235,"column":4},"end":{"line":235,"column":40}},"99":{"start":{"line":237,"column":4},"end":{"line":237,"column":78}},"100":{"start":{"line":239,"column":4},"end":{"line":244,"column":7}},"101":{"start":{"line":246,"column":4},"end":{"line":246,"column":42}},"102":{"start":{"line":247,"column":4},"end":{"line":250,"column":7}}},"fnMap":{"0":{"name":"sendMessage","decl":{"start":{"line":18,"column":15},"end":{"line":18,"column":26}},"loc":{"start":{"line":18,"column":41},"end":{"line":32,"column":1}},"line":18},"1":{"name":"loadBudgets","decl":{"start":{"line":34,"column":15},"end":{"line":34,"column":26}},"loc":{"start":{"line":34,"column":29},"end":{"line":48,"column":1}},"line":34},"2":{"name":"(anonymous_2)","decl":{"start":{"line":46,"column":23},"end":{"line":46,"column":24}},"loc":{"start":{"line":46,"column":31},"end":{"line":46,"column":74}},"line":46},"3":{"name":"loadExpenses","decl":{"start":{"line":50,"column":15},"end":{"line":50,"column":27}},"loc":{"start":{"line":50,"column":30},"end":{"line":69,"column":1}},"line":50},"4":{"name":"(anonymous_4)","decl":{"start":{"line":61,"column":26},"end":{"line":61,"column":27}},"loc":{"start":{"line":61,"column":34},"end":{"line":68,"column":3}},"line":61},"5":{"name":"getStatusEmoji","decl":{"start":{"line":71,"column":9},"end":{"line":71,"column":23}},"loc":{"start":{"line":71,"column":33},"end":{"line":75,"column":1}},"line":71},"6":{"name":"getStatusText","decl":{"start":{"line":77,"column":9},"end":{"line":77,"column":22}},"loc":{"start":{"line":77,"column":32},"end":{"line":81,"column":1}},"line":77},"7":{"name":"generateDailySummary","decl":{"start":{"line":85,"column":15},"end":{"line":85,"column":35}},"loc":{"start":{"line":85,"column":38},"end":{"line":211,"column":1}},"line":85},"8":{"name":"(anonymous_8)","decl":{"start":{"line":90,"column":41},"end":{"line":90,"column":42}},"loc":{"start":{"line":90,"column":48},"end":{"line":90,"column":60}},"line":90},"9":{"name":"(anonymous_9)","decl":{"start":{"line":93,"column":59},"end":{"line":93,"column":60}},"loc":{"start":{"line":93,"column":71},"end":{"line":93,"column":78}},"line":93},"10":{"name":"(anonymous_10)","decl":{"start":{"line":122,"column":12},"end":{"line":122,"column":13}},"loc":{"start":{"line":122,"column":19},"end":{"line":125,"column":5}},"line":122},"11":{"name":"(anonymous_11)","decl":{"start":{"line":126,"column":12},"end":{"line":126,"column":13}},"loc":{"start":{"line":126,"column":24},"end":{"line":126,"column":38}},"line":126},"12":{"name":"(anonymous_12)","decl":{"start":{"line":129,"column":12},"end":{"line":129,"column":13}},"loc":{"start":{"line":129,"column":19},"end":{"line":132,"column":5}},"line":129},"13":{"name":"(anonymous_13)","decl":{"start":{"line":133,"column":12},"end":{"line":133,"column":13}},"loc":{"start":{"line":133,"column":24},"end":{"line":133,"column":38}},"line":133},"14":{"name":"(anonymous_14)","decl":{"start":{"line":136,"column":12},"end":{"line":136,"column":13}},"loc":{"start":{"line":136,"column":19},"end":{"line":136,"column":76}},"line":136},"15":{"name":"(anonymous_15)","decl":{"start":{"line":137,"column":12},"end":{"line":137,"column":13}},"loc":{"start":{"line":137,"column":24},"end":{"line":137,"column":38}},"line":137},"16":{"name":"(anonymous_16)","decl":{"start":{"line":140,"column":12},"end":{"line":140,"column":13}},"loc":{"start":{"line":140,"column":19},"end":{"line":140,"column":77}},"line":140},"17":{"name":"(anonymous_17)","decl":{"start":{"line":141,"column":12},"end":{"line":141,"column":13}},"loc":{"start":{"line":141,"column":24},"end":{"line":141,"column":38}},"line":141},"18":{"name":"handler","decl":{"start":{"line":215,"column":30},"end":{"line":215,"column":37}},"loc":{"start":{"line":215,"column":48},"end":{"line":252,"column":1}},"line":215}},"branchMap":{"0":{"loc":{"start":{"line":40,"column":2},"end":{"line":43,"column":3}},"type":"if","locations":[{"start":{"line":40,"column":2},"end":{"line":43,"column":3}},{"start":{},"end":{}}],"line":40},"1":{"loc":{"start":{"line":46,"column":3},"end":{"line":46,"column":13}},"type":"binary-expr","locations":[{"start":{"line":46,"column":3},"end":{"line":46,"column":7}},{"start":{"line":46,"column":11},"end":{"line":46,"column":13}}],"line":46},"2":{"loc":{"start":{"line":46,"column":53},"end":{"line":46,"column":74}},"type":"binary-expr","locations":[{"start":{"line":46,"column":53},"end":{"line":46,"column":69}},{"start":{"line":46,"column":73},"end":{"line":46,"column":74}}],"line":46},"3":{"loc":{"start":{"line":56,"column":2},"end":{"line":59,"column":3}},"type":"if","locations":[{"start":{"line":56,"column":2},"end":{"line":59,"column":3}},{"start":{},"end":{}}],"line":56},"4":{"loc":{"start":{"line":61,"column":10},"end":{"line":61,"column":20}},"type":"binary-expr","locations":[{"start":{"line":61,"column":10},"end":{"line":61,"column":14}},{"start":{"line":61,"column":18},"end":{"line":61,"column":20}}],"line":61},"5":{"loc":{"start":{"line":63,"column":12},"end":{"line":63,"column":33}},"type":"binary-expr","locations":[{"start":{"line":63,"column":12},"end":{"line":63,"column":28}},{"start":{"line":63,"column":32},"end":{"line":63,"column":33}}],"line":63},"6":{"loc":{"start":{"line":72,"column":2},"end":{"line":72,"column":32}},"type":"if","locations":[{"start":{"line":72,"column":2},"end":{"line":72,"column":32}},{"start":{},"end":{}}],"line":72},"7":{"loc":{"start":{"line":73,"column":2},"end":{"line":73,"column":34}},"type":"if","locations":[{"start":{"line":73,"column":2},"end":{"line":73,"column":34}},{"start":{},"end":{}}],"line":73},"8":{"loc":{"start":{"line":78,"column":2},"end":{"line":78,"column":39}},"type":"if","locations":[{"start":{"line":78,"column":2},"end":{"line":78,"column":39}},{"start":{},"end":{}}],"line":78},"9":{"loc":{"start":{"line":79,"column":2},"end":{"line":79,"column":46}},"type":"if","locations":[{"start":{"line":79,"column":2},"end":{"line":79,"column":46}},{"start":{},"end":{}}],"line":79},"10":{"loc":{"start":{"line":114,"column":23},"end":{"line":114,"column":58}},"type":"cond-expr","locations":[{"start":{"line":114,"column":41},"end":{"line":114,"column":42}},{"start":{"line":114,"column":45},"end":{"line":114,"column":58}}],"line":114},"11":{"loc":{"start":{"line":124,"column":13},"end":{"line":124,"column":57}},"type":"binary-expr","locations":[{"start":{"line":124,"column":13},"end":{"line":124,"column":34}},{"start":{"line":124,"column":38},"end":{"line":124,"column":57}}],"line":124},"12":{"loc":{"start":{"line":131,"column":13},"end":{"line":131,"column":65}},"type":"binary-expr","locations":[{"start":{"line":131,"column":13},"end":{"line":131,"column":38}},{"start":{"line":131,"column":42},"end":{"line":131,"column":65}}],"line":131},"13":{"loc":{"start":{"line":136,"column":19},"end":{"line":136,"column":76}},"type":"binary-expr","locations":[{"start":{"line":136,"column":19},"end":{"line":136,"column":46}},{"start":{"line":136,"column":50},"end":{"line":136,"column":76}}],"line":136},"14":{"loc":{"start":{"line":140,"column":19},"end":{"line":140,"column":77}},"type":"binary-expr","locations":[{"start":{"line":140,"column":19},"end":{"line":140,"column":47}},{"start":{"line":140,"column":51},"end":{"line":140,"column":77}}],"line":140},"15":{"loc":{"start":{"line":145,"column":23},"end":{"line":145,"column":85}},"type":"cond-expr","locations":[{"start":{"line":145,"column":49},"end":{"line":145,"column":81}},{"start":{"line":145,"column":84},"end":{"line":145,"column":85}}],"line":145},"16":{"loc":{"start":{"line":148,"column":23},"end":{"line":148,"column":87}},"type":"cond-expr","locations":[{"start":{"line":148,"column":46},"end":{"line":148,"column":83}},{"start":{"line":148,"column":86},"end":{"line":148,"column":87}}],"line":148},"17":{"loc":{"start":{"line":149,"column":27},"end":{"line":149,"column":95}},"type":"cond-expr","locations":[{"start":{"line":149,"column":50},"end":{"line":149,"column":91}},{"start":{"line":149,"column":94},"end":{"line":149,"column":95}}],"line":149},"18":{"loc":{"start":{"line":150,"column":26},"end":{"line":150,"column":92}},"type":"cond-expr","locations":[{"start":{"line":150,"column":49},"end":{"line":150,"column":88}},{"start":{"line":150,"column":91},"end":{"line":150,"column":92}}],"line":150},"19":{"loc":{"start":{"line":151,"column":22},"end":{"line":151,"column":87}},"type":"cond-expr","locations":[{"start":{"line":151,"column":46},"end":{"line":151,"column":83}},{"start":{"line":151,"column":86},"end":{"line":151,"column":87}}],"line":151},"20":{"loc":{"start":{"line":152,"column":23},"end":{"line":152,"column":91}},"type":"cond-expr","locations":[{"start":{"line":152,"column":48},"end":{"line":152,"column":87}},{"start":{"line":152,"column":90},"end":{"line":152,"column":91}}],"line":152},"21":{"loc":{"start":{"line":221,"column":4},"end":{"line":224,"column":5}},"type":"if","locations":[{"start":{"line":221,"column":4},"end":{"line":224,"column":5}},{"start":{},"end":{}}],"line":221},"22":{"loc":{"start":{"line":226,"column":4},"end":{"line":229,"column":5}},"type":"if","locations":[{"start":{"line":226,"column":4},"end":{"line":229,"column":5}},{"start":{},"end":{}}],"line":226}},"s":{"0":0,"1":0,"2":0,"3":0,"4":0,"5":0,"6":0,"7":0,"8":0,"9":0,"10":0,"11":0,"12":0,"13":0,"14":0,"15":0,"16":0,"17":0,"18":0,"19":0,"20":0,"21":0,"22":0,"23":0,"24":0,"25":0,"26":0,"27":0,"28":0,"29":0,"30":0,"31":0,"32":0,"33":0,"34":0,"35":0,"36":0,"37":0,"38":0,"39":0,"40":0,"41":0,"42":0,"43":0,"44":0,"45":0,"46":0,"47":0,"48":0,"49":0,"50":0,"51":0,"52":0,"53":0,"54":0,"55":0,"56":0,"57":0,"58":0,"59":0,"60":0,"61":0,"62":0,"63":0,"64":0,"65":0,"66":0,"67":0,"68":0,"69":0,"70":0,"71":0,"72":0,"73":0,"74":0,"75":0,"76":0,"77":0,"78":0,"79":0,"80":0,"81":0,"82":0,"83":0,"84":0,"85":0,"86":0,"87":0,"88":0,"89":0,"90":0,"91":0,"92":0,"93":0,"94":0,"95":0,"96":0,"97":0,"98":0,"99":0,"100":0,"101":0,"102":0},"f":{"0":0,"1":0,"2":0,"3":0,"4":0,"5":0,"6":0,"7":0,"8":0,"9":0,"10":0,"11":0,"12":0,"13":0,"14":0,"15":0,"16":0,"17":0,"18":0},"b":{"0":[0,0],"1":[0,0],"2":[0,0],"3":[0,0],"4":[0,0],"5":[0,0],"6":[0,0],"7":[0,0],"8":[0,0],"9":[0,0],"10":[0,0],"11":[0,0],"12":[0,0],"13":[0,0],"14":[0,0],"15":[0,0],"16":[0,0],"17":[0,0],"18":[0,0],"19":[0,0],"20":[0,0],"21":[0,0],"22":[0,0]},"inputSourceMap":null}
}
