{"/Users/bhupesh/Desktop/expense-tracker/expense-bot/api/webhook.js": {"path":"/Users/bhupesh/Desktop/expense-tracker/expense-bot/api/webhook.js","statementMap":{"0":{"start":{"line":5,"column":18},"end":{"line":5,"column":48}},"1":{"start":{"line":6,"column":21},"end":{"line":6,"column":45}},"2":{"start":{"line":7,"column":21},"end":{"line":7,"column":58}},"3":{"start":{"line":9,"column":16},"end":{"line":9,"column":58}},"4":{"start":{"line":11,"column":17},"end":{"line":13,"column":2}},"5":{"start":{"line":18,"column":2},"end":{"line":46,"column":3}},"6":{"start":{"line":19,"column":20},"end":{"line":23,"column":5}},"7":{"start":{"line":25,"column":4},"end":{"line":27,"column":5}},"8":{"start":{"line":26,"column":6},"end":{"line":26,"column":44}},"9":{"start":{"line":29,"column":4},"end":{"line":33,"column":7}},"10":{"start":{"line":35,"column":4},"end":{"line":35,"column":52}},"11":{"start":{"line":37,"column":4},"end":{"line":45,"column":5}},"12":{"start":{"line":38,"column":6},"end":{"line":42,"column":9}},"13":{"start":{"line":44,"column":6},"end":{"line":44,"column":68}},"14":{"start":{"line":50,"column":2},"end":{"line":50,"column":34}},"15":{"start":{"line":54,"column":2},"end":{"line":54,"column":26}},"16":{"start":{"line":54,"column":11},"end":{"line":54,"column":26}},"17":{"start":{"line":55,"column":12},"end":{"line":55,"column":24}},"18":{"start":{"line":56,"column":2},"end":{"line":63,"column":5}},"19":{"start":{"line":67,"column":2},"end":{"line":70,"column":27}},"20":{"start":{"line":76,"column":21},"end":{"line":76,"column":41}},"21":{"start":{"line":77,"column":2},"end":{"line":82,"column":3}},"22":{"start":{"line":78,"column":4},"end":{"line":81,"column":6}},"23":{"start":{"line":85,"column":25},"end":{"line":85,"column":61}},"24":{"start":{"line":85,"column":48},"end":{"line":85,"column":60}},"25":{"start":{"line":88,"column":17},"end":{"line":88,"column":27}},"26":{"start":{"line":89,"column":17},"end":{"line":89,"column":87}},"27":{"start":{"line":90,"column":21},"end":{"line":90,"column":37}},"28":{"start":{"line":91,"column":23},"end":{"line":91,"column":40}},"29":{"start":{"line":92,"column":22},"end":{"line":92,"column":42}},"30":{"start":{"line":95,"column":25},"end":{"line":95,"column":26}},"31":{"start":{"line":96,"column":19},"end":{"line":96,"column":21}},"32":{"start":{"line":98,"column":2},"end":{"line":113,"column":3}},"33":{"start":{"line":99,"column":4},"end":{"line":99,"column":64}},"34":{"start":{"line":100,"column":4},"end":{"line":100,"column":30}},"35":{"start":{"line":101,"column":4},"end":{"line":101,"column":25}},"36":{"start":{"line":102,"column":9},"end":{"line":113,"column":3}},"37":{"start":{"line":103,"column":22},"end":{"line":103,"column":37}},"38":{"start":{"line":104,"column":25},"end":{"line":104,"column":60}},"39":{"start":{"line":105,"column":4},"end":{"line":105,"column":79}},"40":{"start":{"line":106,"column":4},"end":{"line":106,"column":30}},"41":{"start":{"line":107,"column":4},"end":{"line":107,"column":29}},"42":{"start":{"line":110,"column":4},"end":{"line":110,"column":55}},"43":{"start":{"line":111,"column":4},"end":{"line":111,"column":25}},"44":{"start":{"line":112,"column":4},"end":{"line":112,"column":30}},"45":{"start":{"line":115,"column":19},"end":{"line":115,"column":21}},"46":{"start":{"line":116,"column":18},"end":{"line":116,"column":20}},"47":{"start":{"line":117,"column":16},"end":{"line":117,"column":18}},"48":{"start":{"line":118,"column":18},"end":{"line":118,"column":20}},"49":{"start":{"line":120,"column":2},"end":{"line":142,"column":3}},"50":{"start":{"line":121,"column":26},"end":{"line":121,"column":38}},"51":{"start":{"line":122,"column":25},"end":{"line":122,"column":57}},"52":{"start":{"line":124,"column":18},"end":{"line":126,"column":44}},"53":{"start":{"line":125,"column":21},"end":{"line":125,"column":70}},"54":{"start":{"line":126,"column":26},"end":{"line":126,"column":40}},"55":{"start":{"line":128,"column":20},"end":{"line":128,"column":71}},"56":{"start":{"line":129,"column":22},"end":{"line":129,"column":42}},"57":{"start":{"line":131,"column":17},"end":{"line":131,"column":145}},"58":{"start":{"line":133,"column":4},"end":{"line":141,"column":5}},"59":{"start":{"line":134,"column":6},"end":{"line":134,"column":34}},"60":{"start":{"line":135,"column":11},"end":{"line":141,"column":5}},"61":{"start":{"line":136,"column":6},"end":{"line":136,"column":33}},"62":{"start":{"line":137,"column":11},"end":{"line":141,"column":5}},"63":{"start":{"line":138,"column":6},"end":{"line":138,"column":31}},"64":{"start":{"line":140,"column":6},"end":{"line":140,"column":32}},"65":{"start":{"line":145,"column":19},"end":{"line":145,"column":21}},"66":{"start":{"line":147,"column":2},"end":{"line":149,"column":3}},"67":{"start":{"line":148,"column":4},"end":{"line":148,"column":73}},"68":{"start":{"line":151,"column":2},"end":{"line":153,"column":3}},"69":{"start":{"line":152,"column":4},"end":{"line":152,"column":71}},"70":{"start":{"line":155,"column":2},"end":{"line":157,"column":3}},"71":{"start":{"line":156,"column":4},"end":{"line":156,"column":67}},"72":{"start":{"line":159,"column":2},"end":{"line":161,"column":3}},"73":{"start":{"line":160,"column":4},"end":{"line":160,"column":73}},"74":{"start":{"line":163,"column":20},"end":{"line":163,"column":61}},"75":{"start":{"line":165,"column":14},"end":{"line":165,"column":17}},"76":{"start":{"line":166,"column":2},"end":{"line":168,"column":42}},"77":{"start":{"line":166,"column":27},"end":{"line":166,"column":40}},"78":{"start":{"line":167,"column":7},"end":{"line":168,"column":42}},"79":{"start":{"line":167,"column":31},"end":{"line":167,"column":44}},"80":{"start":{"line":168,"column":7},"end":{"line":168,"column":42}},"81":{"start":{"line":168,"column":29},"end":{"line":168,"column":42}},"82":{"start":{"line":170,"column":22},"end":{"line":170,"column":75}},"83":{"start":{"line":170,"column":64},"end":{"line":170,"column":71}},"84":{"start":{"line":171,"column":21},"end":{"line":173,"column":42}},"85":{"start":{"line":172,"column":19},"end":{"line":172,"column":46}},"86":{"start":{"line":173,"column":24},"end":{"line":173,"column":38}},"87":{"start":{"line":174,"column":25},"end":{"line":174,"column":49}},"88":{"start":{"line":175,"column":23},"end":{"line":175,"column":90}},"89":{"start":{"line":177,"column":18},"end":{"line":177,"column":234}},"90":{"start":{"line":179,"column":2},"end":{"line":186,"column":4}},"91":{"start":{"line":192,"column":2},"end":{"line":192,"column":58}},"92":{"start":{"line":192,"column":45},"end":{"line":192,"column":58}},"93":{"start":{"line":194,"column":2},"end":{"line":232,"column":4}},"94":{"start":{"line":234,"column":2},"end":{"line":234,"column":14}},"95":{"start":{"line":241,"column":52},"end":{"line":246,"column":4}},"96":{"start":{"line":248,"column":2},"end":{"line":248,"column":53}},"97":{"start":{"line":252,"column":26},"end":{"line":255,"column":22}},"98":{"start":{"line":257,"column":2},"end":{"line":260,"column":3}},"99":{"start":{"line":258,"column":4},"end":{"line":258,"column":51}},"100":{"start":{"line":259,"column":4},"end":{"line":259,"column":14}},"101":{"start":{"line":262,"column":18},"end":{"line":262,"column":20}},"102":{"start":{"line":263,"column":2},"end":{"line":263,"column":77}},"103":{"start":{"line":263,"column":31},"end":{"line":263,"column":74}},"104":{"start":{"line":266,"column":2},"end":{"line":268,"column":3}},"105":{"start":{"line":267,"column":4},"end":{"line":267,"column":33}},"106":{"start":{"line":270,"column":2},"end":{"line":270,"column":17}},"107":{"start":{"line":275,"column":15},"end":{"line":278,"column":5}},"108":{"start":{"line":275,"column":68},"end":{"line":278,"column":3}},"109":{"start":{"line":280,"column":2},"end":{"line":289,"column":3}},"110":{"start":{"line":281,"column":22},"end":{"line":283,"column":47}},"111":{"start":{"line":285,"column":4},"end":{"line":288,"column":5}},"112":{"start":{"line":286,"column":6},"end":{"line":286,"column":55}},"113":{"start":{"line":287,"column":6},"end":{"line":287,"column":18}},"114":{"start":{"line":293,"column":2},"end":{"line":296,"column":3}},"115":{"start":{"line":294,"column":4},"end":{"line":294,"column":33}},"116":{"start":{"line":295,"column":4},"end":{"line":295,"column":44}},"117":{"start":{"line":297,"column":2},"end":{"line":297,"column":17}},"118":{"start":{"line":301,"column":26},"end":{"line":304,"column":38}},"119":{"start":{"line":306,"column":2},"end":{"line":309,"column":3}},"120":{"start":{"line":307,"column":4},"end":{"line":307,"column":52}},"121":{"start":{"line":308,"column":4},"end":{"line":308,"column":14}},"122":{"start":{"line":311,"column":2},"end":{"line":322,"column":6}},"123":{"start":{"line":311,"column":34},"end":{"line":322,"column":3}},"124":{"start":{"line":326,"column":2},"end":{"line":326,"column":31}},"125":{"start":{"line":326,"column":24},"end":{"line":326,"column":31}},"126":{"start":{"line":328,"column":20},"end":{"line":340,"column":3}},"127":{"start":{"line":329,"column":25},"end":{"line":339,"column":5}},"128":{"start":{"line":342,"column":2},"end":{"line":345,"column":3}},"129":{"start":{"line":343,"column":4},"end":{"line":343,"column":51}},"130":{"start":{"line":344,"column":4},"end":{"line":344,"column":16}},"131":{"start":{"line":349,"column":20},"end":{"line":349,"column":22}},"132":{"start":{"line":350,"column":2},"end":{"line":350,"column":70}},"133":{"start":{"line":350,"column":30},"end":{"line":350,"column":70}},"134":{"start":{"line":351,"column":2},"end":{"line":351,"column":64}},"135":{"start":{"line":351,"column":28},"end":{"line":351,"column":64}},"136":{"start":{"line":352,"column":2},"end":{"line":352,"column":61}},"137":{"start":{"line":352,"column":27},"end":{"line":352,"column":61}},"138":{"start":{"line":353,"column":2},"end":{"line":353,"column":67}},"139":{"start":{"line":353,"column":29},"end":{"line":353,"column":67}},"140":{"start":{"line":354,"column":2},"end":{"line":354,"column":64}},"141":{"start":{"line":354,"column":28},"end":{"line":354,"column":64}},"142":{"start":{"line":356,"column":20},"end":{"line":359,"column":17}},"143":{"start":{"line":361,"column":2},"end":{"line":364,"column":3}},"144":{"start":{"line":362,"column":4},"end":{"line":362,"column":52}},"145":{"start":{"line":363,"column":4},"end":{"line":363,"column":16}},"146":{"start":{"line":369,"column":20},"end":{"line":373,"column":27}},"147":{"start":{"line":375,"column":2},"end":{"line":378,"column":3}},"148":{"start":{"line":376,"column":4},"end":{"line":376,"column":53}},"149":{"start":{"line":377,"column":4},"end":{"line":377,"column":16}},"150":{"start":{"line":382,"column":26},"end":{"line":385,"column":23}},"151":{"start":{"line":387,"column":2},"end":{"line":390,"column":3}},"152":{"start":{"line":388,"column":4},"end":{"line":388,"column":51}},"153":{"start":{"line":389,"column":4},"end":{"line":389,"column":14}},"154":{"start":{"line":392,"column":2},"end":{"line":397,"column":6}},"155":{"start":{"line":392,"column":34},"end":{"line":397,"column":3}},"156":{"start":{"line":401,"column":2},"end":{"line":401,"column":30}},"157":{"start":{"line":401,"column":23},"end":{"line":401,"column":30}},"158":{"start":{"line":403,"column":20},"end":{"line":410,"column":3}},"159":{"start":{"line":404,"column":24},"end":{"line":409,"column":5}},"160":{"start":{"line":412,"column":2},"end":{"line":415,"column":3}},"161":{"start":{"line":413,"column":4},"end":{"line":413,"column":50}},"162":{"start":{"line":414,"column":4},"end":{"line":414,"column":16}},"163":{"start":{"line":419,"column":20},"end":{"line":419,"column":22}},"164":{"start":{"line":420,"column":2},"end":{"line":420,"column":77}},"165":{"start":{"line":420,"column":32},"end":{"line":420,"column":77}},"166":{"start":{"line":421,"column":2},"end":{"line":421,"column":67}},"167":{"start":{"line":421,"column":29},"end":{"line":421,"column":67}},"168":{"start":{"line":422,"column":2},"end":{"line":422,"column":68}},"169":{"start":{"line":422,"column":29},"end":{"line":422,"column":68}},"170":{"start":{"line":424,"column":20},"end":{"line":427,"column":43}},"171":{"start":{"line":429,"column":2},"end":{"line":432,"column":3}},"172":{"start":{"line":430,"column":4},"end":{"line":430,"column":51}},"173":{"start":{"line":431,"column":4},"end":{"line":431,"column":16}},"174":{"start":{"line":437,"column":20},"end":{"line":440,"column":30}},"175":{"start":{"line":442,"column":2},"end":{"line":445,"column":3}},"176":{"start":{"line":443,"column":4},"end":{"line":443,"column":51}},"177":{"start":{"line":444,"column":4},"end":{"line":444,"column":16}},"178":{"start":{"line":449,"column":26},"end":{"line":452,"column":23}},"179":{"start":{"line":454,"column":2},"end":{"line":457,"column":3}},"180":{"start":{"line":455,"column":4},"end":{"line":455,"column":55}},"181":{"start":{"line":456,"column":4},"end":{"line":456,"column":14}},"182":{"start":{"line":459,"column":2},"end":{"line":464,"column":6}},"183":{"start":{"line":459,"column":34},"end":{"line":464,"column":3}},"184":{"start":{"line":468,"column":2},"end":{"line":468,"column":34}},"185":{"start":{"line":468,"column":27},"end":{"line":468,"column":34}},"186":{"start":{"line":470,"column":20},"end":{"line":478,"column":3}},"187":{"start":{"line":471,"column":28},"end":{"line":476,"column":5}},"188":{"start":{"line":480,"column":2},"end":{"line":483,"column":3}},"189":{"start":{"line":481,"column":4},"end":{"line":481,"column":54}},"190":{"start":{"line":482,"column":4},"end":{"line":482,"column":16}},"191":{"start":{"line":487,"column":20},"end":{"line":487,"column":22}},"192":{"start":{"line":488,"column":2},"end":{"line":488,"column":64}},"193":{"start":{"line":488,"column":28},"end":{"line":488,"column":64}},"194":{"start":{"line":489,"column":2},"end":{"line":490,"column":58}},"195":{"start":{"line":490,"column":4},"end":{"line":490,"column":58}},"196":{"start":{"line":491,"column":2},"end":{"line":492,"column":56}},"197":{"start":{"line":492,"column":4},"end":{"line":492,"column":56}},"198":{"start":{"line":494,"column":20},"end":{"line":496,"column":79}},"199":{"start":{"line":498,"column":2},"end":{"line":501,"column":3}},"200":{"start":{"line":499,"column":4},"end":{"line":499,"column":55}},"201":{"start":{"line":500,"column":4},"end":{"line":500,"column":16}},"202":{"start":{"line":505,"column":20},"end":{"line":508,"column":25}},"203":{"start":{"line":510,"column":2},"end":{"line":513,"column":3}},"204":{"start":{"line":511,"column":4},"end":{"line":511,"column":57}},"205":{"start":{"line":512,"column":4},"end":{"line":512,"column":16}},"206":{"start":{"line":519,"column":18},"end":{"line":519,"column":37}},"207":{"start":{"line":520,"column":19},"end":{"line":520,"column":75}},"208":{"start":{"line":520,"column":39},"end":{"line":520,"column":74}},"209":{"start":{"line":522,"column":2},"end":{"line":530,"column":3}},"210":{"start":{"line":525,"column":6},"end":{"line":525,"column":76}},"211":{"start":{"line":526,"column":4},"end":{"line":528,"column":5}},"212":{"start":{"line":527,"column":6},"end":{"line":527,"column":68}},"213":{"start":{"line":529,"column":4},"end":{"line":529,"column":29}},"214":{"start":{"line":533,"column":23},"end":{"line":533,"column":73}},"215":{"start":{"line":534,"column":17},"end":{"line":534,"column":64}},"216":{"start":{"line":537,"column":16},"end":{"line":537,"column":17}},"217":{"start":{"line":538,"column":2},"end":{"line":541,"column":3}},"218":{"start":{"line":538,"column":29},"end":{"line":538,"column":52}},"219":{"start":{"line":539,"column":4},"end":{"line":539,"column":79}},"220":{"start":{"line":540,"column":4},"end":{"line":540,"column":14}},"221":{"start":{"line":543,"column":2},"end":{"line":543,"column":75}},"222":{"start":{"line":546,"column":2},"end":{"line":553,"column":5}},"223":{"start":{"line":555,"column":2},"end":{"line":555,"column":18}},"224":{"start":{"line":575,"column":19},"end":{"line":575,"column":41}},"225":{"start":{"line":576,"column":19},"end":{"line":591,"column":6}},"226":{"start":{"line":577,"column":17},"end":{"line":577,"column":66}},"227":{"start":{"line":579,"column":6},"end":{"line":590,"column":7}},"228":{"start":{"line":580,"column":8},"end":{"line":584,"column":10}},"229":{"start":{"line":587,"column":28},"end":{"line":587,"column":73}},"230":{"start":{"line":588,"column":25},"end":{"line":588,"column":53}},"231":{"start":{"line":589,"column":8},"end":{"line":589,"column":65}},"232":{"start":{"line":593,"column":2},"end":{"line":595,"column":3}},"233":{"start":{"line":594,"column":4},"end":{"line":594,"column":16}},"234":{"start":{"line":597,"column":18},"end":{"line":597,"column":29}},"235":{"start":{"line":600,"column":23},"end":{"line":604,"column":3}},"236":{"start":{"line":601,"column":4},"end":{"line":603,"column":41}},"237":{"start":{"line":606,"column":2},"end":{"line":609,"column":3}},"238":{"start":{"line":608,"column":4},"end":{"line":608,"column":16}},"239":{"start":{"line":612,"column":20},"end":{"line":612,"column":24}},"240":{"start":{"line":613,"column":20},"end":{"line":613,"column":38}},"241":{"start":{"line":615,"column":2},"end":{"line":621,"column":3}},"242":{"start":{"line":616,"column":4},"end":{"line":616,"column":24}},"243":{"start":{"line":617,"column":9},"end":{"line":621,"column":3}},"244":{"start":{"line":618,"column":4},"end":{"line":618,"column":23}},"245":{"start":{"line":619,"column":9},"end":{"line":621,"column":3}},"246":{"start":{"line":620,"column":4},"end":{"line":620,"column":26}},"247":{"start":{"line":623,"column":2},"end":{"line":625,"column":3}},"248":{"start":{"line":624,"column":4},"end":{"line":624,"column":16}},"249":{"start":{"line":628,"column":20},"end":{"line":632,"column":11}},"250":{"start":{"line":635,"column":17},"end":{"line":635,"column":44}},"251":{"start":{"line":637,"column":2},"end":{"line":639,"column":3}},"252":{"start":{"line":638,"column":4},"end":{"line":638,"column":16}},"253":{"start":{"line":641,"column":2},"end":{"line":647,"column":4}},"254":{"start":{"line":659,"column":18},"end":{"line":662,"column":11}},"255":{"start":{"line":664,"column":15},"end":{"line":664,"column":16}},"256":{"start":{"line":665,"column":17},"end":{"line":665,"column":21}},"257":{"start":{"line":668,"column":19},"end":{"line":668,"column":78}},"258":{"start":{"line":669,"column":14},"end":{"line":669,"column":37}},"259":{"start":{"line":670,"column":2},"end":{"line":675,"column":3}},"260":{"start":{"line":671,"column":22},"end":{"line":671,"column":50}},"261":{"start":{"line":672,"column":4},"end":{"line":672,"column":81}},"262":{"start":{"line":672,"column":55},"end":{"line":672,"column":76}},"263":{"start":{"line":673,"column":4},"end":{"line":673,"column":24}},"264":{"start":{"line":674,"column":4},"end":{"line":674,"column":32}},"265":{"start":{"line":678,"column":19},"end":{"line":678,"column":74}},"266":{"start":{"line":679,"column":2},"end":{"line":679,"column":34}},"267":{"start":{"line":680,"column":2},"end":{"line":685,"column":3}},"268":{"start":{"line":681,"column":22},"end":{"line":681,"column":50}},"269":{"start":{"line":682,"column":4},"end":{"line":682,"column":81}},"270":{"start":{"line":682,"column":55},"end":{"line":682,"column":76}},"271":{"start":{"line":683,"column":4},"end":{"line":683,"column":24}},"272":{"start":{"line":684,"column":4},"end":{"line":684,"column":32}},"273":{"start":{"line":688,"column":19},"end":{"line":688,"column":51}},"274":{"start":{"line":689,"column":2},"end":{"line":689,"column":34}},"275":{"start":{"line":690,"column":2},"end":{"line":694,"column":3}},"276":{"start":{"line":691,"column":4},"end":{"line":691,"column":34}},"277":{"start":{"line":692,"column":4},"end":{"line":692,"column":24}},"278":{"start":{"line":693,"column":4},"end":{"line":693,"column":32}},"279":{"start":{"line":697,"column":19},"end":{"line":697,"column":48}},"280":{"start":{"line":698,"column":2},"end":{"line":698,"column":34}},"281":{"start":{"line":699,"column":2},"end":{"line":703,"column":3}},"282":{"start":{"line":700,"column":4},"end":{"line":700,"column":34}},"283":{"start":{"line":701,"column":4},"end":{"line":701,"column":24}},"284":{"start":{"line":702,"column":4},"end":{"line":702,"column":32}},"285":{"start":{"line":706,"column":19},"end":{"line":706,"column":48}},"286":{"start":{"line":707,"column":2},"end":{"line":707,"column":34}},"287":{"start":{"line":708,"column":2},"end":{"line":712,"column":3}},"288":{"start":{"line":709,"column":4},"end":{"line":709,"column":24}},"289":{"start":{"line":710,"column":4},"end":{"line":710,"column":34}},"290":{"start":{"line":711,"column":4},"end":{"line":711,"column":32}},"291":{"start":{"line":715,"column":19},"end":{"line":715,"column":40}},"292":{"start":{"line":716,"column":2},"end":{"line":716,"column":34}},"293":{"start":{"line":717,"column":2},"end":{"line":734,"column":3}},"294":{"start":{"line":718,"column":4},"end":{"line":718,"column":34}},"295":{"start":{"line":721,"column":18},"end":{"line":721,"column":38}},"296":{"start":{"line":722,"column":24},"end":{"line":722,"column":66}},"297":{"start":{"line":722,"column":45},"end":{"line":722,"column":65}},"298":{"start":{"line":725,"column":4},"end":{"line":731,"column":5}},"299":{"start":{"line":726,"column":6},"end":{"line":726,"column":40}},"300":{"start":{"line":729,"column":9},"end":{"line":731,"column":5}},"301":{"start":{"line":730,"column":6},"end":{"line":730,"column":40}},"302":{"start":{"line":733,"column":4},"end":{"line":733,"column":32}},"303":{"start":{"line":737,"column":19},"end":{"line":737,"column":36}},"304":{"start":{"line":738,"column":2},"end":{"line":741,"column":3}},"305":{"start":{"line":739,"column":4},"end":{"line":739,"column":33}},"306":{"start":{"line":740,"column":4},"end":{"line":740,"column":38}},"307":{"start":{"line":743,"column":2},"end":{"line":743,"column":14}},"308":{"start":{"line":749,"column":2},"end":{"line":751,"column":3}},"309":{"start":{"line":750,"column":4},"end":{"line":750,"column":14}},"310":{"start":{"line":754,"column":18},"end":{"line":757,"column":11}},"311":{"start":{"line":760,"column":18},"end":{"line":760,"column":20}},"312":{"start":{"line":761,"column":15},"end":{"line":761,"column":24}},"313":{"start":{"line":762,"column":21},"end":{"line":762,"column":23}},"314":{"start":{"line":766,"column":4},"end":{"line":770,"column":6}},"315":{"start":{"line":767,"column":6},"end":{"line":769,"column":48}},"316":{"start":{"line":775,"column":4},"end":{"line":775,"column":64}},"317":{"start":{"line":777,"column":2},"end":{"line":792,"column":3}},"318":{"start":{"line":778,"column":22},"end":{"line":778,"column":50}},"319":{"start":{"line":779,"column":19},"end":{"line":781,"column":53}},"320":{"start":{"line":781,"column":28},"end":{"line":781,"column":49}},"321":{"start":{"line":782,"column":16},"end":{"line":782,"column":39}},"322":{"start":{"line":783,"column":4},"end":{"line":791,"column":5}},"323":{"start":{"line":784,"column":6},"end":{"line":787,"column":9}},"324":{"start":{"line":788,"column":6},"end":{"line":788,"column":20}},"325":{"start":{"line":790,"column":6},"end":{"line":790,"column":82}},"326":{"start":{"line":795,"column":19},"end":{"line":795,"column":52}},"327":{"start":{"line":796,"column":2},"end":{"line":808,"column":3}},"328":{"start":{"line":797,"column":4},"end":{"line":807,"column":5}},"329":{"start":{"line":798,"column":18},"end":{"line":798,"column":43}},"330":{"start":{"line":799,"column":6},"end":{"line":806,"column":7}},"331":{"start":{"line":800,"column":8},"end":{"line":803,"column":11}},"332":{"start":{"line":804,"column":8},"end":{"line":804,"column":22}},"333":{"start":{"line":805,"column":8},"end":{"line":805,"column":84}},"334":{"start":{"line":811,"column":19},"end":{"line":811,"column":75}},"335":{"start":{"line":812,"column":2},"end":{"line":828,"column":3}},"336":{"start":{"line":813,"column":4},"end":{"line":827,"column":5}},"337":{"start":{"line":814,"column":24},"end":{"line":814,"column":52}},"338":{"start":{"line":815,"column":21},"end":{"line":817,"column":55}},"339":{"start":{"line":817,"column":30},"end":{"line":817,"column":51}},"340":{"start":{"line":818,"column":18},"end":{"line":818,"column":41}},"341":{"start":{"line":819,"column":6},"end":{"line":826,"column":7}},"342":{"start":{"line":820,"column":8},"end":{"line":823,"column":11}},"343":{"start":{"line":824,"column":8},"end":{"line":824,"column":22}},"344":{"start":{"line":825,"column":8},"end":{"line":825,"column":84}},"345":{"start":{"line":831,"column":19},"end":{"line":831,"column":48}},"346":{"start":{"line":832,"column":2},"end":{"line":844,"column":3}},"347":{"start":{"line":833,"column":4},"end":{"line":843,"column":5}},"348":{"start":{"line":834,"column":18},"end":{"line":834,"column":43}},"349":{"start":{"line":835,"column":6},"end":{"line":842,"column":7}},"350":{"start":{"line":836,"column":8},"end":{"line":839,"column":11}},"351":{"start":{"line":840,"column":8},"end":{"line":840,"column":22}},"352":{"start":{"line":841,"column":8},"end":{"line":841,"column":84}},"353":{"start":{"line":847,"column":19},"end":{"line":847,"column":55}},"354":{"start":{"line":848,"column":2},"end":{"line":865,"column":3}},"355":{"start":{"line":849,"column":4},"end":{"line":864,"column":5}},"356":{"start":{"line":850,"column":21},"end":{"line":850,"column":41}},"357":{"start":{"line":851,"column":25},"end":{"line":854,"column":25}},"358":{"start":{"line":853,"column":20},"end":{"line":853,"column":28}},"359":{"start":{"line":854,"column":23},"end":{"line":854,"column":24}},"360":{"start":{"line":856,"column":6},"end":{"line":862,"column":9}},"361":{"start":{"line":857,"column":20},"end":{"line":857,"column":43}},"362":{"start":{"line":858,"column":8},"end":{"line":861,"column":9}},"363":{"start":{"line":859,"column":10},"end":{"line":859,"column":45}},"364":{"start":{"line":860,"column":10},"end":{"line":860,"column":24}},"365":{"start":{"line":863,"column":6},"end":{"line":863,"column":82}},"366":{"start":{"line":869,"column":19},"end":{"line":869,"column":41}},"367":{"start":{"line":870,"column":23},"end":{"line":870,"column":41}},"368":{"start":{"line":871,"column":2},"end":{"line":889,"column":3}},"369":{"start":{"line":872,"column":19},"end":{"line":872,"column":39}},"370":{"start":{"line":874,"column":4},"end":{"line":888,"column":5}},"371":{"start":{"line":875,"column":6},"end":{"line":887,"column":7}},"372":{"start":{"line":876,"column":20},"end":{"line":876,"column":45}},"373":{"start":{"line":878,"column":35},"end":{"line":878,"column":73}},"374":{"start":{"line":878,"column":53},"end":{"line":878,"column":72}},"375":{"start":{"line":880,"column":8},"end":{"line":886,"column":9}},"376":{"start":{"line":881,"column":10},"end":{"line":884,"column":13}},"377":{"start":{"line":885,"column":10},"end":{"line":885,"column":24}},"378":{"start":{"line":891,"column":2},"end":{"line":891,"column":17}},"379":{"start":{"line":897,"column":24},"end":{"line":897,"column":46}},"380":{"start":{"line":898,"column":22},"end":{"line":898,"column":40}},"381":{"start":{"line":899,"column":23},"end":{"line":899,"column":47}},"382":{"start":{"line":902,"column":17},"end":{"line":902,"column":27}},"383":{"start":{"line":903,"column":17},"end":{"line":903,"column":87}},"384":{"start":{"line":904,"column":21},"end":{"line":904,"column":37}},"385":{"start":{"line":905,"column":23},"end":{"line":905,"column":40}},"386":{"start":{"line":906,"column":22},"end":{"line":906,"column":42}},"387":{"start":{"line":909,"column":23},"end":{"line":909,"column":70}},"388":{"start":{"line":912,"column":20},"end":{"line":912,"column":35}},"389":{"start":{"line":913,"column":23},"end":{"line":913,"column":58}},"390":{"start":{"line":914,"column":22},"end":{"line":918,"column":3}},"391":{"start":{"line":921,"column":23},"end":{"line":921,"column":61}},"392":{"start":{"line":924,"column":27},"end":{"line":926,"column":3}},"393":{"start":{"line":925,"column":11},"end":{"line":925,"column":50}},"394":{"start":{"line":929,"column":21},"end":{"line":931,"column":42}},"395":{"start":{"line":930,"column":19},"end":{"line":930,"column":49}},"396":{"start":{"line":931,"column":24},"end":{"line":931,"column":38}},"397":{"start":{"line":933,"column":24},"end":{"line":935,"column":42}},"398":{"start":{"line":934,"column":19},"end":{"line":934,"column":48}},"399":{"start":{"line":935,"column":24},"end":{"line":935,"column":38}},"400":{"start":{"line":937,"column":25},"end":{"line":939,"column":42}},"401":{"start":{"line":938,"column":19},"end":{"line":938,"column":49}},"402":{"start":{"line":939,"column":24},"end":{"line":939,"column":38}},"403":{"start":{"line":942,"column":23},"end":{"line":942,"column":90}},"404":{"start":{"line":943,"column":24},"end":{"line":943,"column":96}},"405":{"start":{"line":944,"column":25},"end":{"line":944,"column":100}},"406":{"start":{"line":946,"column":2},"end":{"line":956,"column":4}},"407":{"start":{"line":962,"column":2},"end":{"line":2180,"column":3}},"408":{"start":{"line":964,"column":4},"end":{"line":966,"column":5}},"409":{"start":{"line":965,"column":6},"end":{"line":965,"column":56}},"410":{"start":{"line":969,"column":19},"end":{"line":969,"column":27}},"411":{"start":{"line":970,"column":20},"end":{"line":970,"column":35}},"412":{"start":{"line":972,"column":4},"end":{"line":974,"column":5}},"413":{"start":{"line":973,"column":6},"end":{"line":973,"column":40}},"414":{"start":{"line":976,"column":19},"end":{"line":976,"column":34}},"415":{"start":{"line":978,"column":15},"end":{"line":978,"column":34}},"416":{"start":{"line":979,"column":4},"end":{"line":981,"column":5}},"417":{"start":{"line":980,"column":6},"end":{"line":980,"column":39}},"418":{"start":{"line":982,"column":27},"end":{"line":982,"column":42}},"419":{"start":{"line":983,"column":24},"end":{"line":983,"column":53}},"420":{"start":{"line":984,"column":21},"end":{"line":984,"column":48}},"421":{"start":{"line":985,"column":22},"end":{"line":985,"column":40}},"422":{"start":{"line":988,"column":21},"end":{"line":992,"column":5}},"423":{"start":{"line":995,"column":4},"end":{"line":997,"column":5}},"424":{"start":{"line":996,"column":6},"end":{"line":996,"column":40}},"425":{"start":{"line":1000,"column":17},"end":{"line":1000,"column":36}},"426":{"start":{"line":1003,"column":4},"end":{"line":1003,"column":65}},"427":{"start":{"line":1007,"column":4},"end":{"line":1030,"column":5}},"428":{"start":{"line":1008,"column":25},"end":{"line":1008,"column":53}},"429":{"start":{"line":1009,"column":6},"end":{"line":1018,"column":7}},"430":{"start":{"line":1010,"column":8},"end":{"line":1016,"column":10}},"431":{"start":{"line":1017,"column":8},"end":{"line":1017,"column":42}},"432":{"start":{"line":1020,"column":26},"end":{"line":1020,"column":82}},"433":{"start":{"line":1020,"column":66},"end":{"line":1020,"column":78}},"434":{"start":{"line":1021,"column":20},"end":{"line":1023,"column":7}},"435":{"start":{"line":1022,"column":27},"end":{"line":1022,"column":68}},"436":{"start":{"line":1024,"column":21},"end":{"line":1024,"column":88}},"437":{"start":{"line":1025,"column":6},"end":{"line":1028,"column":8}},"438":{"start":{"line":1029,"column":6},"end":{"line":1029,"column":40}},"439":{"start":{"line":1034,"column":4},"end":{"line":1076,"column":5}},"440":{"start":{"line":1035,"column":20},"end":{"line":1035,"column":52}},"441":{"start":{"line":1035,"column":50},"end":{"line":1035,"column":51}},"442":{"start":{"line":1036,"column":6},"end":{"line":1045,"column":7}},"443":{"start":{"line":1037,"column":8},"end":{"line":1043,"column":10}},"444":{"start":{"line":1044,"column":8},"end":{"line":1044,"column":42}},"445":{"start":{"line":1047,"column":30},"end":{"line":1047,"column":35}},"446":{"start":{"line":1048,"column":24},"end":{"line":1048,"column":38}},"447":{"start":{"line":1050,"column":6},"end":{"line":1058,"column":7}},"448":{"start":{"line":1051,"column":8},"end":{"line":1056,"column":10}},"449":{"start":{"line":1057,"column":8},"end":{"line":1057,"column":42}},"450":{"start":{"line":1060,"column":6},"end":{"line":1069,"column":7}},"451":{"start":{"line":1061,"column":8},"end":{"line":1067,"column":10}},"452":{"start":{"line":1068,"column":8},"end":{"line":1068,"column":42}},"453":{"start":{"line":1071,"column":6},"end":{"line":1071,"column":36}},"454":{"start":{"line":1072,"column":6},"end":{"line":1072,"column":38}},"455":{"start":{"line":1074,"column":6},"end":{"line":1074,"column":75}},"456":{"start":{"line":1075,"column":6},"end":{"line":1075,"column":40}},"457":{"start":{"line":1080,"column":4},"end":{"line":1129,"column":5}},"458":{"start":{"line":1081,"column":20},"end":{"line":1081,"column":52}},"459":{"start":{"line":1081,"column":50},"end":{"line":1081,"column":51}},"460":{"start":{"line":1082,"column":6},"end":{"line":1091,"column":7}},"461":{"start":{"line":1083,"column":8},"end":{"line":1089,"column":10}},"462":{"start":{"line":1090,"column":8},"end":{"line":1090,"column":42}},"463":{"start":{"line":1093,"column":30},"end":{"line":1093,"column":35}},"464":{"start":{"line":1094,"column":24},"end":{"line":1094,"column":38}},"465":{"start":{"line":1096,"column":6},"end":{"line":1104,"column":7}},"466":{"start":{"line":1097,"column":8},"end":{"line":1102,"column":10}},"467":{"start":{"line":1103,"column":8},"end":{"line":1103,"column":42}},"468":{"start":{"line":1106,"column":6},"end":{"line":1115,"column":7}},"469":{"start":{"line":1107,"column":8},"end":{"line":1113,"column":10}},"470":{"start":{"line":1114,"column":8},"end":{"line":1114,"column":42}},"471":{"start":{"line":1117,"column":24},"end":{"line":1117,"column":41}},"472":{"start":{"line":1118,"column":6},"end":{"line":1118,"column":36}},"473":{"start":{"line":1119,"column":6},"end":{"line":1119,"column":38}},"474":{"start":{"line":1121,"column":6},"end":{"line":1127,"column":8}},"475":{"start":{"line":1128,"column":6},"end":{"line":1128,"column":40}},"476":{"start":{"line":1133,"column":4},"end":{"line":1207,"column":5}},"477":{"start":{"line":1134,"column":20},"end":{"line":1134,"column":52}},"478":{"start":{"line":1134,"column":50},"end":{"line":1134,"column":51}},"479":{"start":{"line":1135,"column":6},"end":{"line":1144,"column":7}},"480":{"start":{"line":1136,"column":8},"end":{"line":1142,"column":10}},"481":{"start":{"line":1143,"column":8},"end":{"line":1143,"column":42}},"482":{"start":{"line":1146,"column":18},"end":{"line":1146,"column":26}},"483":{"start":{"line":1149,"column":6},"end":{"line":1157,"column":7}},"484":{"start":{"line":1150,"column":8},"end":{"line":1155,"column":10}},"485":{"start":{"line":1156,"column":8},"end":{"line":1156,"column":42}},"486":{"start":{"line":1159,"column":6},"end":{"line":1168,"column":7}},"487":{"start":{"line":1160,"column":8},"end":{"line":1166,"column":10}},"488":{"start":{"line":1167,"column":8},"end":{"line":1167,"column":42}},"489":{"start":{"line":1171,"column":26},"end":{"line":1171,"column":71}},"490":{"start":{"line":1171,"column":52},"end":{"line":1171,"column":70}},"491":{"start":{"line":1173,"column":6},"end":{"line":1186,"column":7}},"492":{"start":{"line":1174,"column":8},"end":{"line":1184,"column":10}},"493":{"start":{"line":1185,"column":8},"end":{"line":1185,"column":42}},"494":{"start":{"line":1189,"column":24},"end":{"line":1192,"column":28}},"495":{"start":{"line":1194,"column":6},"end":{"line":1203,"column":7}},"496":{"start":{"line":1195,"column":8},"end":{"line":1195,"column":57}},"497":{"start":{"line":1196,"column":8},"end":{"line":1201,"column":10}},"498":{"start":{"line":1202,"column":8},"end":{"line":1202,"column":42}},"499":{"start":{"line":1205,"column":6},"end":{"line":1205,"column":82}},"500":{"start":{"line":1206,"column":6},"end":{"line":1206,"column":40}},"501":{"start":{"line":1211,"column":4},"end":{"line":1234,"column":5}},"502":{"start":{"line":1212,"column":6},"end":{"line":1220,"column":7}},"503":{"start":{"line":1213,"column":8},"end":{"line":1218,"column":10}},"504":{"start":{"line":1219,"column":8},"end":{"line":1219,"column":42}},"505":{"start":{"line":1222,"column":20},"end":{"line":1225,"column":8}},"506":{"start":{"line":1223,"column":21},"end":{"line":1223,"column":62}},"507":{"start":{"line":1224,"column":8},"end":{"line":1224,"column":49}},"508":{"start":{"line":1226,"column":21},"end":{"line":1226,"column":60}},"509":{"start":{"line":1227,"column":22},"end":{"line":1227,"column":41}},"510":{"start":{"line":1229,"column":6},"end":{"line":1232,"column":8}},"511":{"start":{"line":1233,"column":6},"end":{"line":1233,"column":40}},"512":{"start":{"line":1238,"column":4},"end":{"line":1289,"column":5}},"513":{"start":{"line":1239,"column":20},"end":{"line":1239,"column":52}},"514":{"start":{"line":1239,"column":50},"end":{"line":1239,"column":51}},"515":{"start":{"line":1240,"column":6},"end":{"line":1249,"column":7}},"516":{"start":{"line":1241,"column":8},"end":{"line":1247,"column":10}},"517":{"start":{"line":1248,"column":8},"end":{"line":1248,"column":42}},"518":{"start":{"line":1251,"column":19},"end":{"line":1251,"column":43}},"519":{"start":{"line":1252,"column":26},"end":{"line":1252,"column":65}},"520":{"start":{"line":1254,"column":6},"end":{"line":1262,"column":7}},"521":{"start":{"line":1254,"column":35},"end":{"line":1254,"column":61}},"522":{"start":{"line":1255,"column":8},"end":{"line":1260,"column":10}},"523":{"start":{"line":1261,"column":8},"end":{"line":1261,"column":42}},"524":{"start":{"line":1265,"column":6},"end":{"line":1272,"column":9}},"525":{"start":{"line":1275,"column":6},"end":{"line":1282,"column":9}},"526":{"start":{"line":1284,"column":6},"end":{"line":1287,"column":8}},"527":{"start":{"line":1288,"column":6},"end":{"line":1288,"column":40}},"528":{"start":{"line":1293,"column":4},"end":{"line":1331,"column":5}},"529":{"start":{"line":1294,"column":20},"end":{"line":1294,"column":52}},"530":{"start":{"line":1294,"column":50},"end":{"line":1294,"column":51}},"531":{"start":{"line":1295,"column":6},"end":{"line":1304,"column":7}},"532":{"start":{"line":1296,"column":8},"end":{"line":1302,"column":10}},"533":{"start":{"line":1303,"column":8},"end":{"line":1303,"column":42}},"534":{"start":{"line":1306,"column":19},"end":{"line":1306,"column":43}},"535":{"start":{"line":1307,"column":29},"end":{"line":1307,"column":68}},"536":{"start":{"line":1309,"column":21},"end":{"line":1309,"column":76}},"537":{"start":{"line":1309,"column":46},"end":{"line":1309,"column":75}},"538":{"start":{"line":1310,"column":6},"end":{"line":1319,"column":7}},"539":{"start":{"line":1311,"column":8},"end":{"line":1317,"column":10}},"540":{"start":{"line":1318,"column":8},"end":{"line":1318,"column":42}},"541":{"start":{"line":1321,"column":6},"end":{"line":1321,"column":41}},"542":{"start":{"line":1323,"column":6},"end":{"line":1329,"column":8}},"543":{"start":{"line":1330,"column":6},"end":{"line":1330,"column":40}},"544":{"start":{"line":1335,"column":4},"end":{"line":1370,"column":5}},"545":{"start":{"line":1336,"column":25},"end":{"line":1336,"column":50}},"546":{"start":{"line":1337,"column":6},"end":{"line":1345,"column":7}},"547":{"start":{"line":1338,"column":8},"end":{"line":1343,"column":10}},"548":{"start":{"line":1344,"column":8},"end":{"line":1344,"column":42}},"549":{"start":{"line":1348,"column":29},"end":{"line":1348,"column":70}},"550":{"start":{"line":1348,"column":57},"end":{"line":1348,"column":69}},"551":{"start":{"line":1349,"column":20},"end":{"line":1349,"column":22}},"552":{"start":{"line":1350,"column":26},"end":{"line":1350,"column":84}},"553":{"start":{"line":1350,"column":73},"end":{"line":1350,"column":80}},"554":{"start":{"line":1351,"column":25},"end":{"line":1351,"column":77}},"555":{"start":{"line":1351,"column":59},"end":{"line":1351,"column":73}},"556":{"start":{"line":1352,"column":29},"end":{"line":1352,"column":53}},"557":{"start":{"line":1354,"column":6},"end":{"line":1364,"column":7}},"558":{"start":{"line":1355,"column":22},"end":{"line":1357,"column":48}},"559":{"start":{"line":1356,"column":25},"end":{"line":1356,"column":43}},"560":{"start":{"line":1357,"column":30},"end":{"line":1357,"column":44}},"561":{"start":{"line":1358,"column":23},"end":{"line":1358,"column":40}},"562":{"start":{"line":1359,"column":26},"end":{"line":1359,"column":40}},"563":{"start":{"line":1360,"column":24},"end":{"line":1360,"column":76}},"564":{"start":{"line":1362,"column":23},"end":{"line":1362,"column":50}},"565":{"start":{"line":1363,"column":8},"end":{"line":1363,"column":140}},"566":{"start":{"line":1366,"column":28},"end":{"line":1366,"column":60}},"567":{"start":{"line":1367,"column":21},"end":{"line":1367,"column":177}},"568":{"start":{"line":1368,"column":6},"end":{"line":1368,"column":70}},"569":{"start":{"line":1369,"column":6},"end":{"line":1369,"column":40}},"570":{"start":{"line":1374,"column":4},"end":{"line":1484,"column":5}},"571":{"start":{"line":1375,"column":6},"end":{"line":1383,"column":7}},"572":{"start":{"line":1376,"column":8},"end":{"line":1381,"column":10}},"573":{"start":{"line":1382,"column":8},"end":{"line":1382,"column":42}},"574":{"start":{"line":1386,"column":32},"end":{"line":1386,"column":87}},"575":{"start":{"line":1386,"column":60},"end":{"line":1386,"column":86}},"576":{"start":{"line":1388,"column":6},"end":{"line":1396,"column":7}},"577":{"start":{"line":1389,"column":8},"end":{"line":1394,"column":10}},"578":{"start":{"line":1395,"column":8},"end":{"line":1395,"column":42}},"579":{"start":{"line":1399,"column":25},"end":{"line":1399,"column":27}},"580":{"start":{"line":1400,"column":6},"end":{"line":1402,"column":9}},"581":{"start":{"line":1401,"column":8},"end":{"line":1401,"column":35}},"582":{"start":{"line":1404,"column":6},"end":{"line":1408,"column":9}},"583":{"start":{"line":1405,"column":8},"end":{"line":1407,"column":9}},"584":{"start":{"line":1406,"column":10},"end":{"line":1406,"column":45}},"585":{"start":{"line":1410,"column":25},"end":{"line":1413,"column":7}},"586":{"start":{"line":1411,"column":22},"end":{"line":1411,"column":31}},"587":{"start":{"line":1414,"column":24},"end":{"line":1414,"column":56}},"588":{"start":{"line":1417,"column":23},"end":{"line":1417,"column":25}},"589":{"start":{"line":1418,"column":6},"end":{"line":1420,"column":9}},"590":{"start":{"line":1419,"column":8},"end":{"line":1419,"column":66}},"591":{"start":{"line":1423,"column":24},"end":{"line":1423,"column":26}},"592":{"start":{"line":1424,"column":22},"end":{"line":1424,"column":24}},"593":{"start":{"line":1426,"column":6},"end":{"line":1432,"column":9}},"594":{"start":{"line":1427,"column":8},"end":{"line":1431,"column":9}},"595":{"start":{"line":1428,"column":10},"end":{"line":1428,"column":56}},"596":{"start":{"line":1429,"column":15},"end":{"line":1431,"column":9}},"597":{"start":{"line":1430,"column":10},"end":{"line":1430,"column":55}},"598":{"start":{"line":1434,"column":6},"end":{"line":1443,"column":7}},"599":{"start":{"line":1435,"column":8},"end":{"line":1441,"column":10}},"600":{"start":{"line":1442,"column":8},"end":{"line":1442,"column":42}},"601":{"start":{"line":1446,"column":26},"end":{"line":1446,"column":28}},"602":{"start":{"line":1447,"column":6},"end":{"line":1447,"column":52}},"603":{"start":{"line":1447,"column":31},"end":{"line":1447,"column":50}},"604":{"start":{"line":1448,"column":6},"end":{"line":1448,"column":50}},"605":{"start":{"line":1448,"column":29},"end":{"line":1448,"column":48}},"606":{"start":{"line":1450,"column":14},"end":{"line":1450,"column":15}},"607":{"start":{"line":1451,"column":14},"end":{"line":1451,"column":15}},"608":{"start":{"line":1452,"column":6},"end":{"line":1473,"column":7}},"609":{"start":{"line":1453,"column":25},"end":{"line":1453,"column":37}},"610":{"start":{"line":1454,"column":23},"end":{"line":1454,"column":33}},"611":{"start":{"line":1455,"column":23},"end":{"line":1455,"column":63}},"612":{"start":{"line":1458,"column":10},"end":{"line":1459,"column":46}},"613":{"start":{"line":1458,"column":35},"end":{"line":1458,"column":67}},"614":{"start":{"line":1461,"column":10},"end":{"line":1462,"column":44}},"615":{"start":{"line":1461,"column":35},"end":{"line":1461,"column":65}},"616":{"start":{"line":1464,"column":8},"end":{"line":1466,"column":10}},"617":{"start":{"line":1468,"column":8},"end":{"line":1468,"column":34}},"618":{"start":{"line":1469,"column":8},"end":{"line":1469,"column":32}},"619":{"start":{"line":1471,"column":8},"end":{"line":1471,"column":40}},"620":{"start":{"line":1471,"column":36},"end":{"line":1471,"column":40}},"621":{"start":{"line":1472,"column":8},"end":{"line":1472,"column":38}},"622":{"start":{"line":1472,"column":34},"end":{"line":1472,"column":38}},"623":{"start":{"line":1475,"column":20},"end":{"line":1480,"column":7}},"624":{"start":{"line":1482,"column":6},"end":{"line":1482,"column":80}},"625":{"start":{"line":1483,"column":6},"end":{"line":1483,"column":40}},"626":{"start":{"line":1488,"column":4},"end":{"line":1555,"column":5}},"627":{"start":{"line":1489,"column":29},"end":{"line":1491,"column":7}},"628":{"start":{"line":1490,"column":15},"end":{"line":1490,"column":38}},"629":{"start":{"line":1493,"column":6},"end":{"line":1501,"column":7}},"630":{"start":{"line":1494,"column":8},"end":{"line":1499,"column":10}},"631":{"start":{"line":1500,"column":8},"end":{"line":1500,"column":42}},"632":{"start":{"line":1503,"column":6},"end":{"line":1512,"column":7}},"633":{"start":{"line":1504,"column":8},"end":{"line":1510,"column":10}},"634":{"start":{"line":1511,"column":8},"end":{"line":1511,"column":42}},"635":{"start":{"line":1515,"column":6},"end":{"line":1519,"column":9}},"636":{"start":{"line":1522,"column":33},"end":{"line":1522,"column":56}},"637":{"start":{"line":1523,"column":25},"end":{"line":1523,"column":67}},"638":{"start":{"line":1523,"column":57},"end":{"line":1523,"column":66}},"639":{"start":{"line":1525,"column":6},"end":{"line":1552,"column":7}},"640":{"start":{"line":1527,"column":8},"end":{"line":1527,"column":34}},"641":{"start":{"line":1530,"column":8},"end":{"line":1530,"column":33}},"642":{"start":{"line":1532,"column":8},"end":{"line":1540,"column":10}},"643":{"start":{"line":1542,"column":29},"end":{"line":1542,"column":79}},"644":{"start":{"line":1542,"column":62},"end":{"line":1542,"column":71}},"645":{"start":{"line":1543,"column":27},"end":{"line":1543,"column":52}},"646":{"start":{"line":1545,"column":8},"end":{"line":1551,"column":10}},"647":{"start":{"line":1554,"column":6},"end":{"line":1554,"column":40}},"648":{"start":{"line":1559,"column":4},"end":{"line":1598,"column":5}},"649":{"start":{"line":1560,"column":22},"end":{"line":1560,"column":46}},"650":{"start":{"line":1561,"column":6},"end":{"line":1569,"column":7}},"651":{"start":{"line":1562,"column":8},"end":{"line":1567,"column":10}},"652":{"start":{"line":1568,"column":8},"end":{"line":1568,"column":42}},"653":{"start":{"line":1571,"column":30},"end":{"line":1571,"column":48}},"654":{"start":{"line":1572,"column":22},"end":{"line":1574,"column":7}},"655":{"start":{"line":1573,"column":15},"end":{"line":1573,"column":70}},"656":{"start":{"line":1576,"column":6},"end":{"line":1584,"column":7}},"657":{"start":{"line":1577,"column":8},"end":{"line":1582,"column":10}},"658":{"start":{"line":1583,"column":8},"end":{"line":1583,"column":42}},"659":{"start":{"line":1587,"column":6},"end":{"line":1587,"column":59}},"660":{"start":{"line":1589,"column":6},"end":{"line":1596,"column":8}},"661":{"start":{"line":1597,"column":6},"end":{"line":1597,"column":40}},"662":{"start":{"line":1601,"column":4},"end":{"line":1649,"column":5}},"663":{"start":{"line":1602,"column":20},"end":{"line":1602,"column":58}},"664":{"start":{"line":1604,"column":6},"end":{"line":1610,"column":7}},"665":{"start":{"line":1605,"column":8},"end":{"line":1608,"column":10}},"666":{"start":{"line":1609,"column":8},"end":{"line":1609,"column":42}},"667":{"start":{"line":1612,"column":22},"end":{"line":1620,"column":8}},"668":{"start":{"line":1613,"column":8},"end":{"line":1613,"column":38}},"669":{"start":{"line":1613,"column":25},"end":{"line":1613,"column":38}},"670":{"start":{"line":1614,"column":8},"end":{"line":1619,"column":10}},"671":{"start":{"line":1622,"column":6},"end":{"line":1625,"column":7}},"672":{"start":{"line":1623,"column":8},"end":{"line":1623,"column":85}},"673":{"start":{"line":1624,"column":8},"end":{"line":1624,"column":42}},"674":{"start":{"line":1627,"column":20},"end":{"line":1638,"column":8}},"675":{"start":{"line":1628,"column":21},"end":{"line":1632,"column":10}},"676":{"start":{"line":1634,"column":10},"end":{"line":1635,"column":20}},"677":{"start":{"line":1634,"column":35},"end":{"line":1634,"column":60}},"678":{"start":{"line":1636,"column":24},"end":{"line":1636,"column":44}},"679":{"start":{"line":1637,"column":8},"end":{"line":1637,"column":91}},"680":{"start":{"line":1639,"column":21},"end":{"line":1639,"column":70}},"681":{"start":{"line":1640,"column":22},"end":{"line":1640,"column":41}},"682":{"start":{"line":1643,"column":8},"end":{"line":1643,"column":76}},"683":{"start":{"line":1644,"column":6},"end":{"line":1647,"column":8}},"684":{"start":{"line":1648,"column":6},"end":{"line":1648,"column":40}},"685":{"start":{"line":1652,"column":4},"end":{"line":1689,"column":5}},"686":{"start":{"line":1653,"column":20},"end":{"line":1653,"column":35}},"687":{"start":{"line":1654,"column":20},"end":{"line":1654,"column":44}},"688":{"start":{"line":1657,"column":21},"end":{"line":1660,"column":38}},"689":{"start":{"line":1658,"column":23},"end":{"line":1658,"column":35}},"690":{"start":{"line":1659,"column":24},"end":{"line":1659,"column":55}},"691":{"start":{"line":1662,"column":6},"end":{"line":1665,"column":7}},"692":{"start":{"line":1663,"column":8},"end":{"line":1663,"column":63}},"693":{"start":{"line":1664,"column":8},"end":{"line":1664,"column":42}},"694":{"start":{"line":1667,"column":20},"end":{"line":1680,"column":8}},"695":{"start":{"line":1668,"column":21},"end":{"line":1674,"column":10}},"696":{"start":{"line":1676,"column":10},"end":{"line":1677,"column":20}},"697":{"start":{"line":1676,"column":35},"end":{"line":1676,"column":60}},"698":{"start":{"line":1678,"column":24},"end":{"line":1678,"column":44}},"699":{"start":{"line":1679,"column":8},"end":{"line":1679,"column":91}},"700":{"start":{"line":1681,"column":21},"end":{"line":1681,"column":77}},"701":{"start":{"line":1682,"column":22},"end":{"line":1682,"column":41}},"702":{"start":{"line":1684,"column":6},"end":{"line":1687,"column":8}},"703":{"start":{"line":1688,"column":6},"end":{"line":1688,"column":40}},"704":{"start":{"line":1694,"column":4},"end":{"line":1900,"column":5}},"705":{"start":{"line":1696,"column":28},"end":{"line":1696,"column":75}},"706":{"start":{"line":1698,"column":6},"end":{"line":1781,"column":7}},"707":{"start":{"line":1700,"column":71},"end":{"line":1700,"column":84}},"708":{"start":{"line":1703,"column":8},"end":{"line":1709,"column":9}},"709":{"start":{"line":1704,"column":10},"end":{"line":1707,"column":12}},"710":{"start":{"line":1708,"column":10},"end":{"line":1708,"column":44}},"711":{"start":{"line":1712,"column":27},"end":{"line":1712,"column":35}},"712":{"start":{"line":1713,"column":22},"end":{"line":1713,"column":30}},"713":{"start":{"line":1715,"column":8},"end":{"line":1727,"column":9}},"714":{"start":{"line":1717,"column":10},"end":{"line":1717,"column":45}},"715":{"start":{"line":1718,"column":10},"end":{"line":1718,"column":29}},"716":{"start":{"line":1719,"column":15},"end":{"line":1727,"column":9}},"717":{"start":{"line":1721,"column":10},"end":{"line":1721,"column":34}},"718":{"start":{"line":1722,"column":10},"end":{"line":1722,"column":40}},"719":{"start":{"line":1723,"column":15},"end":{"line":1727,"column":9}},"720":{"start":{"line":1725,"column":10},"end":{"line":1725,"column":34}},"721":{"start":{"line":1726,"column":10},"end":{"line":1726,"column":40}},"722":{"start":{"line":1730,"column":27},"end":{"line":1742,"column":9}},"723":{"start":{"line":1744,"column":8},"end":{"line":1744,"column":41}},"724":{"start":{"line":1747,"column":32},"end":{"line":1747,"column":52}},"725":{"start":{"line":1750,"column":25},"end":{"line":1754,"column":9}},"726":{"start":{"line":1757,"column":26},"end":{"line":1757,"column":28}},"727":{"start":{"line":1758,"column":8},"end":{"line":1773,"column":9}},"728":{"start":{"line":1759,"column":10},"end":{"line":1759,"column":101}},"729":{"start":{"line":1760,"column":10},"end":{"line":1760,"column":57}},"730":{"start":{"line":1761,"column":10},"end":{"line":1761,"column":45}},"731":{"start":{"line":1762,"column":10},"end":{"line":1762,"column":92}},"732":{"start":{"line":1763,"column":15},"end":{"line":1773,"column":9}},"733":{"start":{"line":1764,"column":10},"end":{"line":1764,"column":52}},"734":{"start":{"line":1765,"column":10},"end":{"line":1765,"column":57}},"735":{"start":{"line":1766,"column":10},"end":{"line":1766,"column":91}},"736":{"start":{"line":1767,"column":10},"end":{"line":1767,"column":46}},"737":{"start":{"line":1768,"column":15},"end":{"line":1773,"column":9}},"738":{"start":{"line":1769,"column":10},"end":{"line":1769,"column":53}},"739":{"start":{"line":1770,"column":10},"end":{"line":1770,"column":57}},"740":{"start":{"line":1771,"column":10},"end":{"line":1771,"column":91}},"741":{"start":{"line":1772,"column":10},"end":{"line":1772,"column":58}},"742":{"start":{"line":1775,"column":8},"end":{"line":1775,"column":51}},"743":{"start":{"line":1776,"column":8},"end":{"line":1776,"column":133}},"744":{"start":{"line":1777,"column":8},"end":{"line":1777,"column":139}},"745":{"start":{"line":1779,"column":8},"end":{"line":1779,"column":58}},"746":{"start":{"line":1780,"column":8},"end":{"line":1780,"column":42}},"747":{"start":{"line":1784,"column":29},"end":{"line":1784,"column":47}},"748":{"start":{"line":1786,"column":4},"end":{"line":1899,"column":5}},"749":{"start":{"line":1787,"column":28},"end":{"line":1787,"column":30}},"750":{"start":{"line":1788,"column":21},"end":{"line":1788,"column":23}},"751":{"start":{"line":1790,"column":6},"end":{"line":1799,"column":7}},"752":{"start":{"line":1792,"column":8},"end":{"line":1798,"column":9}},"753":{"start":{"line":1793,"column":10},"end":{"line":1793,"column":34}},"754":{"start":{"line":1795,"column":10},"end":{"line":1797,"column":12}},"755":{"start":{"line":1801,"column":6},"end":{"line":1804,"column":7}},"756":{"start":{"line":1802,"column":8},"end":{"line":1802,"column":55}},"757":{"start":{"line":1803,"column":8},"end":{"line":1803,"column":42}},"758":{"start":{"line":1807,"column":26},"end":{"line":1817,"column":9}},"759":{"start":{"line":1807,"column":54},"end":{"line":1817,"column":7}},"760":{"start":{"line":1819,"column":6},"end":{"line":1819,"column":38}},"761":{"start":{"line":1822,"column":26},"end":{"line":1822,"column":28}},"762":{"start":{"line":1823,"column":31},"end":{"line":1825,"column":7}},"763":{"start":{"line":1824,"column":44},"end":{"line":1824,"column":54}},"764":{"start":{"line":1828,"column":30},"end":{"line":1828,"column":50}},"765":{"start":{"line":1831,"column":33},"end":{"line":1831,"column":91}},"766":{"start":{"line":1831,"column":80},"end":{"line":1831,"column":87}},"767":{"start":{"line":1832,"column":31},"end":{"line":1832,"column":54}},"768":{"start":{"line":1833,"column":32},"end":{"line":1833,"column":61}},"769":{"start":{"line":1835,"column":25},"end":{"line":1835,"column":35}},"770":{"start":{"line":1836,"column":25},"end":{"line":1836,"column":99}},"771":{"start":{"line":1837,"column":25},"end":{"line":1837,"column":45}},"772":{"start":{"line":1838,"column":27},"end":{"line":1838,"column":48}},"773":{"start":{"line":1839,"column":26},"end":{"line":1839,"column":50}},"774":{"start":{"line":1841,"column":25},"end":{"line":1841,"column":72}},"775":{"start":{"line":1842,"column":24},"end":{"line":1842,"column":131}},"776":{"start":{"line":1843,"column":25},"end":{"line":1843,"column":63}},"777":{"start":{"line":1845,"column":25},"end":{"line":1847,"column":46}},"778":{"start":{"line":1846,"column":23},"end":{"line":1846,"column":67}},"779":{"start":{"line":1847,"column":28},"end":{"line":1847,"column":42}},"780":{"start":{"line":1848,"column":24},"end":{"line":1850,"column":46}},"781":{"start":{"line":1849,"column":23},"end":{"line":1849,"column":66}},"782":{"start":{"line":1850,"column":28},"end":{"line":1850,"column":42}},"783":{"start":{"line":1851,"column":25},"end":{"line":1853,"column":46}},"784":{"start":{"line":1852,"column":23},"end":{"line":1852,"column":67}},"785":{"start":{"line":1853,"column":28},"end":{"line":1853,"column":42}},"786":{"start":{"line":1855,"column":27},"end":{"line":1855,"column":104}},"787":{"start":{"line":1856,"column":26},"end":{"line":1856,"column":104}},"788":{"start":{"line":1857,"column":27},"end":{"line":1857,"column":108}},"789":{"start":{"line":1859,"column":6},"end":{"line":1864,"column":8}},"790":{"start":{"line":1866,"column":6},"end":{"line":1880,"column":7}},"791":{"start":{"line":1867,"column":25},"end":{"line":1871,"column":9}},"792":{"start":{"line":1873,"column":8},"end":{"line":1879,"column":10}},"793":{"start":{"line":1883,"column":20},"end":{"line":1885,"column":7}},"794":{"start":{"line":1884,"column":17},"end":{"line":1884,"column":51}},"795":{"start":{"line":1887,"column":21},"end":{"line":1887,"column":51}},"796":{"start":{"line":1889,"column":6},"end":{"line":1891,"column":7}},"797":{"start":{"line":1890,"column":8},"end":{"line":1890,"column":52}},"798":{"start":{"line":1893,"column":6},"end":{"line":1895,"column":7}},"799":{"start":{"line":1894,"column":8},"end":{"line":1894,"column":49}},"800":{"start":{"line":1897,"column":6},"end":{"line":1897,"column":53}},"801":{"start":{"line":1898,"column":6},"end":{"line":1898,"column":40}},"802":{"start":{"line":1905,"column":4},"end":{"line":1950,"column":5}},"803":{"start":{"line":1907,"column":29},"end":{"line":1907,"column":70}},"804":{"start":{"line":1907,"column":57},"end":{"line":1907,"column":69}},"805":{"start":{"line":1909,"column":6},"end":{"line":1912,"column":7}},"806":{"start":{"line":1910,"column":8},"end":{"line":1910,"column":63}},"807":{"start":{"line":1911,"column":8},"end":{"line":1911,"column":42}},"808":{"start":{"line":1914,"column":20},"end":{"line":1914,"column":72}},"809":{"start":{"line":1914,"column":54},"end":{"line":1914,"column":68}},"810":{"start":{"line":1915,"column":28},"end":{"line":1915,"column":57}},"811":{"start":{"line":1918,"column":21},"end":{"line":1918,"column":23}},"812":{"start":{"line":1919,"column":6},"end":{"line":1922,"column":9}},"813":{"start":{"line":1920,"column":8},"end":{"line":1920,"column":56}},"814":{"start":{"line":1920,"column":33},"end":{"line":1920,"column":56}},"815":{"start":{"line":1921,"column":8},"end":{"line":1921,"column":39}},"816":{"start":{"line":1925,"column":25},"end":{"line":1925,"column":78}},"817":{"start":{"line":1925,"column":63},"end":{"line":1925,"column":74}},"818":{"start":{"line":1927,"column":8},"end":{"line":1928,"column":21}},"819":{"start":{"line":1927,"column":33},"end":{"line":1927,"column":61}},"820":{"start":{"line":1931,"column":25},"end":{"line":1931,"column":27}},"821":{"start":{"line":1932,"column":6},"end":{"line":1935,"column":9}},"822":{"start":{"line":1933,"column":8},"end":{"line":1933,"column":64}},"823":{"start":{"line":1933,"column":37},"end":{"line":1933,"column":64}},"824":{"start":{"line":1934,"column":8},"end":{"line":1934,"column":43}},"825":{"start":{"line":1937,"column":26},"end":{"line":1939,"column":10}},"826":{"start":{"line":1938,"column":18},"end":{"line":1938,"column":29}},"827":{"start":{"line":1941,"column":26},"end":{"line":1941,"column":84}},"828":{"start":{"line":1941,"column":73},"end":{"line":1941,"column":80}},"829":{"start":{"line":1942,"column":24},"end":{"line":1942,"column":43}},"830":{"start":{"line":1943,"column":29},"end":{"line":1943,"column":91}},"831":{"start":{"line":1945,"column":6},"end":{"line":1948,"column":8}},"832":{"start":{"line":1949,"column":6},"end":{"line":1949,"column":40}},"833":{"start":{"line":1953,"column":4},"end":{"line":1983,"column":5}},"834":{"start":{"line":1955,"column":29},"end":{"line":1955,"column":70}},"835":{"start":{"line":1955,"column":57},"end":{"line":1955,"column":69}},"836":{"start":{"line":1957,"column":6},"end":{"line":1960,"column":7}},"837":{"start":{"line":1958,"column":8},"end":{"line":1958,"column":63}},"838":{"start":{"line":1959,"column":8},"end":{"line":1959,"column":42}},"839":{"start":{"line":1962,"column":21},"end":{"line":1962,"column":23}},"840":{"start":{"line":1963,"column":6},"end":{"line":1966,"column":9}},"841":{"start":{"line":1964,"column":8},"end":{"line":1964,"column":56}},"842":{"start":{"line":1964,"column":33},"end":{"line":1964,"column":56}},"843":{"start":{"line":1965,"column":8},"end":{"line":1965,"column":39}},"844":{"start":{"line":1968,"column":21},"end":{"line":1970,"column":20}},"845":{"start":{"line":1969,"column":24},"end":{"line":1969,"column":35}},"846":{"start":{"line":1972,"column":20},"end":{"line":1979,"column":8}},"847":{"start":{"line":1974,"column":10},"end":{"line":1975,"column":18}},"848":{"start":{"line":1974,"column":35},"end":{"line":1974,"column":58}},"849":{"start":{"line":1977,"column":10},"end":{"line":1977,"column":80}},"850":{"start":{"line":1978,"column":8},"end":{"line":1978,"column":72}},"851":{"start":{"line":1981,"column":6},"end":{"line":1981,"column":83}},"852":{"start":{"line":1982,"column":6},"end":{"line":1982,"column":40}},"853":{"start":{"line":1986,"column":4},"end":{"line":2025,"column":5}},"854":{"start":{"line":1987,"column":21},"end":{"line":1987,"column":31}},"855":{"start":{"line":1988,"column":21},"end":{"line":1988,"column":91}},"856":{"start":{"line":1989,"column":27},"end":{"line":1989,"column":44}},"857":{"start":{"line":1990,"column":26},"end":{"line":1990,"column":46}},"858":{"start":{"line":1993,"column":30},"end":{"line":2000,"column":8}},"859":{"start":{"line":1994,"column":8},"end":{"line":1994,"column":38}},"860":{"start":{"line":1994,"column":25},"end":{"line":1994,"column":38}},"861":{"start":{"line":1995,"column":28},"end":{"line":1995,"column":42}},"862":{"start":{"line":1996,"column":8},"end":{"line":1999,"column":10}},"863":{"start":{"line":2002,"column":6},"end":{"line":2005,"column":7}},"864":{"start":{"line":2003,"column":8},"end":{"line":2003,"column":70}},"865":{"start":{"line":2004,"column":8},"end":{"line":2004,"column":42}},"866":{"start":{"line":2007,"column":20},"end":{"line":2007,"column":73}},"867":{"start":{"line":2007,"column":55},"end":{"line":2007,"column":69}},"868":{"start":{"line":2008,"column":25},"end":{"line":2008,"column":27}},"869":{"start":{"line":2010,"column":6},"end":{"line":2013,"column":9}},"870":{"start":{"line":2011,"column":8},"end":{"line":2011,"column":64}},"871":{"start":{"line":2011,"column":37},"end":{"line":2011,"column":64}},"872":{"start":{"line":2012,"column":8},"end":{"line":2012,"column":43}},"873":{"start":{"line":2015,"column":24},"end":{"line":2015,"column":75}},"874":{"start":{"line":2016,"column":20},"end":{"line":2018,"column":76}},"875":{"start":{"line":2017,"column":24},"end":{"line":2017,"column":35}},"876":{"start":{"line":2018,"column":32},"end":{"line":2018,"column":75}},"877":{"start":{"line":2020,"column":6},"end":{"line":2023,"column":8}},"878":{"start":{"line":2024,"column":6},"end":{"line":2024,"column":40}},"879":{"start":{"line":2028,"column":4},"end":{"line":2048,"column":5}},"880":{"start":{"line":2029,"column":26},"end":{"line":2029,"column":74}},"881":{"start":{"line":2029,"column":54},"end":{"line":2029,"column":66}},"882":{"start":{"line":2031,"column":6},"end":{"line":2034,"column":7}},"883":{"start":{"line":2032,"column":8},"end":{"line":2032,"column":67}},"884":{"start":{"line":2033,"column":8},"end":{"line":2033,"column":42}},"885":{"start":{"line":2037,"column":6},"end":{"line":2041,"column":7}},"886":{"start":{"line":2038,"column":8},"end":{"line":2040,"column":9}},"887":{"start":{"line":2039,"column":10},"end":{"line":2039,"column":63}},"888":{"start":{"line":2043,"column":6},"end":{"line":2046,"column":8}},"889":{"start":{"line":2047,"column":6},"end":{"line":2047,"column":40}},"890":{"start":{"line":2051,"column":4},"end":{"line":2163,"column":5}},"891":{"start":{"line":2052,"column":25},"end":{"line":2052,"column":50}},"892":{"start":{"line":2053,"column":6},"end":{"line":2059,"column":7}},"893":{"start":{"line":2054,"column":8},"end":{"line":2057,"column":10}},"894":{"start":{"line":2058,"column":8},"end":{"line":2058,"column":42}},"895":{"start":{"line":2061,"column":29},"end":{"line":2061,"column":70}},"896":{"start":{"line":2061,"column":57},"end":{"line":2061,"column":69}},"897":{"start":{"line":2062,"column":25},"end":{"line":2062,"column":35}},"898":{"start":{"line":2063,"column":25},"end":{"line":2063,"column":99}},"899":{"start":{"line":2064,"column":25},"end":{"line":2064,"column":45}},"900":{"start":{"line":2065,"column":27},"end":{"line":2065,"column":48}},"901":{"start":{"line":2066,"column":26},"end":{"line":2066,"column":50}},"902":{"start":{"line":2069,"column":25},"end":{"line":2069,"column":72}},"903":{"start":{"line":2070,"column":24},"end":{"line":2070,"column":131}},"904":{"start":{"line":2071,"column":25},"end":{"line":2071,"column":63}},"905":{"start":{"line":2074,"column":29},"end":{"line":2074,"column":71}},"906":{"start":{"line":2075,"column":27},"end":{"line":2075,"column":77}},"907":{"start":{"line":2078,"column":33},"end":{"line":2078,"column":91}},"908":{"start":{"line":2078,"column":80},"end":{"line":2078,"column":87}},"909":{"start":{"line":2079,"column":31},"end":{"line":2079,"column":54}},"910":{"start":{"line":2080,"column":32},"end":{"line":2080,"column":61}},"911":{"start":{"line":2083,"column":25},"end":{"line":2085,"column":46}},"912":{"start":{"line":2084,"column":23},"end":{"line":2084,"column":51}},"913":{"start":{"line":2085,"column":28},"end":{"line":2085,"column":42}},"914":{"start":{"line":2086,"column":24},"end":{"line":2088,"column":46}},"915":{"start":{"line":2087,"column":23},"end":{"line":2087,"column":50}},"916":{"start":{"line":2088,"column":28},"end":{"line":2088,"column":42}},"917":{"start":{"line":2089,"column":25},"end":{"line":2091,"column":46}},"918":{"start":{"line":2090,"column":23},"end":{"line":2090,"column":51}},"919":{"start":{"line":2091,"column":28},"end":{"line":2091,"column":42}},"920":{"start":{"line":2094,"column":29},"end":{"line":2099,"column":46}},"921":{"start":{"line":2096,"column":26},"end":{"line":2096,"column":40}},"922":{"start":{"line":2097,"column":10},"end":{"line":2097,"column":70}},"923":{"start":{"line":2099,"column":28},"end":{"line":2099,"column":42}},"924":{"start":{"line":2101,"column":27},"end":{"line":2101,"column":104}},"925":{"start":{"line":2102,"column":26},"end":{"line":2102,"column":104}},"926":{"start":{"line":2103,"column":27},"end":{"line":2103,"column":108}},"927":{"start":{"line":2104,"column":31},"end":{"line":2104,"column":116}},"928":{"start":{"line":2107,"column":27},"end":{"line":2121,"column":7}},"929":{"start":{"line":2123,"column":28},"end":{"line":2123,"column":30}},"930":{"start":{"line":2124,"column":6},"end":{"line":2158,"column":7}},"931":{"start":{"line":2125,"column":23},"end":{"line":2125,"column":40}},"932":{"start":{"line":2126,"column":28},"end":{"line":2126,"column":39}},"933":{"start":{"line":2127,"column":29},"end":{"line":2127,"column":46}},"934":{"start":{"line":2129,"column":30},"end":{"line":2131,"column":48}},"935":{"start":{"line":2130,"column":25},"end":{"line":2130,"column":75}},"936":{"start":{"line":2131,"column":30},"end":{"line":2131,"column":44}},"937":{"start":{"line":2132,"column":29},"end":{"line":2134,"column":48}},"938":{"start":{"line":2133,"column":25},"end":{"line":2133,"column":74}},"939":{"start":{"line":2134,"column":30},"end":{"line":2134,"column":44}},"940":{"start":{"line":2135,"column":30},"end":{"line":2137,"column":48}},"941":{"start":{"line":2136,"column":25},"end":{"line":2136,"column":75}},"942":{"start":{"line":2137,"column":30},"end":{"line":2137,"column":44}},"943":{"start":{"line":2138,"column":34},"end":{"line":2143,"column":48}},"944":{"start":{"line":2140,"column":28},"end":{"line":2140,"column":42}},"945":{"start":{"line":2141,"column":12},"end":{"line":2141,"column":94}},"946":{"start":{"line":2143,"column":30},"end":{"line":2143,"column":44}},"947":{"start":{"line":2145,"column":32},"end":{"line":2145,"column":102}},"948":{"start":{"line":2146,"column":31},"end":{"line":2146,"column":102}},"949":{"start":{"line":2147,"column":32},"end":{"line":2147,"column":92}},"950":{"start":{"line":2148,"column":36},"end":{"line":2148,"column":100}},"951":{"start":{"line":2150,"column":8},"end":{"line":2157,"column":10}},"952":{"start":{"line":2160,"column":22},"end":{"line":2160,"column":130}},"953":{"start":{"line":2161,"column":6},"end":{"line":2161,"column":41}},"954":{"start":{"line":2162,"column":6},"end":{"line":2162,"column":40}},"955":{"start":{"line":2166,"column":4},"end":{"line":2170,"column":5}},"956":{"start":{"line":2167,"column":24},"end":{"line":2167,"column":84}},"957":{"start":{"line":2168,"column":6},"end":{"line":2168,"column":51}},"958":{"start":{"line":2169,"column":6},"end":{"line":2169,"column":40}},"959":{"start":{"line":2173,"column":4},"end":{"line":2173,"column":38}},"960":{"start":{"line":2176,"column":4},"end":{"line":2176,"column":41}},"961":{"start":{"line":2179,"column":4},"end":{"line":2179,"column":38}}},"fnMap":{"0":{"name":"sendMessage","decl":{"start":{"line":17,"column":15},"end":{"line":17,"column":26}},"loc":{"start":{"line":17,"column":57},"end":{"line":47,"column":1}},"line":17},"1":{"name":"now","decl":{"start":{"line":49,"column":9},"end":{"line":49,"column":12}},"loc":{"start":{"line":49,"column":15},"end":{"line":51,"column":1}},"line":49},"2":{"name":"formatDate","decl":{"start":{"line":53,"column":9},"end":{"line":53,"column":19}},"loc":{"start":{"line":53,"column":24},"end":{"line":64,"column":1}},"line":53},"3":{"name":"escapeHtml","decl":{"start":{"line":66,"column":9},"end":{"line":66,"column":19}},"loc":{"start":{"line":66,"column":26},"end":{"line":71,"column":1}},"line":66},"4":{"name":"generateAlerts","decl":{"start":{"line":75,"column":15},"end":{"line":75,"column":29}},"loc":{"start":{"line":75,"column":72},"end":{"line":187,"column":1}},"line":75},"5":{"name":"(anonymous_5)","decl":{"start":{"line":85,"column":41},"end":{"line":85,"column":42}},"loc":{"start":{"line":85,"column":48},"end":{"line":85,"column":60}},"line":85},"6":{"name":"(anonymous_6)","decl":{"start":{"line":125,"column":14},"end":{"line":125,"column":15}},"loc":{"start":{"line":125,"column":21},"end":{"line":125,"column":70}},"line":125},"7":{"name":"(anonymous_7)","decl":{"start":{"line":126,"column":14},"end":{"line":126,"column":15}},"loc":{"start":{"line":126,"column":26},"end":{"line":126,"column":40}},"line":126},"8":{"name":"(anonymous_8)","decl":{"start":{"line":170,"column":52},"end":{"line":170,"column":53}},"loc":{"start":{"line":170,"column":64},"end":{"line":170,"column":71}},"line":170},"9":{"name":"(anonymous_9)","decl":{"start":{"line":172,"column":12},"end":{"line":172,"column":13}},"loc":{"start":{"line":172,"column":19},"end":{"line":172,"column":46}},"line":172},"10":{"name":"(anonymous_10)","decl":{"start":{"line":173,"column":12},"end":{"line":173,"column":13}},"loc":{"start":{"line":173,"column":24},"end":{"line":173,"column":38}},"line":173},"11":{"name":"handleFastCommands","decl":{"start":{"line":191,"column":15},"end":{"line":191,"column":33}},"loc":{"start":{"line":191,"column":48},"end":{"line":235,"column":1}},"line":191},"12":{"name":"loadAllData","decl":{"start":{"line":240,"column":15},"end":{"line":240,"column":26}},"loc":{"start":{"line":240,"column":29},"end":{"line":249,"column":1}},"line":240},"13":{"name":"loadBudgets","decl":{"start":{"line":251,"column":15},"end":{"line":251,"column":26}},"loc":{"start":{"line":251,"column":29},"end":{"line":271,"column":1}},"line":251},"14":{"name":"(anonymous_14)","decl":{"start":{"line":263,"column":23},"end":{"line":263,"column":24}},"loc":{"start":{"line":263,"column":31},"end":{"line":263,"column":74}},"line":263},"15":{"name":"saveBudgets","decl":{"start":{"line":273,"column":15},"end":{"line":273,"column":26}},"loc":{"start":{"line":273,"column":36},"end":{"line":290,"column":1}},"line":273},"16":{"name":"(anonymous_16)","decl":{"start":{"line":275,"column":43},"end":{"line":275,"column":44}},"loc":{"start":{"line":275,"column":68},"end":{"line":278,"column":3}},"line":275},"17":{"name":"ensureUncategorizedExists","decl":{"start":{"line":292,"column":15},"end":{"line":292,"column":40}},"loc":{"start":{"line":292,"column":50},"end":{"line":298,"column":1}},"line":292},"18":{"name":"loadExpenses","decl":{"start":{"line":300,"column":15},"end":{"line":300,"column":27}},"loc":{"start":{"line":300,"column":30},"end":{"line":323,"column":1}},"line":300},"19":{"name":"(anonymous_19)","decl":{"start":{"line":311,"column":26},"end":{"line":311,"column":27}},"loc":{"start":{"line":311,"column":34},"end":{"line":322,"column":3}},"line":311},"20":{"name":"saveExpenses","decl":{"start":{"line":325,"column":15},"end":{"line":325,"column":27}},"loc":{"start":{"line":325,"column":38},"end":{"line":346,"column":1}},"line":325},"21":{"name":"(anonymous_21)","decl":{"start":{"line":329,"column":17},"end":{"line":329,"column":18}},"loc":{"start":{"line":329,"column":25},"end":{"line":339,"column":5}},"line":329},"22":{"name":"updateExpense","decl":{"start":{"line":348,"column":15},"end":{"line":348,"column":28}},"loc":{"start":{"line":348,"column":42},"end":{"line":365,"column":1}},"line":348},"23":{"name":"settleAllExpenses","decl":{"start":{"line":368,"column":15},"end":{"line":368,"column":32}},"loc":{"start":{"line":368,"column":35},"end":{"line":379,"column":1}},"line":368},"24":{"name":"loadMembers","decl":{"start":{"line":381,"column":15},"end":{"line":381,"column":26}},"loc":{"start":{"line":381,"column":29},"end":{"line":398,"column":1}},"line":381},"25":{"name":"(anonymous_25)","decl":{"start":{"line":392,"column":26},"end":{"line":392,"column":27}},"loc":{"start":{"line":392,"column":34},"end":{"line":397,"column":3}},"line":392},"26":{"name":"saveMembers","decl":{"start":{"line":400,"column":15},"end":{"line":400,"column":26}},"loc":{"start":{"line":400,"column":36},"end":{"line":416,"column":1}},"line":400},"27":{"name":"(anonymous_27)","decl":{"start":{"line":404,"column":16},"end":{"line":404,"column":17}},"loc":{"start":{"line":404,"column":24},"end":{"line":409,"column":5}},"line":404},"28":{"name":"updateMember","decl":{"start":{"line":418,"column":15},"end":{"line":418,"column":27}},"loc":{"start":{"line":418,"column":53},"end":{"line":433,"column":1}},"line":418},"29":{"name":"deleteMember","decl":{"start":{"line":435,"column":15},"end":{"line":435,"column":27}},"loc":{"start":{"line":435,"column":38},"end":{"line":446,"column":1}},"line":435},"30":{"name":"loadSettlements","decl":{"start":{"line":448,"column":15},"end":{"line":448,"column":30}},"loc":{"start":{"line":448,"column":33},"end":{"line":465,"column":1}},"line":448},"31":{"name":"(anonymous_31)","decl":{"start":{"line":459,"column":26},"end":{"line":459,"column":27}},"loc":{"start":{"line":459,"column":34},"end":{"line":464,"column":3}},"line":459},"32":{"name":"saveSettlements","decl":{"start":{"line":467,"column":15},"end":{"line":467,"column":30}},"loc":{"start":{"line":467,"column":44},"end":{"line":484,"column":1}},"line":467},"33":{"name":"(anonymous_33)","decl":{"start":{"line":471,"column":20},"end":{"line":471,"column":21}},"loc":{"start":{"line":471,"column":28},"end":{"line":476,"column":5}},"line":471},"34":{"name":"updateSettlement","decl":{"start":{"line":486,"column":15},"end":{"line":486,"column":31}},"loc":{"start":{"line":486,"column":51},"end":{"line":502,"column":1}},"line":486},"35":{"name":"resetSettlements","decl":{"start":{"line":504,"column":15},"end":{"line":504,"column":31}},"loc":{"start":{"line":504,"column":34},"end":{"line":514,"column":1}},"line":504},"36":{"name":"ensureUserExists","decl":{"start":{"line":518,"column":15},"end":{"line":518,"column":31}},"loc":{"start":{"line":518,"column":71},"end":{"line":556,"column":1}},"line":518},"37":{"name":"(anonymous_37)","decl":{"start":{"line":520,"column":32},"end":{"line":520,"column":33}},"loc":{"start":{"line":520,"column":39},"end":{"line":520,"column":74}},"line":520},"38":{"name":"(anonymous_38)","decl":{"start":{"line":538,"column":22},"end":{"line":538,"column":23}},"loc":{"start":{"line":538,"column":29},"end":{"line":538,"column":52}},"line":538},"39":{"name":"parseTaggedExpense","decl":{"start":{"line":573,"column":9},"end":{"line":573,"column":27}},"loc":{"start":{"line":573,"column":52},"end":{"line":648,"column":1}},"line":573},"40":{"name":"(anonymous_40)","decl":{"start":{"line":577,"column":12},"end":{"line":577,"column":13}},"loc":{"start":{"line":577,"column":17},"end":{"line":577,"column":66}},"line":577},"41":{"name":"(anonymous_41)","decl":{"start":{"line":578,"column":9},"end":{"line":578,"column":10}},"loc":{"start":{"line":578,"column":14},"end":{"line":591,"column":5}},"line":578},"42":{"name":"(anonymous_42)","decl":{"start":{"line":600,"column":36},"end":{"line":600,"column":37}},"loc":{"start":{"line":601,"column":4},"end":{"line":603,"column":41}},"line":601},"43":{"name":"parseExpenseText","decl":{"start":{"line":658,"column":9},"end":{"line":658,"column":25}},"loc":{"start":{"line":658,"column":32},"end":{"line":744,"column":1}},"line":658},"44":{"name":"(anonymous_44)","decl":{"start":{"line":672,"column":41},"end":{"line":672,"column":42}},"loc":{"start":{"line":672,"column":55},"end":{"line":672,"column":76}},"line":672},"45":{"name":"(anonymous_45)","decl":{"start":{"line":682,"column":41},"end":{"line":682,"column":42}},"loc":{"start":{"line":682,"column":55},"end":{"line":682,"column":76}},"line":682},"46":{"name":"(anonymous_46)","decl":{"start":{"line":722,"column":40},"end":{"line":722,"column":41}},"loc":{"start":{"line":722,"column":45},"end":{"line":722,"column":65}},"line":722},"47":{"name":"parseExpense","decl":{"start":{"line":747,"column":9},"end":{"line":747,"column":21}},"loc":{"start":{"line":747,"column":28},"end":{"line":892,"column":1}},"line":747},"48":{"name":"isRangeUsed","decl":{"start":{"line":765,"column":11},"end":{"line":765,"column":22}},"loc":{"start":{"line":765,"column":35},"end":{"line":771,"column":3}},"line":765},"49":{"name":"(anonymous_49)","decl":{"start":{"line":766,"column":27},"end":{"line":766,"column":28}},"loc":{"start":{"line":767,"column":6},"end":{"line":769,"column":48}},"line":767},"50":{"name":"(anonymous_50)","decl":{"start":{"line":781,"column":14},"end":{"line":781,"column":15}},"loc":{"start":{"line":781,"column":28},"end":{"line":781,"column":49}},"line":781},"51":{"name":"(anonymous_51)","decl":{"start":{"line":817,"column":16},"end":{"line":817,"column":17}},"loc":{"start":{"line":817,"column":30},"end":{"line":817,"column":51}},"line":817},"52":{"name":"(anonymous_52)","decl":{"start":{"line":853,"column":13},"end":{"line":853,"column":14}},"loc":{"start":{"line":853,"column":20},"end":{"line":853,"column":28}},"line":853},"53":{"name":"(anonymous_53)","decl":{"start":{"line":854,"column":16},"end":{"line":854,"column":17}},"loc":{"start":{"line":854,"column":23},"end":{"line":854,"column":24}},"line":854},"54":{"name":"(anonymous_54)","decl":{"start":{"line":856,"column":25},"end":{"line":856,"column":26}},"loc":{"start":{"line":856,"column":39},"end":{"line":862,"column":7}},"line":856},"55":{"name":"(anonymous_55)","decl":{"start":{"line":878,"column":48},"end":{"line":878,"column":49}},"loc":{"start":{"line":878,"column":53},"end":{"line":878,"column":72}},"line
[...]
36":[0,0],"37":[0,0],"38":[0,0],"39":[0,0],"40":[0,0],"41":[0,0],"42":[0,0],"43":[0,0],"44":[0,0],"45":[0,0],"46":[0,0],"47":[0,0],"48":[0,0],"49":[0,0],"50":[0,0],"51":[0,0],"52":[0,0],"53":[0,0],"54":[0,0],"55":[0,0],"56":[0,0],"57":[0,0],"58":[0,0],"59":[0,0],"60":[0,0],"61":[0,0],"62":[0,0],"63":[0,0],"64":[0,0],"65":[0,0],"66":[0,0,0],"67":[0,0],"68":[0,0],"69":[0,0],"70":[0,0],"71":[0,0],"72":[0,0,0],"73":[0,0],"74":[0,0],"75":[0,0],"76":[0,0],"77":[0,0],"78":[0,0],"79":[0,0],"80":[0,0],"81":[0,0],"82":[0,0],"83":[0,0],"84":[0,0],"85":[0,0],"86":[0,0],"87":[0,0],"88":[0,0],"89":[0,0],"90":[0,0],"91":[0,0],"92":[0,0],"93":[0,0],"94":[0,0],"95":[0,0],"96":[0,0,0,0,0,0],"97":[0,0],"98":[0,0],"99":[0,0],"100":[0,0],"101":[0,0],"102":[0,0],"103":[0,0],"104":[0,0],"105":[0,0],"106":[0,0],"107":[0,0],"108":[0,0],"109":[0,0],"110":[0,0],"111":[0,0],"112":[0,0],"113":[0,0],"114":[0,0],"115":[0,0],"116":[0,0],"117":[0,0],"118":[0,0],"119":[0,0],"120":[0,0],"121":[0,0],"122":[0,0],"123":[0,0],"124":[0,0],"125":[0,0],"126":[0,0],"127":[0,0],"128":[0,0],"129":[0,0],"130":[0,0],"131":[0,0],"132":[0,0],"133":[0,0],"134":[0,0],"135":[0,0],"136":[0,0],"137":[0,0],"138":[0,0],"139":[0,0],"140":[0,0],"141":[0,0],"142":[0,0],"143":[0,0],"144":[0,0,0],"145":[0,0],"146":[0,0],"147":[0,0],"148":[0,0],"149":[0,0],"150":[0,0],"151":[0,0],"152":[0,0],"153":[0,0],"154":[0,0],"155":[0,0],"156":[0,0],"157":[0,0],"158":[0,0],"159":[0,0],"160":[0,0],"161":[0,0],"162":[0,0],"163":[0,0],"164":[0,0],"165":[0,0],"166":[0,0],"167":[0,0],"168":[0,0],"169":[0,0],"170":[0,0],"171":[0,0],"172":[0,0],"173":[0,0],"174":[0,0],"175":[0,0],"176":[0,0],"177":[0,0],"178":[0,0],"179":[0,0],"180":[0,0],"181":[0,0],"182":[0,0,0,0,0],"183":[0,0],"184":[0,0],"185":[0,0],"186":[0,0],"187":[0,0],"188":[0,0],"189":[0,0],"190":[0,0],"191":[0,0],"192":[0,0],"193":[0,0],"194":[0,0],"195":[0,0],"196":[0,0],"197":[0,0],"198":[0,0],"199":[0,0],"200":[0,0],"201":[0,0],"202":[0,0],"203":[0,0],"204":[0,0],"205":[0,0],"206":[0,0],"207":[0,0],"208":[0,0],"209":[0,0],"210":[0,0],"211":[0,0],"212":[0,0],"213":[0,0],"214":[0,0],"215":[0,0],"216":[0,0],"217":[0,0],"218":[0,0],"219":[0,0],"220":[0,0],"221":[0,0],"222":[0,0],"223":[0,0],"224":[0,0],"225":[0,0],"226":[0,0],"227":[0,0],"228":[0,0],"229":[0,0],"230":[0,0],"231":[0,0],"232":[0,0],"233":[0,0],"234":[0,0],"235":[0,0],"236":[0,0],"237":[0,0],"238":[0,0],"239":[0,0],"240":[0,0],"241":[0,0],"242":[0,0],"243":[0,0],"244":[0,0],"245":[0,0],"246":[0,0],"247":[0,0],"248":[0,0],"249":[0,0],"250":[0,0],"251":[0,0],"252":[0,0],"253":[0,0,0],"254":[0,0],"255":[0,0],"256":[0,0],"257":[0,0],"258":[0,0]},"inputSourceMap":null}
,"/Users/bhupesh/Desktop/expense-tracker/expense-bot/api/cron/daily-summary.js": {"path":"/Users/bhupesh/Desktop/expense-tracker/expense-bot/api/cron/daily-summary.js","statementMap":{"0":{"start":{"line":5,"column":18},"end":{"line":5,"column":48}},"1":{"start":{"line":6,"column":21},"end":{"line":6,"column":45}},"2":{"start":{"line":7,"column":21},"end":{"line":7,"column":58}},"3":{"start":{"line":8,"column":16},"end":{"line":8,"column":44}},"4":{"start":{"line":10,"column":16},"end":{"line":10,"column":58}},"5":{"start":{"line":12,"column":17},"end":{"line":14,"column":2}},"6":{"start":{"line":19,"column":2},"end":{"line":31,"column":3}},"7":{"start":{"line":20,"column":4},"end":{"line":28,"column":7}},"8":{"start":{"line":30,"column":4},"end":{"line":30,"column":52}},"9":{"start":{"line":35,"column":26},"end":{"line":38,"column":22}},"10":{"start":{"line":40,"column":2},"end":{"line":43,"column":3}},"11":{"start":{"line":41,"column":4},"end":{"line":41,"column":51}},"12":{"start":{"line":42,"column":4},"end":{"line":42,"column":14}},"13":{"start":{"line":45,"column":18},"end":{"line":45,"column":20}},"14":{"start":{"line":46,"column":2},"end":{"line":46,"column":77}},"15":{"start":{"line":46,"column":31},"end":{"line":46,"column":74}},"16":{"start":{"line":47,"column":2},"end":{"line":47,"column":17}},"17":{"start":{"line":51,"column":26},"end":{"line":54,"column":38}},"18":{"start":{"line":56,"column":2},"end":{"line":59,"column":3}},"19":{"start":{"line":57,"column":4},"end":{"line":57,"column":52}},"20":{"start":{"line":58,"column":4},"end":{"line":58,"column":14}},"21":{"start":{"line":61,"column":2},"end":{"line":68,"column":6}},"22":{"start":{"line":61,"column":34},"end":{"line":68,"column":3}},"23":{"start":{"line":72,"column":2},"end":{"line":72,"column":32}},"24":{"start":{"line":72,"column":21},"end":{"line":72,"column":32}},"25":{"start":{"line":73,"column":2},"end":{"line":73,"column":34}},"26":{"start":{"line":73,"column":22},"end":{"line":73,"column":34}},"27":{"start":{"line":74,"column":2},"end":{"line":74,"column":14}},"28":{"start":{"line":78,"column":2},"end":{"line":78,"column":39}},"29":{"start":{"line":78,"column":21},"end":{"line":78,"column":39}},"30":{"start":{"line":79,"column":2},"end":{"line":79,"column":46}},"31":{"start":{"line":79,"column":22},"end":{"line":79,"column":46}},"32":{"start":{"line":80,"column":2},"end":{"line":80,"column":21}},"33":{"start":{"line":86,"column":18},"end":{"line":86,"column":37}},"34":{"start":{"line":87,"column":19},"end":{"line":87,"column":39}},"35":{"start":{"line":90,"column":25},"end":{"line":90,"column":61}},"36":{"start":{"line":90,"column":48},"end":{"line":90,"column":60}},"37":{"start":{"line":93,"column":29},"end":{"line":93,"column":82}},"38":{"start":{"line":93,"column":71},"end":{"line":93,"column":78}},"39":{"start":{"line":94,"column":27},"end":{"line":94,"column":50}},"40":{"start":{"line":95,"column":28},"end":{"line":95,"column":57}},"41":{"start":{"line":98,"column":17},"end":{"line":98,"column":27}},"42":{"start":{"line":99,"column":17},"end":{"line":99,"column":87}},"43":{"start":{"line":100,"column":21},"end":{"line":100,"column":37}},"44":{"start":{"line":101,"column":23},"end":{"line":101,"column":40}},"45":{"start":{"line":102,"column":22},"end":{"line":102,"column":42}},"46":{"start":{"line":105,"column":21},"end":{"line":105,"column":68}},"47":{"start":{"line":106,"column":19},"end":{"line":106,"column":78}},"48":{"start":{"line":109,"column":25},"end":{"line":109,"column":76}},"49":{"start":{"line":110,"column":23},"end":{"line":110,"column":86}},"50":{"start":{"line":113,"column":20},"end":{"line":113,"column":35}},"51":{"start":{"line":114,"column":23},"end":{"line":114,"column":58}},"52":{"start":{"line":115,"column":20},"end":{"line":115,"column":82}},"53":{"start":{"line":118,"column":21},"end":{"line":118,"column":59}},"54":{"start":{"line":121,"column":21},"end":{"line":126,"column":42}},"55":{"start":{"line":123,"column":22},"end":{"line":123,"column":36}},"56":{"start":{"line":124,"column":6},"end":{"line":124,"column":58}},"57":{"start":{"line":126,"column":24},"end":{"line":126,"column":38}},"58":{"start":{"line":128,"column":25},"end":{"line":133,"column":42}},"59":{"start":{"line":130,"column":22},"end":{"line":130,"column":36}},"60":{"start":{"line":131,"column":6},"end":{"line":131,"column":66}},"61":{"start":{"line":133,"column":24},"end":{"line":133,"column":38}},"62":{"start":{"line":135,"column":20},"end":{"line":137,"column":42}},"63":{"start":{"line":136,"column":19},"end":{"line":136,"column":76}},"64":{"start":{"line":137,"column":24},"end":{"line":137,"column":38}},"65":{"start":{"line":139,"column":21},"end":{"line":141,"column":42}},"66":{"start":{"line":140,"column":19},"end":{"line":140,"column":77}},"67":{"start":{"line":141,"column":24},"end":{"line":141,"column":38}},"68":{"start":{"line":144,"column":30},"end":{"line":144,"column":40}},"69":{"start":{"line":145,"column":23},"end":{"line":145,"column":85}},"70":{"start":{"line":148,"column":23},"end":{"line":148,"column":87}},"71":{"start":{"line":149,"column":27},"end":{"line":149,"column":95}},"72":{"start":{"line":150,"column":26},"end":{"line":150,"column":92}},"73":{"start":{"line":151,"column":22},"end":{"line":151,"column":87}},"74":{"start":{"line":152,"column":23},"end":{"line":152,"column":91}},"75":{"start":{"line":155,"column":22},"end":{"line":155,"column":50}},"76":{"start":{"line":156,"column":26},"end":{"line":156,"column":53}},"77":{"start":{"line":158,"column":26},"end":{"line":158,"column":58}},"78":{"start":{"line":159,"column":30},"end":{"line":159,"column":61}},"79":{"start":{"line":161,"column":25},"end":{"line":161,"column":56}},"80":{"start":{"line":162,"column":29},"end":{"line":162,"column":59}},"81":{"start":{"line":164,"column":21},"end":{"line":164,"column":48}},"82":{"start":{"line":165,"column":25},"end":{"line":165,"column":51}},"83":{"start":{"line":167,"column":22},"end":{"line":167,"column":50}},"84":{"start":{"line":168,"column":26},"end":{"line":168,"column":53}},"85":{"start":{"line":171,"column":18},"end":{"line":208,"column":39}},"86":{"start":{"line":210,"column":2},"end":{"line":210,"column":17}},"87":{"start":{"line":216,"column":2},"end":{"line":251,"column":3}},"88":{"start":{"line":217,"column":26},"end":{"line":217,"column":90}},"89":{"start":{"line":218,"column":4},"end":{"line":218,"column":65}},"90":{"start":{"line":221,"column":4},"end":{"line":224,"column":5}},"91":{"start":{"line":222,"column":6},"end":{"line":222,"column":56}},"92":{"start":{"line":223,"column":6},"end":{"line":223,"column":61}},"93":{"start":{"line":226,"column":4},"end":{"line":229,"column":5}},"94":{"start":{"line":227,"column":6},"end":{"line":227,"column":62}},"95":{"start":{"line":228,"column":6},"end":{"line":228,"column":71}},"96":{"start":{"line":231,"column":4},"end":{"line":231,"column":66}},"97":{"start":{"line":234,"column":20},"end":{"line":234,"column":48}},"98":{"start":{"line":235,"column":4},"end":{"line":235,"column":40}},"99":{"start":{"line":237,"column":4},"end":{"line":237,"column":78}},"100":{"start":{"line":239,"column":4},"end":{"line":244,"column":7}},"101":{"start":{"line":246,"column":4},"end":{"line":246,"column":42}},"102":{"start":{"line":247,"column":4},"end":{"line":250,"column":7}}},"fnMap":{"0":{"name":"sendMessage","decl":{"start":{"line":18,"column":15},"end":{"line":18,"column":26}},"loc":{"start":{"line":18,"column":41},"end":{"line":32,"column":1}},"line":18},"1":{"name":"loadBudgets","decl":{"start":{"line":34,"column":15},"end":{"line":34,"column":26}},"loc":{"start":{"line":34,"column":29},"end":{"line":48,"column":1}},"line":34},"2":{"name":"(anonymous_2)","decl":{"start":{"line":46,"column":23},"end":{"line":46,"column":24}},"loc":{"start":{"line":46,"column":31},"end":{"line":46,"column":74}},"line":46},"3":{"name":"loadExpenses","decl":{"start":{"line":50,"column":15},"end":{"line":50,"column":27}},"loc":{"start":{"line":50,"column":30},"end":{"line":69,"column":1}},"line":50},"4":{"name":"(anonymous_4)","decl":{"start":{"line":61,"column":26},"end":{"line":61,"column":27}},"loc":{"start":{"line":61,"column":34},"end":{"line":68,"column":3}},"line":61},"5":{"name":"getStatusEmoji","decl":{"start":{"line":71,"column":9},"end":{"line":71,"column":23}},"loc":{"start":{"line":71,"column":33},"end":{"line":75,"column":1}},"line":71},"6":{"name":"getStatusText","decl":{"start":{"line":77,"column":9},"end":{"line":77,"column":22}},"loc":{"start":{"line":77,"column":32},"end":{"line":81,"column":1}},"line":77},"7":{"name":"generateDailySummary","decl":{"start":{"line":85,"column":15},"end":{"line":85,"column":35}},"loc":{"start":{"line":85,"column":38},"end":{"line":211,"column":1}},"line":85},"8":{"name":"(anonymous_8)","decl":{"start":{"line":90,"column":41},"end":{"line":90,"column":42}},"loc":{"start":{"line":90,"column":48},"end":{"line":90,"column":60}},"line":90},"9":{"name":"(anonymous_9)","decl":{"start":{"line":93,"column":59},"end":{"line":93,"column":60}},"loc":{"start":{"line":93,"column":71},"end":{"line":93,"column":78}},"line":93},"10":{"name":"(anonymous_10)","decl":{"start":{"line":122,"column":12},"end":{"line":122,"column":13}},"loc":{"start":{"line":122,"column":19},"end":{"line":125,"column":5}},"line":122},"11":{"name":"(anonymous_11)","decl":{"start":{"line":126,"column":12},"end":{"line":126,"column":13}},"loc":{"start":{"line":126,"column":24},"end":{"line":126,"column":38}},"line":126},"12":{"name":"(anonymous_12)","decl":{"start":{"line":129,"column":12},"end":{"line":129,"column":13}},"loc":{"start":{"line":129,"column":19},"end":{"line":132,"column":5}},"line":129},"13":{"name":"(anonymous_13)","decl":{"start":{"line":133,"column":12},"end":{"line":133,"column":13}},"loc":{"start":{"line":133,"column":24},"end":{"line":133,"column":38}},"line":133},"14":{"name":"(anonymous_14)","decl":{"start":{"line":136,"column":12},"end":{"line":136,"column":13}},"loc":{"start":{"line":136,"column":19},"end":{"line":136,"column":76}},"line":136},"15":{"name":"(anonymous_15)","decl":{"start":{"line":137,"column":12},"end":{"line":137,"column":13}},"loc":{"start":{"line":137,"column":24},"end":{"line":137,"column":38}},"line":137},"16":{"name":"(anonymous_16)","decl":{"start":{"line":140,"column":12},"end":{"line":140,"column":13}},"loc":{"start":{"line":140,"column":19},"end":{"line":140,"column":77}},"line":140},"17":{"name":"(anonymous_17)","decl":{"start":{"line":141,"column":12},"end":{"line":141,"column":13}},"loc":{"start":{"line":141,"column":24},"end":{"line":141,"column":38}},"line":141},"18":{"name":"handler","decl":{"start":{"line":215,"column":30},"end":{"line":215,"column":37}},"loc":{"start":{"line":215,"column":48},"end":{"line":252,"column":1}},"line":215}},"branchMap":{"0":{"loc":{"start":{"line":40,"column":2},"end":{"line":43,"column":3}},"type":"if","locations":[{"start":{"line":40,"column":2},"end":{"line":43,"column":3}},{"start":{},"end":{}}],"line":40},"1":{"loc":{"start":{"line":46,"column":3},"end":{"line":46,"column":13}},"type":"binary-expr","locations":[{"start":{"line":46,"column":3},"end":{"line":46,"column":7}},{"start":{"line":46,"column":11},"end":{"line":46,"column":13}}],"line":46},"2":{"loc":{"start":{"line":46,"column":53},"end":{"line":46,"column":74}},"type":"binary-expr","locations":[{"start":{"line":46,"column":53},"end":{"line":46,"column":69}},{"start":{"line":46,"column":73},"end":{"line":46,"column":74}}],"line":46},"3":{"loc":{"start":{"line":56,"column":2},"end":{"line":59,"column":3}},"type":"if","locations":[{"start":{"line":56,"column":2},"end":{"line":59,"column":3}},{"start":{},"end":{}}],"line":56},"4":{"loc":{"start":{"line":61,"column":10},"end":{"line":61,"column":20}},"type":"binary-expr","locations":[{"start":{"line":61,"column":10},"end":{"line":61,"column":14}},{"start":{"line":61,"column":18},"end":{"line":61,"column":20}}],"line":61},"5":{"loc":{"start":{"line":63,"column":12},"end":{"line":63,"column":33}},"type":"binary-expr","locations":[{"start":{"line":63,"column":12},"end":{"line":63,"column":28}},{"start":{"line":63,"column":32},"end":{"line":63,"column":33}}],"line":63},"6":{"loc":{"start":{"line":72,"column":2},"end":{"line":72,"column":32}},"type":"if","locations":[{"start":{"line":72,"column":2},"end":{"line":72,"column":32}},{"start":{},"end":{}}],"line":72},"7":{"loc":{"start":{"line":73,"column":2},"end":{"line":73,"column":34}},"type":"if","locations":[{"start":{"line":73,"column":2},"end":{"line":73,"column":34}},{"start":{},"end":{}}],"line":73},"8":{"loc":{"start":{"line":78,"column":2},"end":{"line":78,"column":39}},"type":"if","locations":[{"start":{"line":78,"column":2},"end":{"line":78,"column":39}},{"start":{},"end":{}}],"line":78},"9":{"loc":{"start":{"line":79,"column":2},"end":{"line":79,"column":46}},"type":"if","locations":[{"start":{"line":79,"column":2},"end":{"line":79,"column":46}},{"start":{},"end":{}}],"line":79},"10":{"loc":{"start":{"line":114,"column":23},"end":{"line":114,"column":58}},"type":"cond-expr","locations":[{"start":{"line":114,"column":41},"end":{"line":114,"column":42}},{"start":{"line":114,"column":45},"end":{"line":114,"column":58}}],"line":114},"11":{"loc":{"start":{"line":124,"column":13},"end":{"line":124,"column":57}},"type":"binary-expr","locations":[{"start":{"line":124,"column":13},"end":{"line":124,"column":34}},{"start":{"line":124,"column":38},"end":{"line":124,"column":57}}],"line":124},"12":{"loc":{"start":{"line":131,"column":13},"end":{"line":131,"column":65}},"type":"binary-expr","locations":[{"start":{"line":131,"column":13},"end":{"line":131,"column":38}},{"start":{"line":131,"column":42},"end":{"line":131,"column":65}}],"line":131},"13":{"loc":{"start":{"line":136,"column":19},"end":{"line":136,"column":76}},"type":"binary-expr","locations":[{"start":{"line":136,"column":19},"end":{"line":136,"column":46}},{"start":{"line":136,"column":50},"end":{"line":136,"column":76}}],"line":136},"14":{"loc":{"start":{"line":140,"column":19},"end":{"line":140,"column":77}},"type":"binary-expr","locations":[{"start":{"line":140,"column":19},"end":{"line":140,"column":47}},{"start":{"line":140,"column":51},"end":{"line":140,"column":77}}],"line":140},"15":{"loc":{"start":{"line":145,"column":23},"end":{"line":145,"column":85}},"type":"cond-expr","locations":[{"start":{"line":145,"column":49},"end":{"line":145,"column":81}},{"start":{"line":145,"column":84},"end":{"line":145,"column":85}}],"line":145},"16":{"loc":{"start":{"line":148,"column":23},"end":{"line":148,"column":87}},"type":"cond-expr","locations":[{"start":{"line":148,"column":46},"end":{"line":148,"column":83}},{"start":{"line":148,"column":86},"end":{"line":148,"column":87}}],"line":148},"17":{"loc":{"start":{"line":149,"column":27},"end":{"line":149,"column":95}},"type":"cond-expr","locations":[{"start":{"line":149,"column":50},"end":{"line":149,"column":91}},{"start":{"line":149,"column":94},"end":{"line":149,"column":95}}],"line":149},"18":{"loc":{"start":{"line":150,"column":26},"end":{"line":150,"column":92}},"type":"cond-expr","locations":[{"start":{"line":150,"column":49},"end":{"line":150,"column":88}},{"start":{"line":150,"column":91},"end":{"line":150,"column":92}}],"line":150},"19":{"loc":{"start":{"line":151,"column":22},"end":{"line":151,"column":87}},"type":"cond-expr","locations":[{"start":{"line":151,"column":46},"end":{"line":151,"column":83}},{"start":{"line":151,"column":86},"end":{"line":151,"column":87}}],"line":151},"20":{"loc":{"start":{"line":152,"column":23},"end":{"line":152,"column":91}},"type":"cond-expr","locations":[{"start":{"line":152,"column":48},"end":{"line":152,"column":87}},{"start":{"line":152,"column":90},"end":{"line":152,"column":91}}],"line":152},"21":{"loc":{"start":{"line":221,"column":4},"end":{"line":224,"column":5}},"type":"if","locations":[{"start":{"line":221,"column":4},"end":{"line":224,"column":5}},{"start":{},"end":{}}],"line":221},"22":{"loc":{"start":{"line":226,"column":4},"end":{"line":229,"column":5}},"type":"if","locations":[{"start":{"line":226,"column":4},"end":{"line":229,"column":5}},{"start":{},"end":{}}],"line":226}},"s":{"0":0,"1":0,"2":0,"3":0,"4":0,"5":0,"6":0,"7":0,"8":0,"9":0,"10":0,"11":0,"12":0,"13":0,"14":0,"15":0,"16":0,"17":0,"18":0,"19":0,"20":0,"21":0,"22":0,"23":0,"24":0,"25":0,"26":0,"27":0,"28":0,"29":0,"30":0,"31":0,"32":0,"33":0,"34":0,"35":0,"36":0,"37":0,"38":0,"39":0,"40":0,"41":0,"42":0,"43":0,"44":0,"45":0,"46":0,"47":0,"48":0,"49":0,"50":0,"51":0,"52":0,"53":0,"54":0,"55":0,"56":0,"57":0,"58":0,"59":0,"60":0,"61":0,"62":0,"63":0,"64":0,"65":0,"66":0,"67":0,"68":0,"69":0,"70":0,"71":0,"72":0,"73":0,"74":0,"75":0,"76":0,"77":0,"78":0,"79":0,"80":0,"81":0,"82":0,"83":0,"84":0,"85":0,"86":0,"87":0,"88":0,"89":0,"90":0,"91":0,"92":0,"93":0,"94":0,"95":0,"96":0,"97":0,"98":0,"99":0,"100":0,"101":0,"102":0},"f":{"0":0,"1":0,"2":0,"3":0,"4":0,"5":0,"6":0,"7":0,"8":0,"9":0,"10":0,"11":0,"12":0,"13":0,"14":0,"15":0,"16":0,"17":0,"18":0},"b":{"0":[0,0],"1":[0,0],"2":[0,0],"3":[0,0],"4":[0,0],"5":[0,0],"6":[0,0],"7":[0,0],"8":[0,0],"9":[0,0],"10":[0,0],"11":[0,0],"12":[0,0],"13":[0,0],"14":[0,0],"15":[0,0],"16":[0,0],"17":[0,0],"18":[0,0],"19":[0,0],"20":[0,0],"21":[0,0],"22":[0,0]},"inputSourceMap":null}
}
