TN:
SF:api/webhook.js
FN:17,sendMessage
FN:49,now
FN:53,formatDate
FN:66,escapeHtml
FN:75,generateAlerts
FN:85,(anonymous_5)
FN:125,(anonymous_6)
FN:126,(anonymous_7)
FN:170,(anonymous_8)
FN:172,(anonymous_9)
FN:173,(anonymous_10)
FN:191,handleFastCommands
FN:235,loadAllData
FN:246,loadBudgets
FN:258,(anonymous_14)
FN:268,saveBudgets
FN:270,(anonymous_16)
FN:287,ensureUncategorizedExists
FN:295,loadExpenses
FN:306,(anonymous_19)
FN:320,saveExpenses
FN:324,(anonymous_21)
FN:343,updateExpense
FN:363,settleAllExpenses
FN:376,loadMembers
FN:387,(anonymous_25)
FN:395,saveMembers
FN:399,(anonymous_27)
FN:413,updateMember
FN:430,deleteMember
FN:443,loadSettlements
FN:454,(anonymous_31)
FN:462,saveSettlements
FN:466,(anonymous_33)
FN:481,updateSettlement
FN:499,resetSettlements
FN:513,ensureUserExists
FN:515,(anonymous_37)
FN:533,(anonymous_38)
FN:555,parseExpense
FN:573,isRangeUsed
FN:574,(anonymous_41)
FN:589,(anonymous_42)
FN:625,(anonymous_43)
FN:661,(anonymous_44)
FN:662,(anonymous_45)
FN:664,(anonymous_46)
FN:686,(anonymous_47)
FN:704,calculateBudgetProgress
FN:733,(anonymous_49)
FN:738,(anonymous_50)
FN:739,(anonymous_51)
FN:742,(anonymous_52)
FN:743,(anonymous_53)
FN:746,(anonymous_54)
FN:747,(anonymous_55)
FN:769,handler
FN:824,(anonymous_57)
FN:826,(anonymous_58)
FN:839,(anonymous_59)
FN:885,(anonymous_60)
FN:938,(anonymous_61)
FN:975,(anonymous_62)
FN:1026,(anonymous_63)
FN:1043,(anonymous_64)
FN:1058,(anonymous_65)
FN:1098,(anonymous_66)
FN:1113,(anonymous_67)
FN:1152,(anonymous_68)
FN:1154,(anonymous_69)
FN:1155,(anonymous_70)
FN:1160,(anonymous_71)
FN:1161,(anonymous_72)
FN:1190,(anonymous_73)
FN:1204,(anonymous_74)
FN:1208,(anonymous_75)
FN:1215,(anonymous_76)
FN:1222,(anonymous_77)
FN:1230,(anonymous_78)
FN:1251,(anonymous_79)
FN:1252,(anonymous_80)
FN:1262,(anonymous_81)
FN:1265,(anonymous_82)
FN:1294,(anonymous_83)
FN:1327,(anonymous_84)
FN:1346,(anonymous_85)
FN:1377,(anonymous_86)
FN:1416,(anonymous_87)
FN:1431,(anonymous_88)
FN:1438,(anonymous_89)
FN:1462,(anonymous_90)
FN:1463,(anonymous_91)
FN:1471,(anonymous_92)
FN:1480,(anonymous_93)
FN:1523,(anonymous_94)
FN:1540,(anonymous_95)
FN:1547,(anonymous_96)
FN:1562,(anonymous_97)
FN:1563,(anonymous_98)
FN:1565,(anonymous_99)
FN:1566,(anonymous_100)
FN:1568,(anonymous_101)
FN:1569,(anonymous_102)
FN:1600,(anonymous_103)
FN:1623,(anonymous_104)
FN:1630,(anonymous_105)
FN:1635,(anonymous_106)
FN:1641,(anonymous_107)
FN:1643,(anonymous_108)
FN:1648,(anonymous_109)
FN:1654,(anonymous_110)
FN:1657,(anonymous_111)
FN:1671,(anonymous_112)
FN:1679,(anonymous_113)
FN:1685,(anonymous_114)
FN:1688,(anonymous_115)
FN:1690,(anonymous_116)
FN:1709,(anonymous_117)
FN:1723,(anonymous_118)
FN:1726,(anonymous_119)
FN:1733,(anonymous_120)
FN:1734,(anonymous_121)
FN:1745,(anonymous_122)
FN:1777,(anonymous_123)
FN:1794,(anonymous_124)
FN:1800,(anonymous_125)
FN:1801,(anonymous_126)
FN:1803,(anonymous_127)
FN:1804,(anonymous_128)
FN:1806,(anonymous_129)
FN:1807,(anonymous_130)
FN:1811,(anonymous_131)
FN:1815,(anonymous_132)
FN:1846,(anonymous_133)
FN:1847,(anonymous_134)
FN:1849,(anonymous_135)
FN:1850,(anonymous_136)
FN:1852,(anonymous_137)
FN:1853,(anonymous_138)
FN:1855,(anonymous_139)
FN:1859,(anonymous_140)
FNF:141
FNH:0
FNDA:0,sendMessage
FNDA:0,now
FNDA:0,formatDate
FNDA:0,escapeHtml
FNDA:0,generateAlerts
FNDA:0,(anonymous_5)
FNDA:0,(anonymous_6)
FNDA:0,(anonymous_7)
FNDA:0,(anonymous_8)
FNDA:0,(anonymous_9)
FNDA:0,(anonymous_10)
FNDA:0,handleFastCommands
FNDA:0,loadAllData
FNDA:0,loadBudgets
FNDA:0,(anonymous_14)
FNDA:0,saveBudgets
FNDA:0,(anonymous_16)
FNDA:0,ensureUncategorizedExists
FNDA:0,loadExpenses
FNDA:0,(anonymous_19)
FNDA:0,saveExpenses
FNDA:0,(anonymous_21)
FNDA:0,updateExpense
FNDA:0,settleAllExpenses
FNDA:0,loadMembers
FNDA:0,(anonymous_25)
FNDA:0,saveMembers
FNDA:0,(anonymous_27)
FNDA:0,updateMember
FNDA:0,deleteMember
FNDA:0,loadSettlements
FNDA:0,(anonymous_31)
FNDA:0,saveSettlements
FNDA:0,(anonymous_33)
FNDA:0,updateSettlement
FNDA:0,resetSettlements
FNDA:0,ensureUserExists
FNDA:0,(anonymous_37)
FNDA:0,(anonymous_38)
FNDA:0,parseExpense
FNDA:0,isRangeUsed
FNDA:0,(anonymous_41)
FNDA:0,(anonymous_42)
FNDA:0,(anonymous_43)
FNDA:0,(anonymous_44)
FNDA:0,(anonymous_45)
FNDA:0,(anonymous_46)
FNDA:0,(anonymous_47)
FNDA:0,calculateBudgetProgress
FNDA:0,(anonymous_49)
FNDA:0,(anonymous_50)
FNDA:0,(anonymous_51)
FNDA:0,(anonymous_52)
FNDA:0,(anonymous_53)
FNDA:0,(anonymous_54)
FNDA:0,(anonymous_55)
FNDA:0,handler
FNDA:0,(anonymous_57)
FNDA:0,(anonymous_58)
FNDA:0,(anonymous_59)
FNDA:0,(anonymous_60)
FNDA:0,(anonymous_61)
FNDA:0,(anonymous_62)
FNDA:0,(anonymous_63)
FNDA:0,(anonymous_64)
FNDA:0,(anonymous_65)
FNDA:0,(anonymous_66)
FNDA:0,(anonymous_67)
FNDA:0,(anonymous_68)
FNDA:0,(anonymous_69)
FNDA:0,(anonymous_70)
FNDA:0,(anonymous_71)
FNDA:0,(anonymous_72)
FNDA:0,(anonymous_73)
FNDA:0,(anonymous_74)
FNDA:0,(anonymous_75)
FNDA:0,(anonymous_76)
FNDA:0,(anonymous_77)
FNDA:0,(anonymous_78)
FNDA:0,(anonymous_79)
FNDA:0,(anonymous_80)
FNDA:0,(anonymous_81)
FNDA:0,(anonymous_82)
FNDA:0,(anonymous_83)
FNDA:0,(anonymous_84)
FNDA:0,(anonymous_85)
FNDA:0,(anonymous_86)
FNDA:0,(anonymous_87)
FNDA:0,(anonymous_88)
FNDA:0,(anonymous_89)
FNDA:0,(anonymous_90)
FNDA:0,(anonymous_91)
FNDA:0,(anonymous_92)
FNDA:0,(anonymous_93)
FNDA:0,(anonymous_94)
FNDA:0,(anonymous_95)
FNDA:0,(anonymous_96)
FNDA:0,(anonymous_97)
FNDA:0,(anonymous_98)
FNDA:0,(anonymous_99)
FNDA:0,(anonymous_100)
FNDA:0,(anonymous_101)
FNDA:0,(anonymous_102)
FNDA:0,(anonymous_103)
FNDA:0,(anonymous_104)
FNDA:0,(anonymous_105)
FNDA:0,(anonymous_106)
FNDA:0,(anonymous_107)
FNDA:0,(anonymous_108)
FNDA:0,(anonymous_109)
FNDA:0,(anonymous_110)
FNDA:0,(anonymous_111)
FNDA:0,(anonymous_112)
FNDA:0,(anonymous_113)
FNDA:0,(anonymous_114)
FNDA:0,(anonymous_115)
FNDA:0,(anonymous_116)
FNDA:0,(anonymous_117)
FNDA:0,(anonymous_118)
FNDA:0,(anonymous_119)
FNDA:0,(anonymous_120)
FNDA:0,(anonymous_121)
FNDA:0,(anonymous_122)
FNDA:0,(anonymous_123)
FNDA:0,(anonymous_124)
FNDA:0,(anonymous_125)
FNDA:0,(anonymous_126)
FNDA:0,(anonymous_127)
FNDA:0,(anonymous_128)
FNDA:0,(anonymous_129)
FNDA:0,(anonymous_130)
FNDA:0,(anonymous_131)
FNDA:0,(anonymous_132)
FNDA:0,(anonymous_133)
FNDA:0,(anonymous_134)
FNDA:0,(anonymous_135)
FNDA:0,(anonymous_136)
FNDA:0,(anonymous_137)
FNDA:0,(anonymous_138)
FNDA:0,(anonymous_139)
FNDA:0,(anonymous_140)
DA:5,0
DA:6,0
DA:7,0
DA:9,0
DA:11,0
DA:18,0
DA:19,0
DA:25,0
DA:26,0
DA:29,0
DA:35,0
DA:37,0
DA:38,0
DA:44,0
DA:50,0
DA:54,0
DA:55,0
DA:56,0
DA:67,0
DA:76,0
DA:77,0
DA:78,0
DA:85,0
DA:88,0
DA:89,0
DA:90,0
DA:91,0
DA:92,0
DA:95,0
DA:96,0
DA:98,0
DA:99,0
DA:100,0
DA:101,0
DA:102,0
DA:103,0
DA:104,0
DA:105,0
DA:106,0
DA:107,0
DA:110,0
DA:111,0
DA:112,0
DA:115,0
DA:116,0
DA:117,0
DA:118,0
DA:120,0
DA:121,0
DA:122,0
DA:124,0
DA:125,0
DA:126,0
DA:128,0
DA:129,0
DA:131,0
DA:133,0
DA:134,0
DA:135,0
DA:136,0
DA:137,0
DA:138,0
DA:140,0
DA:145,0
DA:147,0
DA:148,0
DA:151,0
DA:152,0
DA:155,0
DA:156,0
DA:159,0
DA:160,0
DA:163,0
DA:165,0
DA:166,0
DA:167,0
DA:168,0
DA:170,0
DA:171,0
DA:172,0
DA:173,0
DA:174,0
DA:175,0
DA:177,0
DA:179,0
DA:192,0
DA:194,0
DA:229,0
DA:236,0
DA:243,0
DA:247,0
DA:252,0
DA:253,0
DA:254,0
DA:257,0
DA:258,0
DA:261,0
DA:262,0
DA:265,0
DA:270,0
DA:275,0
DA:276,0
DA:280,0
DA:281,0
DA:282,0
DA:288,0
DA:289,0
DA:290,0
DA:292,0
DA:296,0
DA:301,0
DA:302,0
DA:303,0
DA:306,0
DA:321,0
DA:323,0
DA:324,0
DA:337,0
DA:338,0
DA:339,0
DA:344,0
DA:345,0
DA:346,0
DA:347,0
DA:348,0
DA:349,0
DA:351,0
DA:356,0
DA:357,0
DA:358,0
DA:364,0
DA:370,0
DA:371,0
DA:372,0
DA:377,0
DA:382,0
DA:383,0
DA:384,0
DA:387,0
DA:396,0
DA:398,0
DA:399,0
DA:407,0
DA:408,0
DA:409,0
DA:414,0
DA:415,0
DA:416,0
DA:417,0
DA:419,0
DA:424,0
DA:425,0
DA:426,0
DA:432,0
DA:437,0
DA:438,0
DA:439,0
DA:444,0
DA:449,0
DA:450,0
DA:451,0
DA:454,0
DA:463,0
DA:465,0
DA:466,0
DA:475,0
DA:476,0
DA:477,0
DA:482,0
DA:483,0
DA:484,0
DA:485,0
DA:486,0
DA:487,0
DA:489,0
DA:493,0
DA:494,0
DA:495,0
DA:500,0
DA:505,0
DA:506,0
DA:507,0
DA:514,0
DA:515,0
DA:517,0
DA:520,0
DA:521,0
DA:522,0
DA:524,0
DA:528,0
DA:529,0
DA:532,0
DA:533,0
DA:534,0
DA:535,0
DA:538,0
DA:541,0
DA:550,0
DA:557,0
DA:558,0
DA:562,0
DA:568,0
DA:569,0
DA:570,0
DA:574,0
DA:575,0
DA:583,0
DA:585,0
DA:586,0
DA:587,0
DA:589,0
DA:590,0
DA:591,0
DA:592,0
DA:596,0
DA:598,0
DA:603,0
DA:604,0
DA:605,0
DA:606,0
DA:607,0
DA:608,0
DA:612,0
DA:613,0
DA:619,0
DA:620,0
DA:621,0
DA:622,0
DA:623,0
DA:625,0
DA:626,0
DA:627,0
DA:628,0
DA:632,0
DA:633,0
DA:639,0
DA:640,0
DA:641,0
DA:642,0
DA:643,0
DA:644,0
DA:648,0
DA:649,0
DA:655,0
DA:656,0
DA:657,0
DA:658,0
DA:659,0
DA:661,0
DA:662,0
DA:664,0
DA:665,0
DA:666,0
DA:667,0
DA:668,0
DA:671,0
DA:677,0
DA:678,0
DA:679,0
DA:680,0
DA:682,0
DA:683,0
DA:684,0
DA:686,0
DA:688,0
DA:689,0
DA:693,0
DA:699,0
DA:705,0
DA:706,0
DA:707,0
DA:710,0
DA:711,0
DA:712,0
DA:713,0
DA:714,0
DA:717,0
DA:720,0
DA:721,0
DA:722,0
DA:729,0
DA:732,0
DA:733,0
DA:737,0
DA:738,0
DA:739,0
DA:741,0
DA:742,0
DA:743,0
DA:745,0
DA:746,0
DA:747,0
DA:750,0
DA:751,0
DA:752,0
DA:754,0
DA:770,0
DA:772,0
DA:773,0
DA:777,0
DA:778,0
DA:780,0
DA:781,0
DA:784,0
DA:785,0
DA:786,0
DA:787,0
DA:788,0
DA:789,0
DA:792,0
DA:799,0
DA:800,0
DA:804,0
DA:807,0
DA:811,0
DA:812,0
DA:813,0
DA:814,0
DA:821,0
DA:824,0
DA:825,0
DA:826,0
DA:828,0
DA:829,0
DA:833,0
DA:838,0
DA:839,0
DA:840,0
DA:841,0
DA:848,0
DA:851,0
DA:852,0
DA:854,0
DA:855,0
DA:861,0
DA:864,0
DA:865,0
DA:872,0
DA:875,0
DA:876,0
DA:878,0
DA:879,0
DA:884,0
DA:885,0
DA:886,0
DA:887,0
DA:894,0
DA:897,0
DA:898,0
DA:900,0
DA:901,0
DA:907,0
DA:910,0
DA:911,0
DA:918,0
DA:921,0
DA:922,0
DA:923,0
DA:925,0
DA:932,0
DA:937,0
DA:938,0
DA:939,0
DA:940,0
DA:947,0
DA:950,0
DA:953,0
DA:954,0
DA:960,0
DA:963,0
DA:964,0
DA:971,0
DA:975,0
DA:977,0
DA:978,0
DA:989,0
DA:993,0
DA:998,0
DA:999,0
DA:1000,0
DA:1006,0
DA:1009,0
DA:1010,0
DA:1015,0
DA:1016,0
DA:1017,0
DA:1023,0
DA:1026,0
DA:1027,0
DA:1028,0
DA:1030,0
DA:1031,0
DA:1033,0
DA:1037,0
DA:1042,0
DA:1043,0
DA:1044,0
DA:1045,0
DA:1052,0
DA:1055,0
DA:1056,0
DA:1058,0
DA:1059,0
DA:1065,0
DA:1069,0
DA:1079,0
DA:1088,0
DA:1092,0
DA:1097,0
DA:1098,0
DA:1099,0
DA:1100,0
DA:1107,0
DA:1110,0
DA:1111,0
DA:1113,0
DA:1114,0
DA:1115,0
DA:1122,0
DA:1125,0
DA:1127,0
DA:1134,0
DA:1139,0
DA:1140,0
DA:1141,0
DA:1142,0
DA:1148,0
DA:1152,0
DA:1153,0
DA:1154,0
DA:1155,0
DA:1156,0
DA:1158,0
DA:1159,0
DA:1160,0
DA:1161,0
DA:1162,0
DA:1163,0
DA:1164,0
DA:1166,0
DA:1167,0
DA:1170,0
DA:1171,0
DA:1172,0
DA:1173,0
DA:1178,0
DA:1179,0
DA:1180,0
DA:1186,0
DA:1190,0
DA:1192,0
DA:1193,0
DA:1199,0
DA:1203,0
DA:1204,0
DA:1205,0
DA:1208,0
DA:1209,0
DA:1210,0
DA:1214,0
DA:1215,0
DA:1218,0
DA:1221,0
DA:1222,0
DA:1223,0
DA:1227,0
DA:1228,0
DA:1230,0
DA:1231,0
DA:1232,0
DA:1233,0
DA:1234,0
DA:1238,0
DA:1239,0
DA:1246,0
DA:1250,0
DA:1251,0
DA:1252,0
DA:1254,0
DA:1255,0
DA:1256,0
DA:1257,0
DA:1258,0
DA:1259,0
DA:1262,0
DA:1265,0
DA:1268,0
DA:1272,0
DA:1273,0
DA:1275,0
DA:1276,0
DA:1279,0
DA:1286,0
DA:1287,0
DA:1292,0
DA:1293,0
DA:1294,0
DA:1297,0
DA:1298,0
DA:1304,0
DA:1307,0
DA:1308,0
DA:1315,0
DA:1319,0
DA:1326,0
DA:1327,0
DA:1329,0
DA:1331,0
DA:1334,0
DA:1336,0
DA:1346,0
DA:1347,0
DA:1349,0
DA:1358,0
DA:1363,0
DA:1364,0
DA:1365,0
DA:1366,0
DA:1372,0
DA:1375,0
DA:1376,0
DA:1377,0
DA:1380,0
DA:1381,0
DA:1387,0
DA:1391,0
DA:1393,0
DA:1401,0
DA:1405,0
DA:1406,0
DA:1408,0
DA:1409,0
DA:1413,0
DA:1416,0
DA:1417,0
DA:1418,0
DA:1426,0
DA:1427,0
DA:1428,0
DA:1431,0
DA:1432,0
DA:1438,0
DA:1440,0
DA:1441,0
DA:1443,0
DA:1444,0
DA:1447,0
DA:1448,0
DA:1452,0
DA:1456,0
DA:1457,0
DA:1458,0
DA:1461,0
DA:1462,0
DA:1463,0
DA:1466,0
DA:1467,0
DA:1468,0
DA:1471,0
DA:1472,0
DA:1480,0
DA:1482,0
DA:1483,0
DA:1485,0
DA:1486,0
DA:1488,0
DA:1492,0
DA:1498,0
DA:1500,0
DA:1502,0
DA:1503,0
DA:1504,0
DA:1506,0
DA:1508,0
DA:1509,0
DA:1511,0
DA:1517,0
DA:1518,0
DA:1519,0
DA:1523,0
DA:1535,0
DA:1538,0
DA:1539,0
DA:1540,0
DA:1544,0
DA:1547,0
DA:1548,0
DA:1549,0
DA:1551,0
DA:1552,0
DA:1553,0
DA:1554,0
DA:1555,0
DA:1557,0
DA:1558,0
DA:1559,0
DA:1561,0
DA:1562,0
DA:1563,0
DA:1564,0
DA:1565,0
DA:1566,0
DA:1567,0
DA:1568,0
DA:1569,0
DA:1571,0
DA:1572,0
DA:1573,0
DA:1575,0
DA:1582,0
DA:1583,0
DA:1589,0
DA:1599,0
DA:1600,0
DA:1603,0
DA:1605,0
DA:1606,0
DA:1609,0
DA:1610,0
DA:1613,0
DA:1614,0
DA:1621,0
DA:1623,0
DA:1625,0
DA:1626,0
DA:1627,0
DA:1630,0
DA:1631,0
DA:1634,0
DA:1635,0
DA:1636,0
DA:1637,0
DA:1641,0
DA:1643,0
DA:1647,0
DA:1648,0
DA:1649,0
DA:1650,0
DA:1653,0
DA:1654,0
DA:1657,0
DA:1658,0
DA:1659,0
DA:1661,0
DA:1665,0
DA:1669,0
DA:1671,0
DA:1673,0
DA:1674,0
DA:1675,0
DA:1678,0
DA:1679,0
DA:1680,0
DA:1681,0
DA:1684,0
DA:1685,0
DA:1688,0
DA:1690,0
DA:1693,0
DA:1694,0
DA:1697,0
DA:1698,0
DA:1702,0
DA:1703,0
DA:1704,0
DA:1705,0
DA:1706,0
DA:1709,0
DA:1710,0
DA:1711,0
DA:1712,0
DA:1718,0
DA:1719,0
DA:1720,0
DA:1723,0
DA:1724,0
DA:1726,0
DA:1727,0
DA:1728,0
DA:1731,0
DA:1732,0
DA:1733,0
DA:1734,0
DA:1736,0
DA:1740,0
DA:1744,0
DA:1745,0
DA:1747,0
DA:1748,0
DA:1749,0
DA:1753,0
DA:1754,0
DA:1755,0
DA:1759,0
DA:1763,0
DA:1767,0
DA:1768,0
DA:1769,0
DA:1770,0
DA:1774,0
DA:1777,0
DA:1778,0
DA:1779,0
DA:1780,0
DA:1781,0
DA:1782,0
DA:1785,0
DA:1786,0
DA:1787,0
DA:1790,0
DA:1791,0
DA:1794,0
DA:1795,0
DA:1796,0
DA:1799,0
DA:1800,0
DA:1801,0
DA:1802,0
DA:1803,0
DA:1804,0
DA:1805,0
DA:1806,0
DA:1807,0
DA:1810,0
DA:1812,0
DA:1813,0
DA:1815,0
DA:1817,0
DA:1818,0
DA:1819,0
DA:1820,0
DA:1823,0
DA:1839,0
DA:1840,0
DA:1841,0
DA:1842,0
DA:1843,0
DA:1845,0
DA:1846,0
DA:1847,0
DA:1848,0
DA:1849,0
DA:1850,0
DA:1851,0
DA:1852,0
DA:1853,0
DA:1854,0
DA:1856,0
DA:1857,0
DA:1859,0
DA:1861,0
DA:1862,0
DA:1863,0
DA:1864,0
DA:1866,0
DA:1876,0
DA:1877,0
DA:1878,0
DA:1882,0
DA:1883,0
DA:1884,0
DA:1885,0
DA:1889,0
DA:1892,0
DA:1895,0
LF:765
LH:0
BRDA:17,0,0,0
BRDA:25,1,0,0
BRDA:25,1,1,0
BRDA:54,2,0,0
BRDA:54,2,1,0
BRDA:75,3,0,0
BRDA:77,4,0,0
BRDA:77,4,1,0
BRDA:98,5,0,0
BRDA:98,5,1,0
BRDA:102,6,0,0
BRDA:102,6,1,0
BRDA:104,7,0,0
BRDA:104,7,1,0
BRDA:125,8,0,0
BRDA:125,8,1,0
BRDA:128,9,0,0
BRDA:128,9,1,0
BRDA:133,10,0,0
BRDA:133,10,1,0
BRDA:135,11,0,0
BRDA:135,11,1,0
BRDA:137,12,0,0
BRDA:137,12,1,0
BRDA:147,13,0,0
BRDA:147,13,1,0
BRDA:151,14,0,0
BRDA:151,14,1,0
BRDA:155,15,0,0
BRDA:155,15,1,0
BRDA:159,16,0,0
BRDA:159,16,1,0
BRDA:163,17,0,0
BRDA:163,17,1,0
BRDA:166,18,0,0
BRDA:166,18,1,0
BRDA:167,19,0,0
BRDA:167,19,1,0
BRDA:168,20,0,0
BRDA:168,20,1,0
BRDA:175,21,0,0
BRDA:175,21,1,0
BRDA:192,22,0,0
BRDA:192,22,1,0
BRDA:192,23,0,0
BRDA:192,23,1,0
BRDA:252,24,0,0
BRDA:252,24,1,0
BRDA:258,25,0,0
BRDA:258,25,1,0
BRDA:258,26,0,0
BRDA:258,26,1,0
BRDA:261,27,0,0
BRDA:261,27,1,0
BRDA:275,28,0,0
BRDA:275,28,1,0
BRDA:280,29,0,0
BRDA:280,29,1,0
BRDA:288,30,0,0
BRDA:288,30,1,0
BRDA:301,31,0,0
BRDA:301,31,1,0
BRDA:306,32,0,0
BRDA:306,32,1,0
BRDA:310,33,0,0
BRDA:310,33,1,0
BRDA:321,34,0,0
BRDA:321,34,1,0
BRDA:331,35,0,0
BRDA:331,35,1,0
BRDA:332,36,0,0
BRDA:332,36,1,0
BRDA:337,37,0,0
BRDA:337,37,1,0
BRDA:345,38,0,0
BRDA:345,38,1,0
BRDA:346,39,0,0
BRDA:346,39,1,0
BRDA:347,40,0,0
BRDA:347,40,1,0
BRDA:348,41,0,0
BRDA:348,41,1,0
BRDA:349,42,0,0
BRDA:349,42,1,0
BRDA:356,43,0,0
BRDA:356,43,1,0
BRDA:370,44,0,0
BRDA:370,44,1,0
BRDA:382,45,0,0
BRDA:382,45,1,0
BRDA:387,46,0,0
BRDA:387,46,1,0
BRDA:396,47,0,0
BRDA:396,47,1,0
BRDA:407,48,0,0
BRDA:407,48,1,0
BRDA:415,49,0,0
BRDA:415,49,1,0
BRDA:416,50,0,0
BRDA:416,50,1,0
BRDA:417,51,0,0
BRDA:417,51,1,0
BRDA:424,52,0,0
BRDA:424,52,1,0
BRDA:437,53,0,0
BRDA:437,53,1,0
BRDA:449,54,0,0
BRDA:449,54,1,0
BRDA:454,55,0,0
BRDA:454,55,1,0
BRDA:463,56,0,0
BRDA:463,56,1,0
BRDA:475,57,0,0
BRDA:475,57,1,0
BRDA:483,58,0,0
BRDA:483,58,1,0
BRDA:484,59,0,0
BRDA:484,59,1,0
BRDA:486,60,0,0
BRDA:486,60,1,0
BRDA:493,61,0,0
BRDA:493,61,1,0
BRDA:505,62,0,0
BRDA:505,62,1,0
BRDA:517,63,0,0
BRDA:517,63,1,0
BRDA:520,64,0,0
BRDA:520,64,1,0
BRDA:521,65,0,0
BRDA:521,65,1,0
BRDA:528,66,0,0
BRDA:528,66,1,0
BRDA:528,66,2,0
BRDA:557,67,0,0
BRDA:557,67,1,0
BRDA:575,68,0,0
BRDA:575,68,1,0
BRDA:575,68,2,0
BRDA:575,68,3,0
BRDA:575,68,4,0
BRDA:575,68,5,0
BRDA:591,69,0,0
BRDA:591,69,1,0
BRDA:605,70,0,0
BRDA:605,70,1,0
BRDA:607,71,0,0
BRDA:607,71,1,0
BRDA:621,72,0,0
BRDA:621,72,1,0
BRDA:627,73,0,0
BRDA:627,73,1,0
BRDA:641,74,0,0
BRDA:641,74,1,0
BRDA:643,75,0,0
BRDA:643,75,1,0
BRDA:657,76,0,0
BRDA:657,76,1,0
BRDA:666,77,0,0
BRDA:666,77,1,0
BRDA:682,78,0,0
BRDA:682,78,1,0
BRDA:682,79,0,0
BRDA:682,79,1,0
BRDA:683,80,0,0
BRDA:683,80,1,0
BRDA:688,81,0,0
BRDA:688,81,1,0
BRDA:688,82,0,0
BRDA:688,82,1,0
BRDA:705,83,0,0
BRDA:705,83,1,0
BRDA:721,84,0,0
BRDA:721,84,1,0
BRDA:733,85,0,0
BRDA:733,85,1,0
BRDA:750,86,0,0
BRDA:750,86,1,0
BRDA:751,87,0,0
BRDA:751,87,1,0
BRDA:752,88,0,0
BRDA:752,88,1,0
BRDA:772,89,0,0
BRDA:772,89,1,0
BRDA:780,90,0,0
BRDA:780,90,1,0
BRDA:780,91,0,0
BRDA:780,91,1,0
BRDA:787,92,0,0
BRDA:787,92,1,0
BRDA:788,93,0,0
BRDA:788,93,1,0
BRDA:799,94,0,0
BRDA:799,94,1,0
BRDA:811,95,0,0
BRDA:811,95,1,0
BRDA:813,96,0,0
BRDA:813,96,1,0
BRDA:838,97,0,0
BRDA:838,97,1,0
BRDA:840,98,0,0
BRDA:840,98,1,0
BRDA:854,99,0,0
BRDA:854,99,1,0
BRDA:854,100,0,0
BRDA:854,100,1,0
BRDA:864,101,0,0
BRDA:864,101,1,0
BRDA:884,102,0,0
BRDA:884,102,1,0
BRDA:886,103,0,0
BRDA:886,103,1,0
BRDA:900,104,0,0
BRDA:900,104,1,0
BRDA:900,105,0,0
BRDA:900,105,1,0
BRDA:910,106,0,0
BRDA:910,106,1,0
BRDA:937,107,0,0
BRDA:937,107,1,0
BRDA:939,108,0,0
BRDA:939,108,1,0
BRDA:953,109,0,0
BRDA:953,109,1,0
BRDA:963,110,0,0
BRDA:963,110,1,0
BRDA:977,111,0,0
BRDA:977,111,1,0
BRDA:998,112,0,0
BRDA:998,112,1,0
BRDA:1015,113,0,0
BRDA:1015,113,1,0
BRDA:1016,114,0,0
BRDA:1016,114,1,0
BRDA:1027,115,0,0
BRDA:1027,115,1,0
BRDA:1027,115,2,0
BRDA:1042,116,0,0
BRDA:1042,116,1,0
BRDA:1044,117,0,0
BRDA:1044,117,1,0
BRDA:1058,118,0,0
BRDA:1058,118,1,0
BRDA:1097,119,0,0
BRDA:1097,119,1,0
BRDA:1099,120,0,0
BRDA:1099,120,1,0
BRDA:1114,121,0,0
BRDA:1114,121,1,0
BRDA:1139,122,0,0
BRDA:1139,122,1,0
BRDA:1141,123,0,0
BRDA:1141,123,1,0
BRDA:1164,124,0,0
BRDA:1164,124,1,0
BRDA:1166,125,0,0
BRDA:1166,125,1,0
BRDA:1170,126,0,0
BRDA:1170,126,1,0
BRDA:1178,127,0,0
BRDA:1178,127,1,0
BRDA:1179,128,0,0
BRDA:1179,128,1,0
BRDA:1190,129,0,0
BRDA:1190,129,1,0
BRDA:1192,130,0,0
BRDA:1192,130,1,0
BRDA:1209,131,0,0
BRDA:1209,131,1,0
BRDA:1231,132,0,0
BRDA:1231,132,1,0
BRDA:1233,133,0,0
BRDA:1233,133,1,0
BRDA:1238,134,0,0
BRDA:1238,134,1,0
BRDA:1238,135,0,0
BRDA:1238,135,1,0
BRDA:1256,136,0,0
BRDA:1256,136,1,0
BRDA:1262,137,0,0
BRDA:1262,137,1,0
BRDA:1265,138,0,0
BRDA:1265,138,1,0
BRDA:1275,139,0,0
BRDA:1275,139,1,0
BRDA:1276,140,0,0
BRDA:1276,140,1,0
BRDA:1292,141,0,0
BRDA:1292,141,1,0
BRDA:1297,142,0,0
BRDA:1297,142,1,0
BRDA:1307,143,0,0
BRDA:1307,143,1,0
BRDA:1329,144,0,0
BRDA:1329,144,1,0
BRDA:1363,145,0,0
BRDA:1363,145,1,0
BRDA:1365,146,0,0
BRDA:1365,146,1,0
BRDA:1365,147,0,0
BRDA:1365,147,1,0
BRDA:1377,148,0,0
BRDA:1377,148,1,0
BRDA:1380,149,0,0
BRDA:1380,149,1,0
BRDA:1405,150,0,0
BRDA:1405,150,1,0
BRDA:1408,151,0,0
BRDA:1408,151,1,0
BRDA:1417,152,0,0
BRDA:1417,152,1,0
BRDA:1419,153,0,0
BRDA:1419,153,1,0
BRDA:1419,153,2,0
BRDA:1419,153,3,0
BRDA:1419,153,4,0
BRDA:1426,154,0,0
BRDA:1426,154,1,0
BRDA:1438,155,0,0
BRDA:1438,155,1,0
BRDA:1440,156,0,0
BRDA:1440,156,1,0
BRDA:1447,157,0,0
BRDA:1447,157,1,0
BRDA:1456,158,0,0
BRDA:1456,158,1,0
BRDA:1458,159,0,0
BRDA:1458,159,1,0
BRDA:1466,160,0,0
BRDA:1466,160,1,0
BRDA:1480,161,0,0
BRDA:1480,161,1,0
BRDA:1482,162,0,0
BRDA:1482,162,1,0
BRDA:1498,163,0,0
BRDA:1498,163,1,0
BRDA:1502,164,0,0
BRDA:1502,164,1,0
BRDA:1508,165,0,0
BRDA:1508,165,1,0
BRDA:1508,166,0,0
BRDA:1508,166,1,0
BRDA:1517,167,0,0
BRDA:1517,167,1,0
BRDA:1558,168,0,0
BRDA:1558,168,1,0
BRDA:1562,169,0,0
BRDA:1562,169,1,0
BRDA:1565,170,0,0
BRDA:1565,170,1,0
BRDA:1568,171,0,0
BRDA:1568,171,1,0
BRDA:1571,172,0,0
BRDA:1571,172,1,0
BRDA:1572,173,0,0
BRDA:1572,173,1,0
BRDA:1573,174,0,0
BRDA:1573,174,1,0
BRDA:1605,175,0,0
BRDA:1605,175,1,0
BRDA:1609,176,0,0
BRDA:1609,176,1,0
BRDA:1621,177,0,0
BRDA:1621,177,1,0
BRDA:1625,178,0,0
BRDA:1625,178,1,0
BRDA:1636,179,0,0
BRDA:1636,179,1,0
BRDA:1643,180,0,0
BRDA:1643,180,1,0
BRDA:1649,181,0,0
BRDA:1649,181,1,0
BRDA:1659,182,0,0
BRDA:1659,182,1,0
BRDA:1669,183,0,0
BRDA:1669,183,1,0
BRDA:1673,184,0,0
BRDA:1673,184,1,0
BRDA:1680,185,0,0
BRDA:1680,185,1,0
BRDA:1690,186,0,0
BRDA:1690,186,1,0
BRDA:1693,187,0,0
BRDA:1693,187,1,0
BRDA:1693,188,0,0
BRDA:1693,188,1,0
BRDA:1693,189,0,0
BRDA:1693,189,1,0
BRDA:1702,190,0,0
BRDA:1702,190,1,0
BRDA:1710,191,0,0
BRDA:1710,191,1,0
BRDA:1713,192,0,0
BRDA:1713,192,1,0
BRDA:1718,193,0,0
BRDA:1718,193,1,0
BRDA:1727,194,0,0
BRDA:1727,194,1,0
BRDA:1744,195,0,0
BRDA:1744,195,1,0
BRDA:1747,196,0,0
BRDA:1747,196,1,0
BRDA:1754,197,0,0
BRDA:1754,197,1,0
BRDA:1767,198,0,0
BRDA:1767,198,1,0
BRDA:1769,199,0,0
BRDA:1769,199,1,0
BRDA:1786,200,0,0
BRDA:1786,200,1,0
BRDA:1813,201,0,0
BRDA:1813,201,1,0
BRDA:1817,202,0,0
BRDA:1817,202,1,0
BRDA:1818,203,0,0
BRDA:1818,203,1,0
BRDA:1819,204,0,0
BRDA:1819,204,1,0
BRDA:1820,205,0,0
BRDA:1820,205,1,0
BRDA:1846,206,0,0
BRDA:1846,206,1,0
BRDA:1849,207,0,0
BRDA:1849,207,1,0
BRDA:1852,208,0,0
BRDA:1852,208,1,0
BRDA:1857,209,0,0
BRDA:1857,209,1,0
BRDA:1857,209,2,0
BRDA:1861,210,0,0
BRDA:1861,210,1,0
BRDA:1862,211,0,0
BRDA:1862,211,1,0
BRDA:1863,212,0,0
BRDA:1863,212,1,0
BRDA:1864,213,0,0
BRDA:1864,213,1,0
BRDA:1882,214,0,0
BRDA:1882,214,1,0
BRF:438
BRH:0
end_of_record
TN:
SF:api/cron/daily-summary.js
FN:18,sendMessage
FN:34,loadBudgets
FN:46,(anonymous_2)
FN:50,loadExpenses
FN:61,(anonymous_4)
FN:71,getStatusEmoji
FN:77,getStatusText
FN:85,generateDailySummary
FN:90,(anonymous_8)
FN:93,(anonymous_9)
FN:122,(anonymous_10)
FN:126,(anonymous_11)
FN:129,(anonymous_12)
FN:133,(anonymous_13)
FN:136,(anonymous_14)
FN:137,(anonymous_15)
FN:140,(anonymous_16)
FN:141,(anonymous_17)
FN:215,handler
FNF:19
FNH:0
FNDA:0,sendMessage
FNDA:0,loadBudgets
FNDA:0,(anonymous_2)
FNDA:0,loadExpenses
FNDA:0,(anonymous_4)
FNDA:0,getStatusEmoji
FNDA:0,getStatusText
FNDA:0,generateDailySummary
FNDA:0,(anonymous_8)
FNDA:0,(anonymous_9)
FNDA:0,(anonymous_10)
FNDA:0,(anonymous_11)
FNDA:0,(anonymous_12)
FNDA:0,(anonymous_13)
FNDA:0,(anonymous_14)
FNDA:0,(anonymous_15)
FNDA:0,(anonymous_16)
FNDA:0,(anonymous_17)
FNDA:0,handler
DA:5,0
DA:6,0
DA:7,0
DA:8,0
DA:10,0
DA:12,0
DA:19,0
DA:20,0
DA:30,0
DA:35,0
DA:40,0
DA:41,0
DA:42,0
DA:45,0
DA:46,0
DA:47,0
DA:51,0
DA:56,0
DA:57,0
DA:58,0
DA:61,0
DA:72,0
DA:73,0
DA:74,0
DA:78,0
DA:79,0
DA:80,0
DA:86,0
DA:87,0
DA:90,0
DA:93,0
DA:94,0
DA:95,0
DA:98,0
DA:99,0
DA:100,0
DA:101,0
DA:102,0
DA:105,0
DA:106,0
DA:109,0
DA:110,0
DA:113,0
DA:114,0
DA:115,0
DA:118,0
DA:121,0
DA:123,0
DA:124,0
DA:126,0
DA:128,0
DA:130,0
DA:131,0
DA:133,0
DA:135,0
DA:136,0
DA:137,0
DA:139,0
DA:140,0
DA:141,0
DA:144,0
DA:145,0
DA:148,0
DA:149,0
DA:150,0
DA:151,0
DA:152,0
DA:155,0
DA:156,0
DA:158,0
DA:159,0
DA:161,0
DA:162,0
DA:164,0
DA:165,0
DA:167,0
DA:168,0
DA:171,0
DA:210,0
DA:216,0
DA:217,0
DA:218,0
DA:221,0
DA:222,0
DA:223,0
DA:226,0
DA:227,0
DA:228,0
DA:231,0
DA:234,0
DA:235,0
DA:237,0
DA:239,0
DA:246,0
DA:247,0
LF:95
LH:0
BRDA:40,0,0,0
BRDA:40,0,1,0
BRDA:46,1,0,0
BRDA:46,1,1,0
BRDA:46,2,0,0
BRDA:46,2,1,0
BRDA:56,3,0,0
BRDA:56,3,1,0
BRDA:61,4,0,0
BRDA:61,4,1,0
BRDA:63,5,0,0
BRDA:63,5,1,0
BRDA:72,6,0,0
BRDA:72,6,1,0
BRDA:73,7,0,0
BRDA:73,7,1,0
BRDA:78,8,0,0
BRDA:78,8,1,0
BRDA:79,9,0,0
BRDA:79,9,1,0
BRDA:114,10,0,0
BRDA:114,10,1,0
BRDA:124,11,0,0
BRDA:124,11,1,0
BRDA:131,12,0,0
BRDA:131,12,1,0
BRDA:136,13,0,0
BRDA:136,13,1,0
BRDA:140,14,0,0
BRDA:140,14,1,0
BRDA:145,15,0,0
BRDA:145,15,1,0
BRDA:148,16,0,0
BRDA:148,16,1,0
BRDA:149,17,0,0
BRDA:149,17,1,0
BRDA:150,18,0,0
BRDA:150,18,1,0
BRDA:151,19,0,0
BRDA:151,19,1,0
BRDA:152,20,0,0
BRDA:152,20,1,0
BRDA:221,21,0,0
BRDA:221,21,1,0
BRDA:226,22,0,0
BRDA:226,22,1,0
BRF:46
BRH:0
end_of_record
