TN:
SF:api/webhook.js
FN:17,sendMessage
FN:49,now
FN:53,formatDate
FN:66,escapeHtml
FN:75,generateAlerts
FN:85,(anonymous_5)
FN:125,(anonymous_6)
FN:126,(anonymous_7)
FN:170,(anonymous_8)
FN:172,(anonymous_9)
FN:173,(anonymous_10)
FN:191,handleFastCommands
FN:240,loadAllData
FN:251,loadBudgets
FN:263,(anonymous_14)
FN:273,saveBudgets
FN:275,(anonymous_16)
FN:292,ensureUncategorizedExists
FN:300,loadExpenses
FN:311,(anonymous_19)
FN:325,saveExpenses
FN:329,(anonymous_21)
FN:348,updateExpense
FN:368,settleAllExpenses
FN:381,loadMembers
FN:392,(anonymous_25)
FN:400,saveMembers
FN:404,(anonymous_27)
FN:418,updateMember
FN:435,deleteMember
FN:448,loadSettlements
FN:459,(anonymous_31)
FN:467,saveSettlements
FN:471,(anonymous_33)
FN:486,updateSettlement
FN:504,resetSettlements
FN:518,ensureUserExists
FN:520,(anonymous_37)
FN:538,(anonymous_38)
FN:573,parseTaggedExpense
FN:577,(anonymous_40)
FN:578,(anonymous_41)
FN:600,(anonymous_42)
FN:658,parseExpenseText
FN:672,(anonymous_44)
FN:682,(anonymous_45)
FN:722,(anonymous_46)
FN:747,parseExpense
FN:765,isRangeUsed
FN:766,(anonymous_49)
FN:781,(anonymous_50)
FN:817,(anonymous_51)
FN:853,(anonymous_52)
FN:854,(anonymous_53)
FN:856,(anonymous_54)
FN:878,(anonymous_55)
FN:896,calculateBudgetProgress
FN:925,(anonymous_57)
FN:930,(anonymous_58)
FN:931,(anonymous_59)
FN:934,(anonymous_60)
FN:935,(anonymous_61)
FN:938,(anonymous_62)
FN:939,(anonymous_63)
FN:961,handler
FN:1020,(anonymous_65)
FN:1022,(anonymous_66)
FN:1035,(anonymous_67)
FN:1081,(anonymous_68)
FN:1134,(anonymous_69)
FN:1171,(anonymous_70)
FN:1222,(anonymous_71)
FN:1239,(anonymous_72)
FN:1254,(anonymous_73)
FN:1294,(anonymous_74)
FN:1309,(anonymous_75)
FN:1348,(anonymous_76)
FN:1350,(anonymous_77)
FN:1351,(anonymous_78)
FN:1356,(anonymous_79)
FN:1357,(anonymous_80)
FN:1386,(anonymous_81)
FN:1400,(anonymous_82)
FN:1404,(anonymous_83)
FN:1411,(anonymous_84)
FN:1418,(anonymous_85)
FN:1426,(anonymous_86)
FN:1447,(anonymous_87)
FN:1448,(anonymous_88)
FN:1458,(anonymous_89)
FN:1461,(anonymous_90)
FN:1490,(anonymous_91)
FN:1523,(anonymous_92)
FN:1542,(anonymous_93)
FN:1573,(anonymous_94)
FN:1612,(anonymous_95)
FN:1627,(anonymous_96)
FN:1634,(anonymous_97)
FN:1658,(anonymous_98)
FN:1659,(anonymous_99)
FN:1667,(anonymous_100)
FN:1676,(anonymous_101)
FN:1807,(anonymous_102)
FN:1824,(anonymous_103)
FN:1831,(anonymous_104)
FN:1846,(anonymous_105)
FN:1847,(anonymous_106)
FN:1849,(anonymous_107)
FN:1850,(anonymous_108)
FN:1852,(anonymous_109)
FN:1853,(anonymous_110)
FN:1884,(anonymous_111)
FN:1907,(anonymous_112)
FN:1914,(anonymous_113)
FN:1919,(anonymous_114)
FN:1925,(anonymous_115)
FN:1927,(anonymous_116)
FN:1932,(anonymous_117)
FN:1938,(anonymous_118)
FN:1941,(anonymous_119)
FN:1955,(anonymous_120)
FN:1963,(anonymous_121)
FN:1969,(anonymous_122)
FN:1972,(anonymous_123)
FN:1974,(anonymous_124)
FN:1993,(anonymous_125)
FN:2007,(anonymous_126)
FN:2010,(anonymous_127)
FN:2017,(anonymous_128)
FN:2018,(anonymous_129)
FN:2029,(anonymous_130)
FN:2061,(anonymous_131)
FN:2078,(anonymous_132)
FN:2084,(anonymous_133)
FN:2085,(anonymous_134)
FN:2087,(anonymous_135)
FN:2088,(anonymous_136)
FN:2090,(anonymous_137)
FN:2091,(anonymous_138)
FN:2095,(anonymous_139)
FN:2099,(anonymous_140)
FN:2130,(anonymous_141)
FN:2131,(anonymous_142)
FN:2133,(anonymous_143)
FN:2134,(anonymous_144)
FN:2136,(anonymous_145)
FN:2137,(anonymous_146)
FN:2139,(anonymous_147)
FN:2143,(anonymous_148)
FNF:149
FNH:0
FNDA:0,sendMessage
FNDA:0,now
FNDA:0,formatDate
FNDA:0,escapeHtml
FNDA:0,generateAlerts
FNDA:0,(anonymous_5)
FNDA:0,(anonymous_6)
FNDA:0,(anonymous_7)
FNDA:0,(anonymous_8)
FNDA:0,(anonymous_9)
FNDA:0,(anonymous_10)
FNDA:0,handleFastCommands
FNDA:0,loadAllData
FNDA:0,loadBudgets
FNDA:0,(anonymous_14)
FNDA:0,saveBudgets
FNDA:0,(anonymous_16)
FNDA:0,ensureUncategorizedExists
FNDA:0,loadExpenses
FNDA:0,(anonymous_19)
FNDA:0,saveExpenses
FNDA:0,(anonymous_21)
FNDA:0,updateExpense
FNDA:0,settleAllExpenses
FNDA:0,loadMembers
FNDA:0,(anonymous_25)
FNDA:0,saveMembers
FNDA:0,(anonymous_27)
FNDA:0,updateMember
FNDA:0,deleteMember
FNDA:0,loadSettlements
FNDA:0,(anonymous_31)
FNDA:0,saveSettlements
FNDA:0,(anonymous_33)
FNDA:0,updateSettlement
FNDA:0,resetSettlements
FNDA:0,ensureUserExists
FNDA:0,(anonymous_37)
FNDA:0,(anonymous_38)
FNDA:0,parseTaggedExpense
FNDA:0,(anonymous_40)
FNDA:0,(anonymous_41)
FNDA:0,(anonymous_42)
FNDA:0,parseExpenseText
FNDA:0,(anonymous_44)
FNDA:0,(anonymous_45)
FNDA:0,(anonymous_46)
FNDA:0,parseExpense
FNDA:0,isRangeUsed
FNDA:0,(anonymous_49)
FNDA:0,(anonymous_50)
FNDA:0,(anonymous_51)
FNDA:0,(anonymous_52)
FNDA:0,(anonymous_53)
FNDA:0,(anonymous_54)
FNDA:0,(anonymous_55)
FNDA:0,calculateBudgetProgress
FNDA:0,(anonymous_57)
FNDA:0,(anonymous_58)
FNDA:0,(anonymous_59)
FNDA:0,(anonymous_60)
FNDA:0,(anonymous_61)
FNDA:0,(anonymous_62)
FNDA:0,(anonymous_63)
FNDA:0,handler
FNDA:0,(anonymous_65)
FNDA:0,(anonymous_66)
FNDA:0,(anonymous_67)
FNDA:0,(anonymous_68)
FNDA:0,(anonymous_69)
FNDA:0,(anonymous_70)
FNDA:0,(anonymous_71)
FNDA:0,(anonymous_72)
FNDA:0,(anonymous_73)
FNDA:0,(anonymous_74)
FNDA:0,(anonymous_75)
FNDA:0,(anonymous_76)
FNDA:0,(anonymous_77)
FNDA:0,(anonymous_78)
FNDA:0,(anonymous_79)
FNDA:0,(anonymous_80)
FNDA:0,(anonymous_81)
FNDA:0,(anonymous_82)
FNDA:0,(anonymous_83)
FNDA:0,(anonymous_84)
FNDA:0,(anonymous_85)
FNDA:0,(anonymous_86)
FNDA:0,(anonymous_87)
FNDA:0,(anonymous_88)
FNDA:0,(anonymous_89)
FNDA:0,(anonymous_90)
FNDA:0,(anonymous_91)
FNDA:0,(anonymous_92)
FNDA:0,(anonymous_93)
FNDA:0,(anonymous_94)
FNDA:0,(anonymous_95)
FNDA:0,(anonymous_96)
FNDA:0,(anonymous_97)
FNDA:0,(anonymous_98)
FNDA:0,(anonymous_99)
FNDA:0,(anonymous_100)
FNDA:0,(anonymous_101)
FNDA:0,(anonymous_102)
FNDA:0,(anonymous_103)
FNDA:0,(anonymous_104)
FNDA:0,(anonymous_105)
FNDA:0,(anonymous_106)
FNDA:0,(anonymous_107)
FNDA:0,(anonymous_108)
FNDA:0,(anonymous_109)
FNDA:0,(anonymous_110)
FNDA:0,(anonymous_111)
FNDA:0,(anonymous_112)
FNDA:0,(anonymous_113)
FNDA:0,(anonymous_114)
FNDA:0,(anonymous_115)
FNDA:0,(anonymous_116)
FNDA:0,(anonymous_117)
FNDA:0,(anonymous_118)
FNDA:0,(anonymous_119)
FNDA:0,(anonymous_120)
FNDA:0,(anonymous_121)
FNDA:0,(anonymous_122)
FNDA:0,(anonymous_123)
FNDA:0,(anonymous_124)
FNDA:0,(anonymous_125)
FNDA:0,(anonymous_126)
FNDA:0,(anonymous_127)
FNDA:0,(anonymous_128)
FNDA:0,(anonymous_129)
FNDA:0,(anonymous_130)
FNDA:0,(anonymous_131)
FNDA:0,(anonymous_132)
FNDA:0,(anonymous_133)
FNDA:0,(anonymous_134)
FNDA:0,(anonymous_135)
FNDA:0,(anonymous_136)
FNDA:0,(anonymous_137)
FNDA:0,(anonymous_138)
FNDA:0,(anonymous_139)
FNDA:0,(anonymous_140)
FNDA:0,(anonymous_141)
FNDA:0,(anonymous_142)
FNDA:0,(anonymous_143)
FNDA:0,(anonymous_144)
FNDA:0,(anonymous_145)
FNDA:0,(anonymous_146)
FNDA:0,(anonymous_147)
FNDA:0,(anonymous_148)
DA:5,0
DA:6,0
DA:7,0
DA:9,0
DA:11,0
DA:18,0
DA:19,0
DA:25,0
DA:26,0
DA:29,0
DA:35,0
DA:37,0
DA:38,0
DA:44,0
DA:50,0
DA:54,0
DA:55,0
DA:56,0
DA:67,0
DA:76,0
DA:77,0
DA:78,0
DA:85,0
DA:88,0
DA:89,0
DA:90,0
DA:91,0
DA:92,0
DA:95,0
DA:96,0
DA:98,0
DA:99,0
DA:100,0
DA:101,0
DA:102,0
DA:103,0
DA:104,0
DA:105,0
DA:106,0
DA:107,0
DA:110,0
DA:111,0
DA:112,0
DA:115,0
DA:116,0
DA:117,0
DA:118,0
DA:120,0
DA:121,0
DA:122,0
DA:124,0
DA:125,0
DA:126,0
DA:128,0
DA:129,0
DA:131,0
DA:133,0
DA:134,0
DA:135,0
DA:136,0
DA:137,0
DA:138,0
DA:140,0
DA:145,0
DA:147,0
DA:148,0
DA:151,0
DA:152,0
DA:155,0
DA:156,0
DA:159,0
DA:160,0
DA:163,0
DA:165,0
DA:166,0
DA:167,0
DA:168,0
DA:170,0
DA:171,0
DA:172,0
DA:173,0
DA:174,0
DA:175,0
DA:177,0
DA:179,0
DA:192,0
DA:194,0
DA:234,0
DA:241,0
DA:248,0
DA:252,0
DA:257,0
DA:258,0
DA:259,0
DA:262,0
DA:263,0
DA:266,0
DA:267,0
DA:270,0
DA:275,0
DA:280,0
DA:281,0
DA:285,0
DA:286,0
DA:287,0
DA:293,0
DA:294,0
DA:295,0
DA:297,0
DA:301,0
DA:306,0
DA:307,0
DA:308,0
DA:311,0
DA:326,0
DA:328,0
DA:329,0
DA:342,0
DA:343,0
DA:344,0
DA:349,0
DA:350,0
DA:351,0
DA:352,0
DA:353,0
DA:354,0
DA:356,0
DA:361,0
DA:362,0
DA:363,0
DA:369,0
DA:375,0
DA:376,0
DA:377,0
DA:382,0
DA:387,0
DA:388,0
DA:389,0
DA:392,0
DA:401,0
DA:403,0
DA:404,0
DA:412,0
DA:413,0
DA:414,0
DA:419,0
DA:420,0
DA:421,0
DA:422,0
DA:424,0
DA:429,0
DA:430,0
DA:431,0
DA:437,0
DA:442,0
DA:443,0
DA:444,0
DA:449,0
DA:454,0
DA:455,0
DA:456,0
DA:459,0
DA:468,0
DA:470,0
DA:471,0
DA:480,0
DA:481,0
DA:482,0
DA:487,0
DA:488,0
DA:489,0
DA:490,0
DA:491,0
DA:492,0
DA:494,0
DA:498,0
DA:499,0
DA:500,0
DA:505,0
DA:510,0
DA:511,0
DA:512,0
DA:519,0
DA:520,0
DA:522,0
DA:525,0
DA:526,0
DA:527,0
DA:529,0
DA:533,0
DA:534,0
DA:537,0
DA:538,0
DA:539,0
DA:540,0
DA:543,0
DA:546,0
DA:555,0
DA:575,0
DA:576,0
DA:577,0
DA:579,0
DA:580,0
DA:587,0
DA:588,0
DA:589,0
DA:593,0
DA:594,0
DA:597,0
DA:600,0
DA:601,0
DA:606,0
DA:608,0
DA:612,0
DA:613,0
DA:615,0
DA:616,0
DA:617,0
DA:618,0
DA:619,0
DA:620,0
DA:623,0
DA:624,0
DA:628,0
DA:635,0
DA:637,0
DA:638,0
DA:641,0
DA:659,0
DA:664,0
DA:665,0
DA:668,0
DA:669,0
DA:670,0
DA:671,0
DA:672,0
DA:673,0
DA:674,0
DA:678,0
DA:679,0
DA:680,0
DA:681,0
DA:682,0
DA:683,0
DA:684,0
DA:688,0
DA:689,0
DA:690,0
DA:691,0
DA:692,0
DA:693,0
DA:697,0
DA:698,0
DA:699,0
DA:700,0
DA:701,0
DA:702,0
DA:706,0
DA:707,0
DA:708,0
DA:709,0
DA:710,0
DA:711,0
DA:715,0
DA:716,0
DA:717,0
DA:718,0
DA:721,0
DA:722,0
DA:725,0
DA:726,0
DA:729,0
DA:730,0
DA:733,0
DA:737,0
DA:738,0
DA:739,0
DA:740,0
DA:743,0
DA:749,0
DA:750,0
DA:754,0
DA:760,0
DA:761,0
DA:762,0
DA:766,0
DA:767,0
DA:775,0
DA:777,0
DA:778,0
DA:779,0
DA:781,0
DA:782,0
DA:783,0
DA:784,0
DA:788,0
DA:790,0
DA:795,0
DA:796,0
DA:797,0
DA:798,0
DA:799,0
DA:800,0
DA:804,0
DA:805,0
DA:811,0
DA:812,0
DA:813,0
DA:814,0
DA:815,0
DA:817,0
DA:818,0
DA:819,0
DA:820,0
DA:824,0
DA:825,0
DA:831,0
DA:832,0
DA:833,0
DA:834,0
DA:835,0
DA:836,0
DA:840,0
DA:841,0
DA:847,0
DA:848,0
DA:849,0
DA:850,0
DA:851,0
DA:853,0
DA:854,0
DA:856,0
DA:857,0
DA:858,0
DA:859,0
DA:860,0
DA:863,0
DA:869,0
DA:870,0
DA:871,0
DA:872,0
DA:874,0
DA:875,0
DA:876,0
DA:878,0
DA:880,0
DA:881,0
DA:885,0
DA:891,0
DA:897,0
DA:898,0
DA:899,0
DA:902,0
DA:903,0
DA:904,0
DA:905,0
DA:906,0
DA:909,0
DA:912,0
DA:913,0
DA:914,0
DA:921,0
DA:924,0
DA:925,0
DA:929,0
DA:930,0
DA:931,0
DA:933,0
DA:934,0
DA:935,0
DA:937,0
DA:938,0
DA:939,0
DA:942,0
DA:943,0
DA:944,0
DA:946,0
DA:962,0
DA:964,0
DA:965,0
DA:969,0
DA:970,0
DA:972,0
DA:973,0
DA:976,0
DA:978,0
DA:979,0
DA:980,0
DA:982,0
DA:983,0
DA:984,0
DA:985,0
DA:988,0
DA:995,0
DA:996,0
DA:1000,0
DA:1003,0
DA:1007,0
DA:1008,0
DA:1009,0
DA:1010,0
DA:1017,0
DA:1020,0
DA:1021,0
DA:1022,0
DA:1024,0
DA:1025,0
DA:1029,0
DA:1034,0
DA:1035,0
DA:1036,0
DA:1037,0
DA:1044,0
DA:1047,0
DA:1048,0
DA:1050,0
DA:1051,0
DA:1057,0
DA:1060,0
DA:1061,0
DA:1068,0
DA:1071,0
DA:1072,0
DA:1074,0
DA:1075,0
DA:1080,0
DA:1081,0
DA:1082,0
DA:1083,0
DA:1090,0
DA:1093,0
DA:1094,0
DA:1096,0
DA:1097,0
DA:1103,0
DA:1106,0
DA:1107,0
DA:1114,0
DA:1117,0
DA:1118,0
DA:1119,0
DA:1121,0
DA:1128,0
DA:1133,0
DA:1134,0
DA:1135,0
DA:1136,0
DA:1143,0
DA:1146,0
DA:1149,0
DA:1150,0
DA:1156,0
DA:1159,0
DA:1160,0
DA:1167,0
DA:1171,0
DA:1173,0
DA:1174,0
DA:1185,0
DA:1189,0
DA:1194,0
DA:1195,0
DA:1196,0
DA:1202,0
DA:1205,0
DA:1206,0
DA:1211,0
DA:1212,0
DA:1213,0
DA:1219,0
DA:1222,0
DA:1223,0
DA:1224,0
DA:1226,0
DA:1227,0
DA:1229,0
DA:1233,0
DA:1238,0
DA:1239,0
DA:1240,0
DA:1241,0
DA:1248,0
DA:1251,0
DA:1252,0
DA:1254,0
DA:1255,0
DA:1261,0
DA:1265,0
DA:1275,0
DA:1284,0
DA:1288,0
DA:1293,0
DA:1294,0
DA:1295,0
DA:1296,0
DA:1303,0
DA:1306,0
DA:1307,0
DA:1309,0
DA:1310,0
DA:1311,0
DA:1318,0
DA:1321,0
DA:1323,0
DA:1330,0
DA:1335,0
DA:1336,0
DA:1337,0
DA:1338,0
DA:1344,0
DA:1348,0
DA:1349,0
DA:1350,0
DA:1351,0
DA:1352,0
DA:1354,0
DA:1355,0
DA:1356,0
DA:1357,0
DA:1358,0
DA:1359,0
DA:1360,0
DA:1362,0
DA:1363,0
DA:1366,0
DA:1367,0
DA:1368,0
DA:1369,0
DA:1374,0
DA:1375,0
DA:1376,0
DA:1382,0
DA:1386,0
DA:1388,0
DA:1389,0
DA:1395,0
DA:1399,0
DA:1400,0
DA:1401,0
DA:1404,0
DA:1405,0
DA:1406,0
DA:1410,0
DA:1411,0
DA:1414,0
DA:1417,0
DA:1418,0
DA:1419,0
DA:1423,0
DA:1424,0
DA:1426,0
DA:1427,0
DA:1428,0
DA:1429,0
DA:1430,0
DA:1434,0
DA:1435,0
DA:1442,0
DA:1446,0
DA:1447,0
DA:1448,0
DA:1450,0
DA:1451,0
DA:1452,0
DA:1453,0
DA:1454,0
DA:1455,0
DA:1458,0
DA:1461,0
DA:1464,0
DA:1468,0
DA:1469,0
DA:1471,0
DA:1472,0
DA:1475,0
DA:1482,0
DA:1483,0
DA:1488,0
DA:1489,0
DA:1490,0
DA:1493,0
DA:1494,0
DA:1500,0
DA:1503,0
DA:1504,0
DA:1511,0
DA:1515,0
DA:1522,0
DA:1523,0
DA:1525,0
DA:1527,0
DA:1530,0
DA:1532,0
DA:1542,0
DA:1543,0
DA:1545,0
DA:1554,0
DA:1559,0
DA:1560,0
DA:1561,0
DA:1562,0
DA:1568,0
DA:1571,0
DA:1572,0
DA:1573,0
DA:1576,0
DA:1577,0
DA:1583,0
DA:1587,0
DA:1589,0
DA:1597,0
DA:1601,0
DA:1602,0
DA:1604,0
DA:1605,0
DA:1609,0
DA:1612,0
DA:1613,0
DA:1614,0
DA:1622,0
DA:1623,0
DA:1624,0
DA:1627,0
DA:1628,0
DA:1634,0
DA:1636,0
DA:1637,0
DA:1639,0
DA:1640,0
DA:1643,0
DA:1644,0
DA:1648,0
DA:1652,0
DA:1653,0
DA:1654,0
DA:1657,0
DA:1658,0
DA:1659,0
DA:1662,0
DA:1663,0
DA:1664,0
DA:1667,0
DA:1668,0
DA:1676,0
DA:1678,0
DA:1679,0
DA:1681,0
DA:1682,0
DA:1684,0
DA:1688,0
DA:1694,0
DA:1696,0
DA:1698,0
DA:1700,0
DA:1703,0
DA:1704,0
DA:1708,0
DA:1712,0
DA:1713,0
DA:1715,0
DA:1717,0
DA:1718,0
DA:1719,0
DA:1721,0
DA:1722,0
DA:1723,0
DA:1725,0
DA:1726,0
DA:1730,0
DA:1744,0
DA:1747,0
DA:1750,0
DA:1757,0
DA:1758,0
DA:1759,0
DA:1760,0
DA:1761,0
DA:1762,0
DA:1763,0
DA:1764,0
DA:1765,0
DA:1766,0
DA:1767,0
DA:1768,0
DA:1769,0
DA:1770,0
DA:1771,0
DA:1772,0
DA:1775,0
DA:1776,0
DA:1777,0
DA:1779,0
DA:1780,0
DA:1784,0
DA:1786,0
DA:1787,0
DA:1788,0
DA:1790,0
DA:1792,0
DA:1793,0
DA:1795,0
DA:1801,0
DA:1802,0
DA:1803,0
DA:1807,0
DA:1819,0
DA:1822,0
DA:1823,0
DA:1824,0
DA:1828,0
DA:1831,0
DA:1832,0
DA:1833,0
DA:1835,0
DA:1836,0
DA:1837,0
DA:1838,0
DA:1839,0
DA:1841,0
DA:1842,0
DA:1843,0
DA:1845,0
DA:1846,0
DA:1847,0
DA:1848,0
DA:1849,0
DA:1850,0
DA:1851,0
DA:1852,0
DA:1853,0
DA:1855,0
DA:1856,0
DA:1857,0
DA:1859,0
DA:1866,0
DA:1867,0
DA:1873,0
DA:1883,0
DA:1884,0
DA:1887,0
DA:1889,0
DA:1890,0
DA:1893,0
DA:1894,0
DA:1897,0
DA:1898,0
DA:1905,0
DA:1907,0
DA:1909,0
DA:1910,0
DA:1911,0
DA:1914,0
DA:1915,0
DA:1918,0
DA:1919,0
DA:1920,0
DA:1921,0
DA:1925,0
DA:1927,0
DA:1931,0
DA:1932,0
DA:1933,0
DA:1934,0
DA:1937,0
DA:1938,0
DA:1941,0
DA:1942,0
DA:1943,0
DA:1945,0
DA:1949,0
DA:1953,0
DA:1955,0
DA:1957,0
DA:1958,0
DA:1959,0
DA:1962,0
DA:1963,0
DA:1964,0
DA:1965,0
DA:1968,0
DA:1969,0
DA:1972,0
DA:1974,0
DA:1977,0
DA:1978,0
DA:1981,0
DA:1982,0
DA:1986,0
DA:1987,0
DA:1988,0
DA:1989,0
DA:1990,0
DA:1993,0
DA:1994,0
DA:1995,0
DA:1996,0
DA:2002,0
DA:2003,0
DA:2004,0
DA:2007,0
DA:2008,0
DA:2010,0
DA:2011,0
DA:2012,0
DA:2015,0
DA:2016,0
DA:2017,0
DA:2018,0
DA:2020,0
DA:2024,0
DA:2028,0
DA:2029,0
DA:2031,0
DA:2032,0
DA:2033,0
DA:2037,0
DA:2038,0
DA:2039,0
DA:2043,0
DA:2047,0
DA:2051,0
DA:2052,0
DA:2053,0
DA:2054,0
DA:2058,0
DA:2061,0
DA:2062,0
DA:2063,0
DA:2064,0
DA:2065,0
DA:2066,0
DA:2069,0
DA:2070,0
DA:2071,0
DA:2074,0
DA:2075,0
DA:2078,0
DA:2079,0
DA:2080,0
DA:2083,0
DA:2084,0
DA:2085,0
DA:2086,0
DA:2087,0
DA:2088,0
DA:2089,0
DA:2090,0
DA:2091,0
DA:2094,0
DA:2096,0
DA:2097,0
DA:2099,0
DA:2101,0
DA:2102,0
DA:2103,0
DA:2104,0
DA:2107,0
DA:2123,0
DA:2124,0
DA:2125,0
DA:2126,0
DA:2127,0
DA:2129,0
DA:2130,0
DA:2131,0
DA:2132,0
DA:2133,0
DA:2134,0
DA:2135,0
DA:2136,0
DA:2137,0
DA:2138,0
DA:2140,0
DA:2141,0
DA:2143,0
DA:2145,0
DA:2146,0
DA:2147,0
DA:2148,0
DA:2150,0
DA:2160,0
DA:2161,0
DA:2162,0
DA:2166,0
DA:2167,0
DA:2168,0
DA:2169,0
DA:2173,0
DA:2176,0
DA:2179,0
LF:890
LH:0
BRDA:17,0,0,0
BRDA:25,1,0,0
BRDA:25,1,1,0
BRDA:54,2,0,0
BRDA:54,2,1,0
BRDA:75,3,0,0
BRDA:77,4,0,0
BRDA:77,4,1,0
BRDA:98,5,0,0
BRDA:98,5,1,0
BRDA:102,6,0,0
BRDA:102,6,1,0
BRDA:104,7,0,0
BRDA:104,7,1,0
BRDA:125,8,0,0
BRDA:125,8,1,0
BRDA:128,9,0,0
BRDA:128,9,1,0
BRDA:133,10,0,0
BRDA:133,10,1,0
BRDA:135,11,0,0
BRDA:135,11,1,0
BRDA:137,12,0,0
BRDA:137,12,1,0
BRDA:147,13,0,0
BRDA:147,13,1,0
BRDA:151,14,0,0
BRDA:151,14,1,0
BRDA:155,15,0,0
BRDA:155,15,1,0
BRDA:159,16,0,0
BRDA:159,16,1,0
BRDA:163,17,0,0
BRDA:163,17,1,0
BRDA:166,18,0,0
BRDA:166,18,1,0
BRDA:167,19,0,0
BRDA:167,19,1,0
BRDA:168,20,0,0
BRDA:168,20,1,0
BRDA:175,21,0,0
BRDA:175,21,1,0
BRDA:192,22,0,0
BRDA:192,22,1,0
BRDA:192,23,0,0
BRDA:192,23,1,0
BRDA:257,24,0,0
BRDA:257,24,1,0
BRDA:263,25,0,0
BRDA:263,25,1,0
BRDA:263,26,0,0
BRDA:263,26,1,0
BRDA:266,27,0,0
BRDA:266,27,1,0
BRDA:280,28,0,0
BRDA:280,28,1,0
BRDA:285,29,0,0
BRDA:285,29,1,0
BRDA:293,30,0,0
BRDA:293,30,1,0
BRDA:306,31,0,0
BRDA:306,31,1,0
BRDA:311,32,0,0
BRDA:311,32,1,0
BRDA:315,33,0,0
BRDA:315,33,1,0
BRDA:326,34,0,0
BRDA:326,34,1,0
BRDA:336,35,0,0
BRDA:336,35,1,0
BRDA:337,36,0,0
BRDA:337,36,1,0
BRDA:342,37,0,0
BRDA:342,37,1,0
BRDA:350,38,0,0
BRDA:350,38,1,0
BRDA:351,39,0,0
BRDA:351,39,1,0
BRDA:352,40,0,0
BRDA:352,40,1,0
BRDA:353,41,0,0
BRDA:353,41,1,0
BRDA:354,42,0,0
BRDA:354,42,1,0
BRDA:361,43,0,0
BRDA:361,43,1,0
BRDA:375,44,0,0
BRDA:375,44,1,0
BRDA:387,45,0,0
BRDA:387,45,1,0
BRDA:392,46,0,0
BRDA:392,46,1,0
BRDA:401,47,0,0
BRDA:401,47,1,0
BRDA:412,48,0,0
BRDA:412,48,1,0
BRDA:420,49,0,0
BRDA:420,49,1,0
BRDA:421,50,0,0
BRDA:421,50,1,0
BRDA:422,51,0,0
BRDA:422,51,1,0
BRDA:429,52,0,0
BRDA:429,52,1,0
BRDA:442,53,0,0
BRDA:442,53,1,0
BRDA:454,54,0,0
BRDA:454,54,1,0
BRDA:459,55,0,0
BRDA:459,55,1,0
BRDA:468,56,0,0
BRDA:468,56,1,0
BRDA:480,57,0,0
BRDA:480,57,1,0
BRDA:488,58,0,0
BRDA:488,58,1,0
BRDA:489,59,0,0
BRDA:489,59,1,0
BRDA:491,60,0,0
BRDA:491,60,1,0
BRDA:498,61,0,0
BRDA:498,61,1,0
BRDA:510,62,0,0
BRDA:510,62,1,0
BRDA:522,63,0,0
BRDA:522,63,1,0
BRDA:525,64,0,0
BRDA:525,64,1,0
BRDA:526,65,0,0
BRDA:526,65,1,0
BRDA:533,66,0,0
BRDA:533,66,1,0
BRDA:533,66,2,0
BRDA:575,67,0,0
BRDA:575,67,1,0
BRDA:577,68,0,0
BRDA:577,68,1,0
BRDA:579,69,0,0
BRDA:579,69,1,0
BRDA:581,70,0,0
BRDA:581,70,1,0
BRDA:593,71,0,0
BRDA:593,71,1,0
BRDA:601,72,0,0
BRDA:601,72,1,0
BRDA:601,72,2,0
BRDA:606,73,0,0
BRDA:606,73,1,0
BRDA:615,74,0,0
BRDA:615,74,1,0
BRDA:615,75,0,0
BRDA:615,75,1,0
BRDA:617,76,0,0
BRDA:617,76,1,0
BRDA:617,77,0,0
BRDA:617,77,1,0
BRDA:619,78,0,0
BRDA:619,78,1,0
BRDA:619,79,0,0
BRDA:619,79,1,0
BRDA:623,80,0,0
BRDA:623,80,1,0
BRDA:637,81,0,0
BRDA:637,81,1,0
BRDA:637,82,0,0
BRDA:637,82,1,0
BRDA:643,83,0,0
BRDA:643,83,1,0
BRDA:670,84,0,0
BRDA:670,84,1,0
BRDA:680,85,0,0
BRDA:680,85,1,0
BRDA:690,86,0,0
BRDA:690,86,1,0
BRDA:699,87,0,0
BRDA:699,87,1,0
BRDA:708,88,0,0
BRDA:708,88,1,0
BRDA:717,89,0,0
BRDA:717,89,1,0
BRDA:725,90,0,0
BRDA:725,90,1,0
BRDA:725,91,0,0
BRDA:725,91,1,0
BRDA:729,92,0,0
BRDA:729,92,1,0
BRDA:729,93,0,0
BRDA:729,93,1,0
BRDA:738,94,0,0
BRDA:738,94,1,0
BRDA:749,95,0,0
BRDA:749,95,1,0
BRDA:767,96,0,0
BRDA:767,96,1,0
BRDA:767,96,2,0
BRDA:767,96,3,0
BRDA:767,96,4,0
BRDA:767,96,5,0
BRDA:783,97,0,0
BRDA:783,97,1,0
BRDA:797,98,0,0
BRDA:797,98,1,0
BRDA:799,99,0,0
BRDA:799,99,1,0
BRDA:813,100,0,0
BRDA:813,100,1,0
BRDA:819,101,0,0
BRDA:819,101,1,0
BRDA:833,102,0,0
BRDA:833,102,1,0
BRDA:835,103,0,0
BRDA:835,103,1,0
BRDA:849,104,0,0
BRDA:849,104,1,0
BRDA:858,105,0,0
BRDA:858,105,1,0
BRDA:874,106,0,0
BRDA:874,106,1,0
BRDA:874,107,0,0
BRDA:874,107,1,0
BRDA:875,108,0,0
BRDA:875,108,1,0
BRDA:880,109,0,0
BRDA:880,109,1,0
BRDA:880,110,0,0
BRDA:880,110,1,0
BRDA:897,111,0,0
BRDA:897,111,1,0
BRDA:913,112,0,0
BRDA:913,112,1,0
BRDA:925,113,0,0
BRDA:925,113,1,0
BRDA:942,114,0,0
BRDA:942,114,1,0
BRDA:943,115,0,0
BRDA:943,115,1,0
BRDA:944,116,0,0
BRDA:944,116,1,0
BRDA:964,117,0,0
BRDA:964,117,1,0
BRDA:972,118,0,0
BRDA:972,118,1,0
BRDA:972,119,0,0
BRDA:972,119,1,0
BRDA:979,120,0,0
BRDA:979,120,1,0
BRDA:983,121,0,0
BRDA:983,121,1,0
BRDA:984,122,0,0
BRDA:984,122,1,0
BRDA:995,123,0,0
BRDA:995,123,1,0
BRDA:1007,124,0,0
BRDA:1007,124,1,0
BRDA:1009,125,0,0
BRDA:1009,125,1,0
BRDA:1034,126,0,0
BRDA:1034,126,1,0
BRDA:1036,127,0,0
BRDA:1036,127,1,0
BRDA:1050,128,0,0
BRDA:1050,128,1,0
BRDA:1050,129,0,0
BRDA:1050,129,1,0
BRDA:1060,130,0,0
BRDA:1060,130,1,0
BRDA:1080,131,0,0
BRDA:1080,131,1,0
BRDA:1082,132,0,0
BRDA:1082,132,1,0
BRDA:1096,133,0,0
BRDA:1096,133,1,0
BRDA:1096,134,0,0
BRDA:1096,134,1,0
BRDA:1106,135,0,0
BRDA:1106,135,1,0
BRDA:1133,136,0,0
BRDA:1133,136,1,0
BRDA:1135,137,0,0
BRDA:1135,137,1,0
BRDA:1149,138,0,0
BRDA:1149,138,1,0
BRDA:1159,139,0,0
BRDA:1159,139,1,0
BRDA:1173,140,0,0
BRDA:1173,140,1,0
BRDA:1194,141,0,0
BRDA:1194,141,1,0
BRDA:1211,142,0,0
BRDA:1211,142,1,0
BRDA:1212,143,0,0
BRDA:1212,143,1,0
BRDA:1223,144,0,0
BRDA:1223,144,1,0
BRDA:1223,144,2,0
BRDA:1238,145,0,0
BRDA:1238,145,1,0
BRDA:1240,146,0,0
BRDA:1240,146,1,0
BRDA:1254,147,0,0
BRDA:1254,147,1,0
BRDA:1293,148,0,0
BRDA:1293,148,1,0
BRDA:1295,149,0,0
BRDA:1295,149,1,0
BRDA:1310,150,0,0
BRDA:1310,150,1,0
BRDA:1335,151,0,0
BRDA:1335,151,1,0
BRDA:1337,152,0,0
BRDA:1337,152,1,0
BRDA:1360,153,0,0
BRDA:1360,153,1,0
BRDA:1362,154,0,0
BRDA:1362,154,1,0
BRDA:1366,155,0,0
BRDA:1366,155,1,0
BRDA:1374,156,0,0
BRDA:1374,156,1,0
BRDA:1375,157,0,0
BRDA:1375,157,1,0
BRDA:1386,158,0,0
BRDA:1386,158,1,0
BRDA:1388,159,0,0
BRDA:1388,159,1,0
BRDA:1405,160,0,0
BRDA:1405,160,1,0
BRDA:1427,161,0,0
BRDA:1427,161,1,0
BRDA:1429,162,0,0
BRDA:1429,162,1,0
BRDA:1434,163,0,0
BRDA:1434,163,1,0
BRDA:1434,164,0,0
BRDA:1434,164,1,0
BRDA:1452,165,0,0
BRDA:1452,165,1,0
BRDA:1458,166,0,0
BRDA:1458,166,1,0
BRDA:1461,167,0,0
BRDA:1461,167,1,0
BRDA:1471,168,0,0
BRDA:1471,168,1,0
BRDA:1472,169,0,0
BRDA:1472,169,1,0
BRDA:1488,170,0,0
BRDA:1488,170,1,0
BRDA:1493,171,0,0
BRDA:1493,171,1,0
BRDA:1503,172,0,0
BRDA:1503,172,1,0
BRDA:1525,173,0,0
BRDA:1525,173,1,0
BRDA:1559,174,0,0
BRDA:1559,174,1,0
BRDA:1561,175,0,0
BRDA:1561,175,1,0
BRDA:1561,176,0,0
BRDA:1561,176,1,0
BRDA:1573,177,0,0
BRDA:1573,177,1,0
BRDA:1576,178,0,0
BRDA:1576,178,1,0
BRDA:1601,179,0,0
BRDA:1601,179,1,0
BRDA:1604,180,0,0
BRDA:1604,180,1,0
BRDA:1613,181,0,0
BRDA:1613,181,1,0
BRDA:1615,182,0,0
BRDA:1615,182,1,0
BRDA:1615,182,2,0
BRDA:1615,182,3,0
BRDA:1615,182,4,0
BRDA:1622,183,0,0
BRDA:1622,183,1,0
BRDA:1634,184,0,0
BRDA:1634,184,1,0
BRDA:1636,185,0,0
BRDA:1636,185,1,0
BRDA:1643,186,0,0
BRDA:1643,186,1,0
BRDA:1652,187,0,0
BRDA:1652,187,1,0
BRDA:1654,188,0,0
BRDA:1654,188,1,0
BRDA:1662,189,0,0
BRDA:1662,189,1,0
BRDA:1676,190,0,0
BRDA:1676,190,1,0
BRDA:1678,191,0,0
BRDA:1678,191,1,0
BRDA:1694,192,0,0
BRDA:1694,192,1,0
BRDA:1698,193,0,0
BRDA:1698,193,1,0
BRDA:1703,194,0,0
BRDA:1703,194,1,0
BRDA:1703,195,0,0
BRDA:1703,195,1,0
BRDA:1715,196,0,0
BRDA:1715,196,1,0
BRDA:1719,197,0,0
BRDA:1719,197,1,0
BRDA:1723,198,0,0
BRDA:1723,198,1,0
BRDA:1731,199,0,0
BRDA:1731,199,1,0
BRDA:1735,200,0,0
BRDA:1735,200,1,0
BRDA:1758,201,0,0
BRDA:1758,201,1,0
BRDA:1759,202,0,0
BRDA:1759,202,1,0
BRDA:1762,203,0,0
BRDA:1762,203,1,0
BRDA:1763,204,0,0
BRDA:1763,204,1,0
BRDA:1766,205,0,0
BRDA:1766,205,1,0
BRDA:1768,206,0,0
BRDA:1768,206,1,0
BRDA:1771,207,0,0
BRDA:1771,207,1,0
BRDA:1786,208,0,0
BRDA:1786,208,1,0
BRDA:1792,209,0,0
BRDA:1792,209,1,0
BRDA:1792,210,0,0
BRDA:1792,210,1,0
BRDA:1801,211,0,0
BRDA:1801,211,1,0
BRDA:1842,212,0,0
BRDA:1842,212,1,0
BRDA:1846,213,0,0
BRDA:1846,213,1,0
BRDA:1849,214,0,0
BRDA:1849,214,1,0
BRDA:1852,215,0,0
BRDA:1852,215,1,0
BRDA:1855,216,0,0
BRDA:1855,216,1,0
BRDA:1856,217,0,0
BRDA:1856,217,1,0
BRDA:1857,218,0,0
BRDA:1857,218,1,0
BRDA:1889,219,0,0
BRDA:1889,219,1,0
BRDA:1893,220,0,0
BRDA:1893,220,1,0
BRDA:1905,221,0,0
BRDA:1905,221,1,0
BRDA:1909,222,0,0
BRDA:1909,222,1,0
BRDA:1920,223,0,0
BRDA:1920,223,1,0
BRDA:1927,224,0,0
BRDA:1927,224,1,0
BRDA:1933,225,0,0
BRDA:1933,225,1,0
BRDA:1943,226,0,0
BRDA:1943,226,1,0
BRDA:1953,227,0,0
BRDA:1953,227,1,0
BRDA:1957,228,0,0
BRDA:1957,228,1,0
BRDA:1964,229,0,0
BRDA:1964,229,1,0
BRDA:1974,230,0,0
BRDA:1974,230,1,0
BRDA:1977,231,0,0
BRDA:1977,231,1,0
BRDA:1977,232,0,0
BRDA:1977,232,1,0
BRDA:1977,233,0,0
BRDA:1977,233,1,0
BRDA:1986,234,0,0
BRDA:1986,234,1,0
BRDA:1994,235,0,0
BRDA:1994,235,1,0
BRDA:1997,236,0,0
BRDA:1997,236,1,0
BRDA:2002,237,0,0
BRDA:2002,237,1,0
BRDA:2011,238,0,0
BRDA:2011,238,1,0
BRDA:2028,239,0,0
BRDA:2028,239,1,0
BRDA:2031,240,0,0
BRDA:2031,240,1,0
BRDA:2038,241,0,0
BRDA:2038,241,1,0
BRDA:2051,242,0,0
BRDA:2051,242,1,0
BRDA:2053,243,0,0
BRDA:2053,243,1,0
BRDA:2070,244,0,0
BRDA:2070,244,1,0
BRDA:2097,245,0,0
BRDA:2097,245,1,0
BRDA:2101,246,0,0
BRDA:2101,246,1,0
BRDA:2102,247,0,0
BRDA:2102,247,1,0
BRDA:2103,248,0,0
BRDA:2103,248,1,0
BRDA:2104,249,0,0
BRDA:2104,249,1,0
BRDA:2130,250,0,0
BRDA:2130,250,1,0
BRDA:2133,251,0,0
BRDA:2133,251,1,0
BRDA:2136,252,0,0
BRDA:2136,252,1,0
BRDA:2141,253,0,0
BRDA:2141,253,1,0
BRDA:2141,253,2,0
BRDA:2145,254,0,0
BRDA:2145,254,1,0
BRDA:2146,255,0,0
BRDA:2146,255,1,0
BRDA:2147,256,0,0
BRDA:2147,256,1,0
BRDA:2148,257,0,0
BRDA:2148,257,1,0
BRDA:2166,258,0,0
BRDA:2166,258,1,0
BRF:527
BRH:0
end_of_record
TN:
SF:api/cron/daily-summary.js
FN:18,sendMessage
FN:34,loadBudgets
FN:46,(anonymous_2)
FN:50,loadExpenses
FN:61,(anonymous_4)
FN:71,getStatusEmoji
FN:77,getStatusText
FN:85,generateDailySummary
FN:90,(anonymous_8)
FN:93,(anonymous_9)
FN:122,(anonymous_10)
FN:126,(anonymous_11)
FN:129,(anonymous_12)
FN:133,(anonymous_13)
FN:136,(anonymous_14)
FN:137,(anonymous_15)
FN:140,(anonymous_16)
FN:141,(anonymous_17)
FN:215,handler
FNF:19
FNH:0
FNDA:0,sendMessage
FNDA:0,loadBudgets
FNDA:0,(anonymous_2)
FNDA:0,loadExpenses
FNDA:0,(anonymous_4)
FNDA:0,getStatusEmoji
FNDA:0,getStatusText
FNDA:0,generateDailySummary
FNDA:0,(anonymous_8)
FNDA:0,(anonymous_9)
FNDA:0,(anonymous_10)
FNDA:0,(anonymous_11)
FNDA:0,(anonymous_12)
FNDA:0,(anonymous_13)
FNDA:0,(anonymous_14)
FNDA:0,(anonymous_15)
FNDA:0,(anonymous_16)
FNDA:0,(anonymous_17)
FNDA:0,handler
DA:5,0
DA:6,0
DA:7,0
DA:8,0
DA:10,0
DA:12,0
DA:19,0
DA:20,0
DA:30,0
DA:35,0
DA:40,0
DA:41,0
DA:42,0
DA:45,0
DA:46,0
DA:47,0
DA:51,0
DA:56,0
DA:57,0
DA:58,0
DA:61,0
DA:72,0
DA:73,0
DA:74,0
DA:78,0
DA:79,0
DA:80,0
DA:86,0
DA:87,0
DA:90,0
DA:93,0
DA:94,0
DA:95,0
DA:98,0
DA:99,0
DA:100,0
DA:101,0
DA:102,0
DA:105,0
DA:106,0
DA:109,0
DA:110,0
DA:113,0
DA:114,0
DA:115,0
DA:118,0
DA:121,0
DA:123,0
DA:124,0
DA:126,0
DA:128,0
DA:130,0
DA:131,0
DA:133,0
DA:135,0
DA:136,0
DA:137,0
DA:139,0
DA:140,0
DA:141,0
DA:144,0
DA:145,0
DA:148,0
DA:149,0
DA:150,0
DA:151,0
DA:152,0
DA:155,0
DA:156,0
DA:158,0
DA:159,0
DA:161,0
DA:162,0
DA:164,0
DA:165,0
DA:167,0
DA:168,0
DA:171,0
DA:210,0
DA:216,0
DA:217,0
DA:218,0
DA:221,0
DA:222,0
DA:223,0
DA:226,0
DA:227,0
DA:228,0
DA:231,0
DA:234,0
DA:235,0
DA:237,0
DA:239,0
DA:246,0
DA:247,0
LF:95
LH:0
BRDA:40,0,0,0
BRDA:40,0,1,0
BRDA:46,1,0,0
BRDA:46,1,1,0
BRDA:46,2,0,0
BRDA:46,2,1,0
BRDA:56,3,0,0
BRDA:56,3,1,0
BRDA:61,4,0,0
BRDA:61,4,1,0
BRDA:63,5,0,0
BRDA:63,5,1,0
BRDA:72,6,0,0
BRDA:72,6,1,0
BRDA:73,7,0,0
BRDA:73,7,1,0
BRDA:78,8,0,0
BRDA:78,8,1,0
BRDA:79,9,0,0
BRDA:79,9,1,0
BRDA:114,10,0,0
BRDA:114,10,1,0
BRDA:124,11,0,0
BRDA:124,11,1,0
BRDA:131,12,0,0
BRDA:131,12,1,0
BRDA:136,13,0,0
BRDA:136,13,1,0
BRDA:140,14,0,0
BRDA:140,14,1,0
BRDA:145,15,0,0
BRDA:145,15,1,0
BRDA:148,16,0,0
BRDA:148,16,1,0
BRDA:149,17,0,0
BRDA:149,17,1,0
BRDA:150,18,0,0
BRDA:150,18,1,0
BRDA:151,19,0,0
BRDA:151,19,1,0
BRDA:152,20,0,0
BRDA:152,20,1,0
BRDA:221,21,0,0
BRDA:221,21,1,0
BRDA:226,22,0,0
BRDA:226,22,1,0
BRF:46
BRH:0
end_of_record
